<?xml version="1.0" encoding="UTF-8"?>
<testsuites name="Selecting How to Start the Free Account - Visible and Silent" time="289.644" tests="8" failures="1" errors="0">
   <testsuite name="Selecting How to Start the Free Account - Visible and Silent" tests="8" failures="1" errors="0" time="289.644" timestamp="2020-03-19 10:32:46" hostname="payalchoksey - payals-air" id="Test Suites/TD2/Registration and Onboarding/Selecting How to Start the Free Account - Visible and Silent">
      <properties>
         <property name="deviceName" value=""/>
         <property name="devicePlatform" value=""/>
         <property name="logFolder" value="/Users/payalchoksey/Desktop/TD2 - Till CC/Reports/20200319_103242/TD2/Registration and Onboarding/Selecting How to Start the Free Account - Visible and Silent/20200319_103242"/>
         <property name="logFiles" value="/Users/payalchoksey/Desktop/TD2 - Till CC/Reports/20200319_103242/TD2/Registration and Onboarding/Selecting How to Start the Free Account - Visible and Silent/20200319_103242/execution0.log"/>
         <property name="attachments" value="/Users/payalchoksey/Desktop/TD2 - Till CC/Reports/20200319_103242/TD2/Registration and Onboarding/Selecting How to Start the Free Account - Visible and Silent/20200319_103242/1584594375548.png"/>
         <property name="hostName" value="payalchoksey - payals-air"/>
         <property name="os" value="Mac OS X 64bit"/>
         <property name="katalonVersion" value="7.2.1.1"/>
         <property name="browser" value="Chrome 80.0.3987.149"/>
         <property name="hostAddress" value="192.168.1.7"/>
         <property name="sessionId" value="fbc70b32464805a6df167383194381fb"/>
         <property name="seleniumVersion" value="3.141.59"/>
         <property name="proxyInformation" value="ProxyInformation{proxyOption=NO_PROXY, proxyServerType=HTTP, password=, proxyServerAddress=, proxyServerPort=0, executionList=}"/>
         <property name="platform" value="Mac OS X"/>
      </properties>
      <testcase name="Test Cases/TD2/General/Opening Browser" time="12.862" classname="Test Cases/TD2/General/Opening Browser" status="PASSED">
         <system-out><![CDATA[2020-03-19 10:32:47 - [TEST_CASE][PASSED] - Test Cases/TD2/General/Opening Browser: Test Cases/TD2/General/Opening Browser

2020-03-19 10:32:47 - [TEST_STEP][PASSED] - openBrowser(""): Browser is opened with url: ''

2020-03-19 10:32:47 - [MESSAGE][INFO] - Starting 'Chrome' driver

2020-03-19 10:32:48 - [MESSAGE][INFO] - Action delay is set to 0 seconds

2020-03-19 10:32:52 - [MESSAGE][PASSED] - Browser is opened with url: ''

2020-03-19 10:32:52 - [TEST_STEP][PASSED] - navigateToUrl("https://2a.timedoctor.com"): Navigate to 'https://2a.timedoctor.com' successfully

2020-03-19 10:32:59 - [MESSAGE][PASSED] - Navigate to 'https://2a.timedoctor.com' successfully

2020-03-19 10:32:59 - [TEST_STEP][PASSED] - maximizeWindow(): Current window maximized

2020-03-19 10:32:59 - [MESSAGE][PASSED] - Current window maximized]]></system-out>
         <system-err><![CDATA[]]></system-err>
      </testcase>
      <testcase name="Test Cases/TD2/Signup and OnBoarding/Registration With Different Options for Questions Asked/Questions - Yes - Yes - Yes" time="48.886" classname="Test Cases/TD2/Signup and OnBoarding/Registration With Different Options for Questions Asked/Questions - Yes - Yes - Yes" status="PASSED">
         <system-out><![CDATA[2020-03-19 10:32:59 - [TEST_CASE][PASSED] - Test Cases/TD2/Signup and OnBoarding/Registration With Different Options for Questions Asked/Questions - Yes - Yes - Yes: Test Cases/TD2/Signup and OnBoarding/Registration With Different Options for Questions Asked/Questions - Yes - Yes - Yes

2020-03-19 10:33:00 - [TEST_STEP][NOT_RUN] - openBrowser(""): NOT_RUN: openBrowser("")

2020-03-19 10:33:00 - [MESSAGE][NOT_RUN] - NOT_RUN: openBrowser("")

2020-03-19 10:33:00 - [TEST_STEP][NOT_RUN] - maximizeWindow(): NOT_RUN: maximizeWindow()

2020-03-19 10:33:00 - [MESSAGE][NOT_RUN] - NOT_RUN: maximizeWindow()

2020-03-19 10:33:00 - [TEST_STEP][NOT_RUN] - navigateToUrl("www.timedoctor.com"): NOT_RUN: navigateToUrl("www.timedoctor.com")

2020-03-19 10:33:00 - [MESSAGE][NOT_RUN] - NOT_RUN: navigateToUrl("www.timedoctor.com")

2020-03-19 10:33:00 - [TEST_STEP][PASSED] - click(findTestObject("TD2/Registration and Onboarding/Page_Registration/Register Button")): Object: 'Object Repository/TD2/Registration and Onboarding/Page_Registration/Register Button' is clicked on

2020-03-19 10:33:07 - [MESSAGE][PASSED] - Object: 'Object Repository/TD2/Registration and Onboarding/Page_Registration/Register Button' is clicked on

2020-03-19 10:33:07 - [TEST_STEP][NOT_RUN] - if (verifyElementPresent(findTestObject("TD2/Registration and Onboarding/Page_Registration/WebsiteVersion"), 10, OPTIONAL)): NOT_RUN: if (verifyElementPresent(findTestObject("TD2/Registration and Onboarding/Page_Registration/WebsiteVersion"), 10, OPTIONAL))

2020-03-19 10:33:07 - [MESSAGE][NOT_RUN] - NOT_RUN: if (verifyElementPresent(findTestObject("TD2/Registration and Onboarding/Page_Registration/WebsiteVersion"), 10, OPTIONAL))

2020-03-19 10:33:07 - [TEST_STEP][PASSED] - if (verifyElementPresent(findTestObject("TD2/Registration and Onboarding/Page_Registration/ButtonYes"), 10, OPTIONAL)): null

2020-03-19 10:33:08 - [MESSAGE][PASSED] - Object 'Object Repository/TD2/Registration and Onboarding/Page_Registration/ButtonYes' is present

2020-03-19 10:33:08 - [TEST_STEP][PASSED] - click(findTestObject("TD2/Registration and Onboarding/Page_Registration/ButtonYes")): Object: 'Object Repository/TD2/Registration and Onboarding/Page_Registration/ButtonYes' is clicked on

2020-03-19 10:33:08 - [MESSAGE][PASSED] - Object: 'Object Repository/TD2/Registration and Onboarding/Page_Registration/ButtonYes' is clicked on

2020-03-19 10:33:08 - [TEST_STEP][PASSED] - click(findTestObject("TD2/Registration and Onboarding/Page_Registration/ButtonYes2")): Object: 'Object Repository/TD2/Registration and Onboarding/Page_Registration/ButtonYes2' is clicked on

2020-03-19 10:33:09 - [MESSAGE][PASSED] - Object: 'Object Repository/TD2/Registration and Onboarding/Page_Registration/ButtonYes2' is clicked on

2020-03-19 10:33:09 - [TEST_STEP][PASSED] - click(findTestObject("TD2/Registration and Onboarding/Page_Registration/ButtonYes3")): Object: 'Object Repository/TD2/Registration and Onboarding/Page_Registration/ButtonYes3' is clicked on

2020-03-19 10:33:11 - [MESSAGE][PASSED] - Object: 'Object Repository/TD2/Registration and Onboarding/Page_Registration/ButtonYes3' is clicked on

2020-03-19 10:33:11 - [TEST_STEP][PASSED] - click(findTestObject("TD2/Registration and Onboarding/Page_Registration/RadioAccountOption")): Object: 'Object Repository/TD2/Registration and Onboarding/Page_Registration/RadioAccountOption' is clicked on

2020-03-19 10:33:11 - [MESSAGE][PASSED] - Object: 'Object Repository/TD2/Registration and Onboarding/Page_Registration/RadioAccountOption' is clicked on

2020-03-19 10:33:11 - [TEST_STEP][NOT_RUN] - click(findTestObject("TD2/Registration and Onboarding/Page_Onboarding/RadioButtonVisible")): NOT_RUN: click(findTestObject("TD2/Registration and Onboarding/Page_Onboarding/RadioButtonVisible"))

2020-03-19 10:33:11 - [MESSAGE][NOT_RUN] - NOT_RUN: click(findTestObject("TD2/Registration and Onboarding/Page_Onboarding/RadioButtonVisible"))

2020-03-19 10:33:11 - [TEST_STEP][PASSED] - click(findTestObject("TD2/Registration and Onboarding/Page_Registration/ButtonContinue")): Object: 'Object Repository/TD2/Registration and Onboarding/Page_Registration/ButtonContinue' is clicked on

2020-03-19 10:33:12 - [MESSAGE][PASSED] - Object: 'Object Repository/TD2/Registration and Onboarding/Page_Registration/ButtonContinue' is clicked on

2020-03-19 10:33:12 - [TEST_STEP][PASSED] - setText(findTestObject("TD2/Registration and Onboarding/Page_Registration/InputName"), "Payal"): Text 'Payal' is set on object 'Object Repository/TD2/Registration and Onboarding/Page_Registration/InputName'

2020-03-19 10:33:12 - [MESSAGE][PASSED] - Text 'Payal' is set on object 'Object Repository/TD2/Registration and Onboarding/Page_Registration/InputName'

2020-03-19 10:33:12 - [TEST_STEP][PASSED] - driver = getWebDriver(): null

2020-03-19 10:33:12 - [TEST_STEP][PASSED] - emailAddress = "payal+" + getDateTime() + "@timedoctor.com": null

2020-03-19 10:33:12 - [TEST_STEP][PASSED] - nowDateTime = new java.text.SimpleDateFormat(yyMMddHHmmss): null

2020-03-19 10:33:12 - [TEST_STEP][PASSED] - now = new java.util.Date(): null

2020-03-19 10:33:12 - [TEST_STEP][PASSED] - strDate = nowDateTime.format(now): null

2020-03-19 10:33:12 - [TEST_STEP][PASSED] - return strDate: Object: 'Object Repository/TD2/Registration and Onboarding/Page_Onboarding/ButtonLogout' is clicked on

2020-03-19 10:33:12 - [TEST_STEP][PASSED] - waitForElementVisible(findTestObject("TD2/Registration and Onboarding/Page_Registration/InputCompanyEmail"), 10): Object 'Object Repository/TD2/Registration and Onboarding/Page_Registration/InputCompanyEmail' is visible

2020-03-19 10:33:13 - [MESSAGE][PASSED] - Object 'Object Repository/TD2/Registration and Onboarding/Page_Registration/InputCompanyEmail' is visible

2020-03-19 10:33:13 - [TEST_STEP][PASSED] - setText(findTestObject("TD2/Registration and Onboarding/Page_Registration/InputCompanyEmail"), emailAddress): Text 'payal+200319103312@timedoctor.com' is set on object 'Object Repository/TD2/Registration and Onboarding/Page_Registration/InputCompanyEmail'

2020-03-19 10:33:14 - [MESSAGE][PASSED] - Text 'payal+200319103312@timedoctor.com' is set on object 'Object Repository/TD2/Registration and Onboarding/Page_Registration/InputCompanyEmail'

2020-03-19 10:33:14 - [TEST_STEP][PASSED] - setEncryptedText(findTestObject("TD2/Registration and Onboarding/Page_Registration/InputPassword"), "Px/nOzMEHWxU8lgHigNsmA=="): Text ****** has been set on object 'Object Repository/TD2/Registration and Onboarding/Page_Registration/InputPassword'

2020-03-19 10:33:15 - [MESSAGE][PASSED] - Text ****** has been set on object 'Object Repository/TD2/Registration and Onboarding/Page_Registration/InputPassword'

2020-03-19 10:33:15 - [TEST_STEP][PASSED] - click(findTestObject("TD2/Registration and Onboarding/Page_Registration/ButtonTestItOut")): Object: 'Object Repository/TD2/Registration and Onboarding/Page_Registration/ButtonTestItOut' is clicked on

2020-03-19 10:33:16 - [MESSAGE][PASSED] - Object: 'Object Repository/TD2/Registration and Onboarding/Page_Registration/ButtonTestItOut' is clicked on

2020-03-19 10:33:16 - [TEST_STEP][PASSED] - delay(10): Delayed 10 second(s)

2020-03-19 10:33:26 - [MESSAGE][PASSED] - Delayed 10 second(s)

2020-03-19 10:33:26 - [TEST_STEP][PASSED] - click(findTestObject("TD2/Registration and Onboarding/Page_Onboarding/span_No I like paying")): Object: 'Object Repository/TD2/Registration and Onboarding/Page_Onboarding/span_No I like paying' is clicked on

2020-03-19 10:33:26 - [MESSAGE][PASSED] - Object: 'Object Repository/TD2/Registration and Onboarding/Page_Onboarding/span_No I like paying' is clicked on

2020-03-19 10:33:26 - [TEST_STEP][PASSED] - if (verifyElementPresent(findTestObject("TD2/Registration and Onboarding/Page_Onboarding/Company Name"), 10, OPTIONAL)): null

2020-03-19 10:33:27 - [MESSAGE][PASSED] - Object 'Object Repository/TD2/Registration and Onboarding/Page_Onboarding/Company Name' is present

2020-03-19 10:33:27 - [TEST_STEP][PASSED] - sendKeys(findTestObject("TD2/Registration and Onboarding/Page_Onboarding/Company Name"), "QA Team"): Keys 'QA Team' sent to object: 'Object Repository/TD2/Registration and Onboarding/Page_Onboarding/Company Name'

2020-03-19 10:33:28 - [MESSAGE][PASSED] - Keys 'QA Team' sent to object: 'Object Repository/TD2/Registration and Onboarding/Page_Onboarding/Company Name'

2020-03-19 10:33:28 - [TEST_STEP][PASSED] - click(findTestObject("TD2/Registration and Onboarding/Page_Onboarding/Just Me")): Object: 'Object Repository/TD2/Registration and Onboarding/Page_Onboarding/Just Me' is clicked on

2020-03-19 10:33:28 - [MESSAGE][PASSED] - Object: 'Object Repository/TD2/Registration and Onboarding/Page_Onboarding/Just Me' is clicked on

2020-03-19 10:33:28 - [TEST_STEP][PASSED] - click(findTestObject("TD2/Registration and Onboarding/Page_Onboarding/Next - Company Name")): Object: 'Object Repository/TD2/Registration and Onboarding/Page_Onboarding/Next - Company Name' is clicked on

2020-03-19 10:33:29 - [MESSAGE][PASSED] - Object: 'Object Repository/TD2/Registration and Onboarding/Page_Onboarding/Next - Company Name' is clicked on

2020-03-19 10:33:29 - [TEST_STEP][PASSED] - click(findTestObject("TD2/Registration and Onboarding/Page_Onboarding/Next - Industry")): Object: 'Object Repository/TD2/Registration and Onboarding/Page_Onboarding/Next - Industry' is clicked on

2020-03-19 10:33:30 - [MESSAGE][PASSED] - Object: 'Object Repository/TD2/Registration and Onboarding/Page_Onboarding/Next - Industry' is clicked on

2020-03-19 10:33:30 - [TEST_STEP][NOT_RUN] - click(findTestObject("TD2/Registration and Onboarding/Page_Onboarding/Next2")): NOT_RUN: click(findTestObject("TD2/Registration and Onboarding/Page_Onboarding/Next2"))

2020-03-19 10:33:30 - [MESSAGE][NOT_RUN] - NOT_RUN: click(findTestObject("TD2/Registration and Onboarding/Page_Onboarding/Next2"))

2020-03-19 10:33:30 - [TEST_STEP][NOT_RUN] - click(findTestObject("TD2/Registration and Onboarding/Page_Onboarding/Next2")): NOT_RUN: click(findTestObject("TD2/Registration and Onboarding/Page_Onboarding/Next2"))

2020-03-19 10:33:30 - [MESSAGE][NOT_RUN] - NOT_RUN: click(findTestObject("TD2/Registration and Onboarding/Page_Onboarding/Next2"))

2020-03-19 10:33:30 - [TEST_STEP][PASSED] - click(findTestObject("TD2/Registration and Onboarding/Page_Onboarding/span_Next")): Object: 'Object Repository/TD2/Registration and Onboarding/Page_Onboarding/span_Next' is clicked on

2020-03-19 10:33:32 - [MESSAGE][PASSED] - Object: 'Object Repository/TD2/Registration and Onboarding/Page_Onboarding/span_Next' is clicked on

2020-03-19 10:33:32 - [TEST_STEP][NOT_RUN] - click(findTestObject("TD2/Registration and Onboarding/Page_Onboarding/Next - Set up your Account")): NOT_RUN: click(findTestObject("TD2/Registration and Onboarding/Page_Onboarding/Next - Set up your Account"))

2020-03-19 10:33:32 - [MESSAGE][NOT_RUN] - NOT_RUN: click(findTestObject("TD2/Registration and Onboarding/Page_Onboarding/Next - Set up your Account"))

2020-03-19 10:33:32 - [TEST_STEP][PASSED] - click(findTestObject("TD2/Registration and Onboarding/Page_Onboarding/I dont have team")): Object: 'Object Repository/TD2/Registration and Onboarding/Page_Onboarding/I dont have team' is clicked on

2020-03-19 10:33:34 - [MESSAGE][PASSED] - Object: 'Object Repository/TD2/Registration and Onboarding/Page_Onboarding/I dont have team' is clicked on

2020-03-19 10:33:34 - [TEST_STEP][PASSED] - click(findTestObject("TD2/Registration and Onboarding/Page_Onboarding/Submit - Invite")): Object: 'Object Repository/TD2/Registration and Onboarding/Page_Onboarding/Submit - Invite' is clicked on

2020-03-19 10:33:34 - [MESSAGE][PASSED] - Object: 'Object Repository/TD2/Registration and Onboarding/Page_Onboarding/Submit - Invite' is clicked on

2020-03-19 10:33:34 - [TEST_STEP][NOT_RUN] - click(findTestObject("TD2/Registration and Onboarding/Page_Onboarding/ButtonSkip")): NOT_RUN: click(findTestObject("TD2/Registration and Onboarding/Page_Onboarding/ButtonSkip"))

2020-03-19 10:33:34 - [MESSAGE][NOT_RUN] - NOT_RUN: click(findTestObject("TD2/Registration and Onboarding/Page_Onboarding/ButtonSkip"))

2020-03-19 10:33:34 - [TEST_STEP][NOT_RUN] - selectOptionByValue(findTestObject("TD2/Registration and Onboarding/Page_Onboarding/DropdownInvite"), "0", true): NOT_RUN: selectOptionByValue(findTestObject("TD2/Registration and Onboarding/Page_Onboarding/DropdownInvite"), "0", true)

2020-03-19 10:33:34 - [MESSAGE][NOT_RUN] - NOT_RUN: selectOptionByValue(findTestObject("TD2/Registration and Onboarding/Page_Onboarding/DropdownInvite"), "0", true)

2020-03-19 10:33:34 - [TEST_STEP][NOT_RUN] - click(findTestObject("TD2/Registration and Onboarding/Page_Onboarding/span_Submit")): NOT_RUN: click(findTestObject("TD2/Registration and Onboarding/Page_Onboarding/span_Submit"))

2020-03-19 10:33:34 - [MESSAGE][NOT_RUN] - NOT_RUN: click(findTestObject("TD2/Registration and Onboarding/Page_Onboarding/span_Submit"))

2020-03-19 10:33:34 - [TEST_STEP][PASSED] - delay(10): Delayed 10 second(s)

2020-03-19 10:33:44 - [MESSAGE][PASSED] - Delayed 10 second(s)

2020-03-19 10:33:44 - [TEST_STEP][PASSED] - click(findTestObject("TD2/Registration and Onboarding/Page_Onboarding/ButtonUserMenu")): Object: 'Object Repository/TD2/Registration and Onboarding/Page_Onboarding/ButtonUserMenu' is clicked on

2020-03-19 10:33:47 - [MESSAGE][PASSED] - Object: 'Object Repository/TD2/Registration and Onboarding/Page_Onboarding/ButtonUserMenu' is clicked on

2020-03-19 10:33:47 - [TEST_STEP][PASSED] - click(findTestObject("TD2/Registration and Onboarding/Page_Onboarding/ButtonLogout")): Object: 'Object Repository/TD2/Registration and Onboarding/Page_Onboarding/ButtonLogout' is clicked on

2020-03-19 10:33:48 - [MESSAGE][PASSED] - Object: 'Object Repository/TD2/Registration and Onboarding/Page_Onboarding/ButtonLogout' is clicked on

2020-03-19 10:33:48 - [TEST_STEP][PASSED] - closeBrowser(): Browser is closed

2020-03-19 10:33:48 - [MESSAGE][PASSED] - Browser is closed]]></system-out>
         <system-err><![CDATA[]]></system-err>
      </testcase>
      <testcase name="Test Cases/TD2/General/Opening Browser" time="11.64" classname="Test Cases/TD2/General/Opening Browser" status="PASSED">
         <system-out><![CDATA[2020-03-19 10:33:48 - [TEST_CASE][PASSED] - Test Cases/TD2/General/Opening Browser: Test Cases/TD2/General/Opening Browser

2020-03-19 10:33:48 - [TEST_STEP][PASSED] - openBrowser(""): Browser is opened with url: ''

2020-03-19 10:33:48 - [MESSAGE][INFO] - Starting 'Chrome' driver

2020-03-19 10:33:51 - [MESSAGE][PASSED] - Browser is opened with url: ''

2020-03-19 10:33:51 - [TEST_STEP][PASSED] - navigateToUrl("https://2a.timedoctor.com"): Navigate to 'https://2a.timedoctor.com' successfully

2020-03-19 10:34:00 - [MESSAGE][PASSED] - Navigate to 'https://2a.timedoctor.com' successfully

2020-03-19 10:34:00 - [TEST_STEP][PASSED] - maximizeWindow(): Current window maximized

2020-03-19 10:34:00 - [MESSAGE][PASSED] - Current window maximized]]></system-out>
         <system-err><![CDATA[]]></system-err>
      </testcase>
      <testcase name="Test Cases/TD2/Signup and OnBoarding/Registration With Different Options for Questions Asked/Question - Yes - No - TryItFree" time="50.671" classname="Test Cases/TD2/Signup and OnBoarding/Registration With Different Options for Questions Asked/Question - Yes - No - TryItFree" status="PASSED">
         <system-out><![CDATA[2020-03-19 10:34:00 - [TEST_CASE][PASSED] - Test Cases/TD2/Signup and OnBoarding/Registration With Different Options for Questions Asked/Question - Yes - No - TryItFree: Test Cases/TD2/Signup and OnBoarding/Registration With Different Options for Questions Asked/Question - Yes - No - TryItFree

2020-03-19 10:34:00 - [TEST_STEP][NOT_RUN] - openBrowser(""): NOT_RUN: openBrowser("")

2020-03-19 10:34:00 - [MESSAGE][NOT_RUN] - NOT_RUN: openBrowser("")

2020-03-19 10:34:00 - [TEST_STEP][NOT_RUN] - maximizeWindow(): NOT_RUN: maximizeWindow()

2020-03-19 10:34:00 - [MESSAGE][NOT_RUN] - NOT_RUN: maximizeWindow()

2020-03-19 10:34:00 - [TEST_STEP][NOT_RUN] - navigateToUrl("www.timedoctor.com"): NOT_RUN: navigateToUrl("www.timedoctor.com")

2020-03-19 10:34:00 - [MESSAGE][NOT_RUN] - NOT_RUN: navigateToUrl("www.timedoctor.com")

2020-03-19 10:34:00 - [TEST_STEP][PASSED] - click(findTestObject("TD2/Registration and Onboarding/Page_Registration/Register Button")): Object: 'Object Repository/TD2/Registration and Onboarding/Page_Registration/Register Button' is clicked on

2020-03-19 10:34:06 - [MESSAGE][PASSED] - Object: 'Object Repository/TD2/Registration and Onboarding/Page_Registration/Register Button' is clicked on

2020-03-19 10:34:06 - [TEST_STEP][NOT_RUN] - if (verifyElementPresent(findTestObject("TD2/Registration and Onboarding/Page_Registration/WebsiteVersion"), 10, OPTIONAL)): NOT_RUN: if (verifyElementPresent(findTestObject("TD2/Registration and Onboarding/Page_Registration/WebsiteVersion"), 10, OPTIONAL))

2020-03-19 10:34:06 - [MESSAGE][NOT_RUN] - NOT_RUN: if (verifyElementPresent(findTestObject("TD2/Registration and Onboarding/Page_Registration/WebsiteVersion"), 10, OPTIONAL))

2020-03-19 10:34:06 - [TEST_STEP][PASSED] - if (verifyElementPresent(findTestObject("TD2/Registration and Onboarding/Page_Registration/ButtonYes"), 10, OPTIONAL)): null

2020-03-19 10:34:07 - [MESSAGE][PASSED] - Object 'Object Repository/TD2/Registration and Onboarding/Page_Registration/ButtonYes' is present

2020-03-19 10:34:07 - [TEST_STEP][PASSED] - click(findTestObject("TD2/Registration and Onboarding/Page_Registration/ButtonYes")): Object: 'Object Repository/TD2/Registration and Onboarding/Page_Registration/ButtonYes' is clicked on

2020-03-19 10:34:08 - [MESSAGE][PASSED] - Object: 'Object Repository/TD2/Registration and Onboarding/Page_Registration/ButtonYes' is clicked on

2020-03-19 10:34:08 - [TEST_STEP][PASSED] - click(findTestObject("TD2/Registration and Onboarding/Page_Onboarding/ButtonNo1")): Object: 'Object Repository/TD2/Registration and Onboarding/Page_Onboarding/ButtonNo1' is clicked on

2020-03-19 10:34:09 - [MESSAGE][PASSED] - Object: 'Object Repository/TD2/Registration and Onboarding/Page_Onboarding/ButtonNo1' is clicked on

2020-03-19 10:34:09 - [TEST_STEP][PASSED] - click(findTestObject("TD2/Registration and Onboarding/Page_Onboarding/ButtonTryItFree")): Object: 'Object Repository/TD2/Registration and Onboarding/Page_Onboarding/ButtonTryItFree' is clicked on

2020-03-19 10:34:10 - [MESSAGE][PASSED] - Object: 'Object Repository/TD2/Registration and Onboarding/Page_Onboarding/ButtonTryItFree' is clicked on

2020-03-19 10:34:10 - [TEST_STEP][PASSED] - click(findTestObject("TD2/Registration and Onboarding/Page_Registration/RadioAccountOption")): Object: 'Object Repository/TD2/Registration and Onboarding/Page_Registration/RadioAccountOption' is clicked on

2020-03-19 10:34:10 - [MESSAGE][PASSED] - Object: 'Object Repository/TD2/Registration and Onboarding/Page_Registration/RadioAccountOption' is clicked on

2020-03-19 10:34:10 - [TEST_STEP][NOT_RUN] - click(findTestObject("TD2/Registration and Onboarding/Page_Onboarding/RadioButtonVisible")): NOT_RUN: click(findTestObject("TD2/Registration and Onboarding/Page_Onboarding/RadioButtonVisible"))

2020-03-19 10:34:10 - [MESSAGE][NOT_RUN] - NOT_RUN: click(findTestObject("TD2/Registration and Onboarding/Page_Onboarding/RadioButtonVisible"))

2020-03-19 10:34:10 - [TEST_STEP][PASSED] - click(findTestObject("TD2/Registration and Onboarding/Page_Registration/ButtonContinue")): Object: 'Object Repository/TD2/Registration and Onboarding/Page_Registration/ButtonContinue' is clicked on

2020-03-19 10:34:11 - [MESSAGE][PASSED] - Object: 'Object Repository/TD2/Registration and Onboarding/Page_Registration/ButtonContinue' is clicked on

2020-03-19 10:34:11 - [TEST_STEP][PASSED] - setText(findTestObject("TD2/Registration and Onboarding/Page_Registration/InputName"), "Payal"): Text 'Payal' is set on object 'Object Repository/TD2/Registration and Onboarding/Page_Registration/InputName'

2020-03-19 10:34:12 - [MESSAGE][PASSED] - Text 'Payal' is set on object 'Object Repository/TD2/Registration and Onboarding/Page_Registration/InputName'

2020-03-19 10:34:12 - [TEST_STEP][PASSED] - driver = getWebDriver(): null

2020-03-19 10:34:12 - [TEST_STEP][PASSED] - emailAddress = "payal+" + getDateTime() + "@timedoctor.com": null

2020-03-19 10:34:12 - [TEST_STEP][PASSED] - nowDateTime = new java.text.SimpleDateFormat(yyMMddHHmmss): null

2020-03-19 10:34:12 - [TEST_STEP][PASSED] - now = new java.util.Date(): null

2020-03-19 10:34:12 - [TEST_STEP][PASSED] - strDate = nowDateTime.format(now): null

2020-03-19 10:34:12 - [TEST_STEP][PASSED] - return strDate: Object: 'Object Repository/TD2/Registration and Onboarding/Page_Onboarding/ButtonLogout' is clicked on

2020-03-19 10:34:12 - [TEST_STEP][PASSED] - waitForElementVisible(findTestObject("TD2/Registration and Onboarding/Page_Registration/InputCompanyEmail"), 10): Object 'Object Repository/TD2/Registration and Onboarding/Page_Registration/InputCompanyEmail' is visible

2020-03-19 10:34:12 - [MESSAGE][PASSED] - Object 'Object Repository/TD2/Registration and Onboarding/Page_Registration/InputCompanyEmail' is visible

2020-03-19 10:34:12 - [TEST_STEP][PASSED] - setText(findTestObject("TD2/Registration and Onboarding/Page_Registration/InputCompanyEmail"), emailAddress): Text 'payal+200319103412@timedoctor.com' is set on object 'Object Repository/TD2/Registration and Onboarding/Page_Registration/InputCompanyEmail'

2020-03-19 10:34:13 - [MESSAGE][PASSED] - Text 'payal+200319103412@timedoctor.com' is set on object 'Object Repository/TD2/Registration and Onboarding/Page_Registration/InputCompanyEmail'

2020-03-19 10:34:13 - [TEST_STEP][PASSED] - setEncryptedText(findTestObject("TD2/Registration and Onboarding/Page_Registration/InputPassword"), "Px/nOzMEHWxU8lgHigNsmA=="): Text ****** has been set on object 'Object Repository/TD2/Registration and Onboarding/Page_Registration/InputPassword'

2020-03-19 10:34:14 - [MESSAGE][PASSED] - Text ****** has been set on object 'Object Repository/TD2/Registration and Onboarding/Page_Registration/InputPassword'

2020-03-19 10:34:14 - [TEST_STEP][PASSED] - click(findTestObject("TD2/Registration and Onboarding/Page_Registration/ButtonTestItOut")): Object: 'Object Repository/TD2/Registration and Onboarding/Page_Registration/ButtonTestItOut' is clicked on

2020-03-19 10:34:15 - [MESSAGE][PASSED] - Object: 'Object Repository/TD2/Registration and Onboarding/Page_Registration/ButtonTestItOut' is clicked on

2020-03-19 10:34:15 - [TEST_STEP][PASSED] - delay(10): Delayed 10 second(s)

2020-03-19 10:34:25 - [MESSAGE][PASSED] - Delayed 10 second(s)

2020-03-19 10:34:25 - [TEST_STEP][PASSED] - click(findTestObject("TD2/Registration and Onboarding/Page_Onboarding/span_No I like paying")): Object: 'Object Repository/TD2/Registration and Onboarding/Page_Onboarding/span_No I like paying' is clicked on

2020-03-19 10:34:26 - [MESSAGE][PASSED] - Object: 'Object Repository/TD2/Registration and Onboarding/Page_Onboarding/span_No I like paying' is clicked on

2020-03-19 10:34:26 - [TEST_STEP][PASSED] - if (verifyElementPresent(findTestObject("TD2/Registration and Onboarding/Page_Onboarding/Company Name"), 10, OPTIONAL)): null

2020-03-19 10:34:28 - [MESSAGE][PASSED] - Object 'Object Repository/TD2/Registration and Onboarding/Page_Onboarding/Company Name' is present

2020-03-19 10:34:28 - [TEST_STEP][PASSED] - sendKeys(findTestObject("TD2/Registration and Onboarding/Page_Onboarding/Company Name"), "QA Team"): Keys 'QA Team' sent to object: 'Object Repository/TD2/Registration and Onboarding/Page_Onboarding/Company Name'

2020-03-19 10:34:29 - [MESSAGE][PASSED] - Keys 'QA Team' sent to object: 'Object Repository/TD2/Registration and Onboarding/Page_Onboarding/Company Name'

2020-03-19 10:34:29 - [TEST_STEP][PASSED] - click(findTestObject("TD2/Registration and Onboarding/Page_Onboarding/Just Me")): Object: 'Object Repository/TD2/Registration and Onboarding/Page_Onboarding/Just Me' is clicked on

2020-03-19 10:34:29 - [MESSAGE][PASSED] - Object: 'Object Repository/TD2/Registration and Onboarding/Page_Onboarding/Just Me' is clicked on

2020-03-19 10:34:29 - [TEST_STEP][PASSED] - click(findTestObject("TD2/Registration and Onboarding/Page_Onboarding/Next - Company Name")): Object: 'Object Repository/TD2/Registration and Onboarding/Page_Onboarding/Next - Company Name' is clicked on

2020-03-19 10:34:30 - [MESSAGE][PASSED] - Object: 'Object Repository/TD2/Registration and Onboarding/Page_Onboarding/Next - Company Name' is clicked on

2020-03-19 10:34:30 - [TEST_STEP][PASSED] - click(findTestObject("TD2/Registration and Onboarding/Page_Onboarding/Next - Industry")): Object: 'Object Repository/TD2/Registration and Onboarding/Page_Onboarding/Next - Industry' is clicked on

2020-03-19 10:34:31 - [MESSAGE][PASSED] - Object: 'Object Repository/TD2/Registration and Onboarding/Page_Onboarding/Next - Industry' is clicked on

2020-03-19 10:34:31 - [TEST_STEP][NOT_RUN] - click(findTestObject("TD2/Registration and Onboarding/Page_Onboarding/Next2")): NOT_RUN: click(findTestObject("TD2/Registration and Onboarding/Page_Onboarding/Next2"))

2020-03-19 10:34:31 - [MESSAGE][NOT_RUN] - NOT_RUN: click(findTestObject("TD2/Registration and Onboarding/Page_Onboarding/Next2"))

2020-03-19 10:34:31 - [TEST_STEP][NOT_RUN] - click(findTestObject("TD2/Registration and Onboarding/Page_Onboarding/Next2")): NOT_RUN: click(findTestObject("TD2/Registration and Onboarding/Page_Onboarding/Next2"))

2020-03-19 10:34:31 - [MESSAGE][NOT_RUN] - NOT_RUN: click(findTestObject("TD2/Registration and Onboarding/Page_Onboarding/Next2"))

2020-03-19 10:34:31 - [TEST_STEP][PASSED] - click(findTestObject("TD2/Registration and Onboarding/Page_Onboarding/span_Next")): Object: 'Object Repository/TD2/Registration and Onboarding/Page_Onboarding/span_Next' is clicked on

2020-03-19 10:34:33 - [MESSAGE][PASSED] - Object: 'Object Repository/TD2/Registration and Onboarding/Page_Onboarding/span_Next' is clicked on

2020-03-19 10:34:33 - [TEST_STEP][NOT_RUN] - click(findTestObject("TD2/Registration and Onboarding/Page_Onboarding/Next - Set up your Account")): NOT_RUN: click(findTestObject("TD2/Registration and Onboarding/Page_Onboarding/Next - Set up your Account"))

2020-03-19 10:34:33 - [MESSAGE][NOT_RUN] - NOT_RUN: click(findTestObject("TD2/Registration and Onboarding/Page_Onboarding/Next - Set up your Account"))

2020-03-19 10:34:33 - [TEST_STEP][PASSED] - click(findTestObject("TD2/Registration and Onboarding/Page_Onboarding/I dont have team")): Object: 'Object Repository/TD2/Registration and Onboarding/Page_Onboarding/I dont have team' is clicked on

2020-03-19 10:34:35 - [MESSAGE][PASSED] - Object: 'Object Repository/TD2/Registration and Onboarding/Page_Onboarding/I dont have team' is clicked on

2020-03-19 10:34:35 - [TEST_STEP][PASSED] - click(findTestObject("TD2/Registration and Onboarding/Page_Onboarding/Submit - Invite")): Object: 'Object Repository/TD2/Registration and Onboarding/Page_Onboarding/Submit - Invite' is clicked on

2020-03-19 10:34:36 - [MESSAGE][PASSED] - Object: 'Object Repository/TD2/Registration and Onboarding/Page_Onboarding/Submit - Invite' is clicked on

2020-03-19 10:34:36 - [TEST_STEP][NOT_RUN] - click(findTestObject("TD2/Registration and Onboarding/Page_Onboarding/ButtonSkip")): NOT_RUN: click(findTestObject("TD2/Registration and Onboarding/Page_Onboarding/ButtonSkip"))

2020-03-19 10:34:36 - [MESSAGE][NOT_RUN] - NOT_RUN: click(findTestObject("TD2/Registration and Onboarding/Page_Onboarding/ButtonSkip"))

2020-03-19 10:34:36 - [TEST_STEP][NOT_RUN] - selectOptionByValue(findTestObject("TD2/Registration and Onboarding/Page_Onboarding/DropdownInvite"), "0", true): NOT_RUN: selectOptionByValue(findTestObject("TD2/Registration and Onboarding/Page_Onboarding/DropdownInvite"), "0", true)

2020-03-19 10:34:36 - [MESSAGE][NOT_RUN] - NOT_RUN: selectOptionByValue(findTestObject("TD2/Registration and Onboarding/Page_Onboarding/DropdownInvite"), "0", true)

2020-03-19 10:34:36 - [TEST_STEP][NOT_RUN] - click(findTestObject("TD2/Registration and Onboarding/Page_Onboarding/span_Submit")): NOT_RUN: click(findTestObject("TD2/Registration and Onboarding/Page_Onboarding/span_Submit"))

2020-03-19 10:34:36 - [MESSAGE][NOT_RUN] - NOT_RUN: click(findTestObject("TD2/Registration and Onboarding/Page_Onboarding/span_Submit"))

2020-03-19 10:34:36 - [TEST_STEP][PASSED] - delay(10): Delayed 10 second(s)

2020-03-19 10:34:46 - [MESSAGE][PASSED] - Delayed 10 second(s)

2020-03-19 10:34:46 - [TEST_STEP][PASSED] - click(findTestObject("TD2/Registration and Onboarding/Page_Onboarding/ButtonUserMenu")): Object: 'Object Repository/TD2/Registration and Onboarding/Page_Onboarding/ButtonUserMenu' is clicked on

2020-03-19 10:34:49 - [MESSAGE][PASSED] - Object: 'Object Repository/TD2/Registration and Onboarding/Page_Onboarding/ButtonUserMenu' is clicked on

2020-03-19 10:34:50 - [TEST_STEP][PASSED] - click(findTestObject("TD2/Registration and Onboarding/Page_Onboarding/ButtonLogout")): Object: 'Object Repository/TD2/Registration and Onboarding/Page_Onboarding/ButtonLogout' is clicked on

2020-03-19 10:34:50 - [MESSAGE][PASSED] - Object: 'Object Repository/TD2/Registration and Onboarding/Page_Onboarding/ButtonLogout' is clicked on

2020-03-19 10:34:50 - [TEST_STEP][PASSED] - closeBrowser(): Browser is closed

2020-03-19 10:34:51 - [MESSAGE][PASSED] - Browser is closed]]></system-out>
         <system-err><![CDATA[]]></system-err>
      </testcase>
      <testcase name="Test Cases/TD2/General/Opening Browser" time="9.32" classname="Test Cases/TD2/General/Opening Browser" status="PASSED">
         <system-out><![CDATA[2020-03-19 10:34:51 - [TEST_CASE][PASSED] - Test Cases/TD2/General/Opening Browser: Test Cases/TD2/General/Opening Browser

2020-03-19 10:34:51 - [TEST_STEP][PASSED] - openBrowser(""): Browser is opened with url: ''

2020-03-19 10:34:51 - [MESSAGE][INFO] - Starting 'Chrome' driver

2020-03-19 10:34:53 - [MESSAGE][PASSED] - Browser is opened with url: ''

2020-03-19 10:34:53 - [TEST_STEP][PASSED] - navigateToUrl("https://2a.timedoctor.com"): Navigate to 'https://2a.timedoctor.com' successfully

2020-03-19 10:35:00 - [MESSAGE][PASSED] - Navigate to 'https://2a.timedoctor.com' successfully

2020-03-19 10:35:00 - [TEST_STEP][PASSED] - maximizeWindow(): Current window maximized

2020-03-19 10:35:00 - [MESSAGE][PASSED] - Current window maximized]]></system-out>
         <system-err><![CDATA[]]></system-err>
      </testcase>
      <testcase name="Test Cases/TD2/Signup and OnBoarding/Registration With Different Options for Questions Asked/Question - No - No - TryItFree" time="75.935" classname="Test Cases/TD2/Signup and OnBoarding/Registration With Different Options for Questions Asked/Question - No - No - TryItFree" status="FAILED">
         <failure type="FAILED" message="Test Cases/TD2/Signup and OnBoarding/Registration With Different Options for Questions Asked/Question - No - No - TryItFree FAILED.
Reason:
com.kms.katalon.core.exception.StepFailedException: Unable to click on object 'Object Repository/TD2/Registration and Onboarding/Page_Onboarding/span_Next'
	at com.kms.katalon.core.webui.keyword.internal.WebUIKeywordMain.stepFailed(WebUIKeywordMain.groovy:64)
	at com.kms.katalon.core.webui.keyword.internal.WebUIKeywordMain.runKeyword(WebUIKeywordMain.groovy:26)
	at com.kms.katalon.core.webui.keyword.builtin.ClickKeyword.click(ClickKeyword.groovy:102)
	at com.kms.katalon.core.webui.keyword.builtin.ClickKeyword.execute(ClickKeyword.groovy:43)
	at com.kms.katalon.core.keyword.internal.KeywordExecutor.executeKeywordForPlatform(KeywordExecutor.groovy:72)
	at com.kms.katalon.core.webui.keyword.WebUiBuiltInKeywords.click(WebUiBuiltInKeywords.groovy:616)
	at com.kms.katalon.core.webui.keyword.WebUiBuiltInKeywords$click$2.call(Unknown Source)
	at Question - No - No - TryItFree.run(Question - No - No - TryItFree:98)
	at com.kms.katalon.core.main.ScriptEngine.run(ScriptEngine.java:194)
	at com.kms.katalon.core.main.ScriptEngine.runScriptAsRawText(ScriptEngine.java:119)
	at com.kms.katalon.core.main.TestCaseExecutor.runScript(TestCaseExecutor.java:337)
	at com.kms.katalon.core.main.TestCaseExecutor.doExecute(TestCaseExecutor.java:328)
	at com.kms.katalon.core.main.TestCaseExecutor.processExecutionPhase(TestCaseExecutor.java:307)
	at com.kms.katalon.core.main.TestCaseExecutor.accessMainPhase(TestCaseExecutor.java:299)
	at com.kms.katalon.core.main.TestCaseExecutor.execute(TestCaseExecutor.java:233)
	at com.kms.katalon.core.main.TestSuiteExecutor.accessTestCaseMainPhase(TestSuiteExecutor.java:169)
	at com.kms.katalon.core.main.TestSuiteExecutor.accessTestSuiteMainPhase(TestSuiteExecutor.java:142)
	at com.kms.katalon.core.main.TestSuiteExecutor.execute(TestSuiteExecutor.java:91)
	at com.kms.katalon.core.main.TestCaseMain.startTestSuite(TestCaseMain.java:157)
	at com.kms.katalon.core.main.TestCaseMain$startTestSuite$0.call(Unknown Source)
	at TempTestSuite1584594162448.run(TempTestSuite1584594162448.groovy:36)
Caused by: com.kms.katalon.core.webui.exception.WebElementNotFoundException: Web element with id: 'Object Repository/TD2/Registration and Onboarding/Page_Onboarding/span_Next' located by 'By.xpath: //*[@id=&quot;wizard-root&quot;]/div[6]/md-dialog/md-dialog-actions/button/span[count(. | //span[(text() = '
      Next
    ' or . = '
      Next
    ')]) = count(//span[(text() = '
      Next
    ' or . = '
      Next
    ')])]' not found
	at com.kms.katalon.core.webui.common.WebUiCommonHelper.findWebElement(WebUiCommonHelper.java:1154)
	at com.kms.katalon.core.webui.keyword.internal.WebUIAbstractKeyword.findWebElement(WebUIAbstractKeyword.groovy:27)
	at com.kms.katalon.core.webui.keyword.internal.WebUIAbstractKeyword.findWebElement(WebUIAbstractKeyword.groovy:26)
	at com.kms.katalon.core.webui.keyword.builtin.ClickKeyword$_click_closure1.doCall(ClickKeyword.groovy:67)
	at com.kms.katalon.core.webui.keyword.builtin.ClickKeyword$_click_closure1.call(ClickKeyword.groovy)
	at com.kms.katalon.core.webui.keyword.internal.WebUIKeywordMain.runKeyword(WebUIKeywordMain.groovy:20)
	... 19 more
"/>
         <system-out><![CDATA[2020-03-19 10:35:00 - [TEST_CASE][FAILED] - Test Cases/TD2/Signup and OnBoarding/Registration With Different Options for Questions Asked/Question - No - No - TryItFree: Test Cases/TD2/Signup and OnBoarding/Registration With Different Options for Questions Asked/Question - No - No - TryItFree FAILED.
Reason:
com.kms.katalon.core.exception.StepFailedException: Unable to click on object 'Object Repository/TD2/Registration and Onboarding/Page_Onboarding/span_Next'
	at com.kms.katalon.core.webui.keyword.internal.WebUIKeywordMain.stepFailed(WebUIKeywordMain.groovy:64)
	at com.kms.katalon.core.webui.keyword.internal.WebUIKeywordMain.runKeyword(WebUIKeywordMain.groovy:26)
	at com.kms.katalon.core.webui.keyword.builtin.ClickKeyword.click(ClickKeyword.groovy:102)
	at com.kms.katalon.core.webui.keyword.builtin.ClickKeyword.execute(ClickKeyword.groovy:43)
	at com.kms.katalon.core.keyword.internal.KeywordExecutor.executeKeywordForPlatform(KeywordExecutor.groovy:72)
	at com.kms.katalon.core.webui.keyword.WebUiBuiltInKeywords.click(WebUiBuiltInKeywords.groovy:616)
	at com.kms.katalon.core.webui.keyword.WebUiBuiltInKeywords$click$2.call(Unknown Source)
	at Question - No - No - TryItFree.run(Question - No - No - TryItFree:98)
	at com.kms.katalon.core.main.ScriptEngine.run(ScriptEngine.java:194)
	at com.kms.katalon.core.main.ScriptEngine.runScriptAsRawText(ScriptEngine.java:119)
	at com.kms.katalon.core.main.TestCaseExecutor.runScript(TestCaseExecutor.java:337)
	at com.kms.katalon.core.main.TestCaseExecutor.doExecute(TestCaseExecutor.java:328)
	at com.kms.katalon.core.main.TestCaseExecutor.processExecutionPhase(TestCaseExecutor.java:307)
	at com.kms.katalon.core.main.TestCaseExecutor.accessMainPhase(TestCaseExecutor.java:299)
	at com.kms.katalon.core.main.TestCaseExecutor.execute(TestCaseExecutor.java:233)
	at com.kms.katalon.core.main.TestSuiteExecutor.accessTestCaseMainPhase(TestSuiteExecutor.java:169)
	at com.kms.katalon.core.main.TestSuiteExecutor.accessTestSuiteMainPhase(TestSuiteExecutor.java:142)
	at com.kms.katalon.core.main.TestSuiteExecutor.execute(TestSuiteExecutor.java:91)
	at com.kms.katalon.core.main.TestCaseMain.startTestSuite(TestCaseMain.java:157)
	at com.kms.katalon.core.main.TestCaseMain$startTestSuite$0.call(Unknown Source)
	at TempTestSuite1584594162448.run(TempTestSuite1584594162448.groovy:36)
Caused by: com.kms.katalon.core.webui.exception.WebElementNotFoundException: Web element with id: 'Object Repository/TD2/Registration and Onboarding/Page_Onboarding/span_Next' located by 'By.xpath: //*[@id="wizard-root"]/div[6]/md-dialog/md-dialog-actions/button/span[count(. | //span[(text() = '
      Next
    ' or . = '
      Next
    ')]) = count(//span[(text() = '
      Next
    ' or . = '
      Next
    ')])]' not found
	at com.kms.katalon.core.webui.common.WebUiCommonHelper.findWebElement(WebUiCommonHelper.java:1154)
	at com.kms.katalon.core.webui.keyword.internal.WebUIAbstractKeyword.findWebElement(WebUIAbstractKeyword.groovy:27)
	at com.kms.katalon.core.webui.keyword.internal.WebUIAbstractKeyword.findWebElement(WebUIAbstractKeyword.groovy:26)
	at com.kms.katalon.core.webui.keyword.builtin.ClickKeyword$_click_closure1.doCall(ClickKeyword.groovy:67)
	at com.kms.katalon.core.webui.keyword.builtin.ClickKeyword$_click_closure1.call(ClickKeyword.groovy)
	at com.kms.katalon.core.webui.keyword.internal.WebUIKeywordMain.runKeyword(WebUIKeywordMain.groovy:20)
	... 19 more


2020-03-19 10:35:00 - [TEST_STEP][NOT_RUN] - openBrowser(""): NOT_RUN: openBrowser("")

2020-03-19 10:35:00 - [MESSAGE][NOT_RUN] - NOT_RUN: openBrowser("")

2020-03-19 10:35:00 - [TEST_STEP][NOT_RUN] - maximizeWindow(): NOT_RUN: maximizeWindow()

2020-03-19 10:35:00 - [MESSAGE][NOT_RUN] - NOT_RUN: maximizeWindow()

2020-03-19 10:35:00 - [TEST_STEP][NOT_RUN] - navigateToUrl("www.timedoctor.com"): NOT_RUN: navigateToUrl("www.timedoctor.com")

2020-03-19 10:35:00 - [MESSAGE][NOT_RUN] - NOT_RUN: navigateToUrl("www.timedoctor.com")

2020-03-19 10:35:00 - [TEST_STEP][PASSED] - click(findTestObject("TD2/Registration and Onboarding/Page_Registration/Register Button")): Object: 'Object Repository/TD2/Registration and Onboarding/Page_Registration/Register Button' is clicked on

2020-03-19 10:35:05 - [MESSAGE][PASSED] - Object: 'Object Repository/TD2/Registration and Onboarding/Page_Registration/Register Button' is clicked on

2020-03-19 10:35:05 - [TEST_STEP][NOT_RUN] - if (verifyElementPresent(findTestObject("TD2/Registration and Onboarding/Page_Registration/WebsiteVersion"), 10, OPTIONAL)): NOT_RUN: if (verifyElementPresent(findTestObject("TD2/Registration and Onboarding/Page_Registration/WebsiteVersion"), 10, OPTIONAL))

2020-03-19 10:35:05 - [MESSAGE][NOT_RUN] - NOT_RUN: if (verifyElementPresent(findTestObject("TD2/Registration and Onboarding/Page_Registration/WebsiteVersion"), 10, OPTIONAL))

2020-03-19 10:35:05 - [TEST_STEP][PASSED] - if (verifyElementPresent(findTestObject("TD2/Registration and Onboarding/Page_Registration/ButtonYes"), 10, OPTIONAL)): null

2020-03-19 10:35:07 - [MESSAGE][PASSED] - Object 'Object Repository/TD2/Registration and Onboarding/Page_Registration/ButtonYes' is present

2020-03-19 10:35:07 - [TEST_STEP][PASSED] - click(findTestObject("TD2/Registration and Onboarding/Page_Onboarding/ButtonNo")): Object: 'Object Repository/TD2/Registration and Onboarding/Page_Onboarding/ButtonNo' is clicked on

2020-03-19 10:35:07 - [MESSAGE][PASSED] - Object: 'Object Repository/TD2/Registration and Onboarding/Page_Onboarding/ButtonNo' is clicked on

2020-03-19 10:35:07 - [TEST_STEP][PASSED] - click(findTestObject("TD2/Registration and Onboarding/Page_Onboarding/ButtonNo1")): Object: 'Object Repository/TD2/Registration and Onboarding/Page_Onboarding/ButtonNo1' is clicked on

2020-03-19 10:35:08 - [MESSAGE][PASSED] - Object: 'Object Repository/TD2/Registration and Onboarding/Page_Onboarding/ButtonNo1' is clicked on

2020-03-19 10:35:08 - [TEST_STEP][PASSED] - click(findTestObject("TD2/Registration and Onboarding/Page_Onboarding/ButtonTryItFree")): Object: 'Object Repository/TD2/Registration and Onboarding/Page_Onboarding/ButtonTryItFree' is clicked on

2020-03-19 10:35:09 - [MESSAGE][PASSED] - Object: 'Object Repository/TD2/Registration and Onboarding/Page_Onboarding/ButtonTryItFree' is clicked on

2020-03-19 10:35:09 - [TEST_STEP][PASSED] - click(findTestObject("TD2/Registration and Onboarding/Page_Registration/RadioAccountOption")): Object: 'Object Repository/TD2/Registration and Onboarding/Page_Registration/RadioAccountOption' is clicked on

2020-03-19 10:35:10 - [MESSAGE][PASSED] - Object: 'Object Repository/TD2/Registration and Onboarding/Page_Registration/RadioAccountOption' is clicked on

2020-03-19 10:35:10 - [TEST_STEP][NOT_RUN] - click(findTestObject("TD2/Registration and Onboarding/Page_Onboarding/RadioButtonVisible")): NOT_RUN: click(findTestObject("TD2/Registration and Onboarding/Page_Onboarding/RadioButtonVisible"))

2020-03-19 10:35:10 - [MESSAGE][NOT_RUN] - NOT_RUN: click(findTestObject("TD2/Registration and Onboarding/Page_Onboarding/RadioButtonVisible"))

2020-03-19 10:35:10 - [TEST_STEP][PASSED] - click(findTestObject("TD2/Registration and Onboarding/Page_Registration/ButtonContinue")): Object: 'Object Repository/TD2/Registration and Onboarding/Page_Registration/ButtonContinue' is clicked on

2020-03-19 10:35:11 - [MESSAGE][PASSED] - Object: 'Object Repository/TD2/Registration and Onboarding/Page_Registration/ButtonContinue' is clicked on

2020-03-19 10:35:11 - [TEST_STEP][PASSED] - setText(findTestObject("TD2/Registration and Onboarding/Page_Registration/InputName"), "Payal"): Text 'Payal' is set on object 'Object Repository/TD2/Registration and Onboarding/Page_Registration/InputName'

2020-03-19 10:35:11 - [MESSAGE][PASSED] - Text 'Payal' is set on object 'Object Repository/TD2/Registration and Onboarding/Page_Registration/InputName'

2020-03-19 10:35:11 - [TEST_STEP][PASSED] - driver = getWebDriver(): null

2020-03-19 10:35:11 - [TEST_STEP][PASSED] - emailAddress = "payal+" + getDateTime() + "@timedoctor.com": null

2020-03-19 10:35:11 - [TEST_STEP][PASSED] - nowDateTime = new java.text.SimpleDateFormat(yyMMddHHmmss): null

2020-03-19 10:35:11 - [TEST_STEP][PASSED] - now = new java.util.Date(): null

2020-03-19 10:35:11 - [TEST_STEP][PASSED] - strDate = nowDateTime.format(now): null

2020-03-19 10:35:11 - [TEST_STEP][FAILED] - return strDate: Unable to click on object 'Object Repository/TD2/Registration and Onboarding/Page_Onboarding/span_Next' (Root cause: com.kms.katalon.core.exception.StepFailedException: Unable to click on object 'Object Repository/TD2/Registration and Onboarding/Page_Onboarding/span_Next'
	at com.kms.katalon.core.webui.keyword.internal.WebUIKeywordMain.stepFailed(WebUIKeywordMain.groovy:64)
	at com.kms.katalon.core.webui.keyword.internal.WebUIKeywordMain.runKeyword(WebUIKeywordMain.groovy:26)
	at com.kms.katalon.core.webui.keyword.builtin.ClickKeyword.click(ClickKeyword.groovy:102)
	at com.kms.katalon.core.webui.keyword.builtin.ClickKeyword.execute(ClickKeyword.groovy:43)
	at com.kms.katalon.core.keyword.internal.KeywordExecutor.executeKeywordForPlatform(KeywordExecutor.groovy:72)
	at com.kms.katalon.core.webui.keyword.WebUiBuiltInKeywords.click(WebUiBuiltInKeywords.groovy:616)
	at com.kms.katalon.core.webui.keyword.WebUiBuiltInKeywords$click$2.call(Unknown Source)
	at Question - No - No - TryItFree.run(Question - No - No - TryItFree:98)
	at com.kms.katalon.core.main.ScriptEngine.run(ScriptEngine.java:194)
	at com.kms.katalon.core.main.ScriptEngine.runScriptAsRawText(ScriptEngine.java:119)
	at com.kms.katalon.core.main.TestCaseExecutor.runScript(TestCaseExecutor.java:337)
	at com.kms.katalon.core.main.TestCaseExecutor.doExecute(TestCaseExecutor.java:328)
	at com.kms.katalon.core.main.TestCaseExecutor.processExecutionPhase(TestCaseExecutor.java:307)
	at com.kms.katalon.core.main.TestCaseExecutor.accessMainPhase(TestCaseExecutor.java:299)
	at com.kms.katalon.core.main.TestCaseExecutor.execute(TestCaseExecutor.java:233)
	at com.kms.katalon.core.main.TestSuiteExecutor.accessTestCaseMainPhase(TestSuiteExecutor.java:169)
	at com.kms.katalon.core.main.TestSuiteExecutor.accessTestSuiteMainPhase(TestSuiteExecutor.java:142)
	at com.kms.katalon.core.main.TestSuiteExecutor.execute(TestSuiteExecutor.java:91)
	at com.kms.katalon.core.main.TestCaseMain.startTestSuite(TestCaseMain.java:157)
	at com.kms.katalon.core.main.TestCaseMain$startTestSuite$0.call(Unknown Source)
	at TempTestSuite1584594162448.run(TempTestSuite1584594162448.groovy:36)
Caused by: com.kms.katalon.core.webui.exception.WebElementNotFoundException: Web element with id: 'Object Repository/TD2/Registration and Onboarding/Page_Onboarding/span_Next' located by 'By.xpath: //*[@id="wizard-root"]/div[6]/md-dialog/md-dialog-actions/button/span[count(. | //span[(text() = '
      Next
    ' or . = '
      Next
    ')]) = count(//span[(text() = '
      Next
    ' or . = '
      Next
    ')])]' not found
	at com.kms.katalon.core.webui.common.WebUiCommonHelper.findWebElement(WebUiCommonHelper.java:1154)
	at com.kms.katalon.core.webui.keyword.internal.WebUIAbstractKeyword.findWebElement(WebUIAbstractKeyword.groovy:27)
	at com.kms.katalon.core.webui.keyword.internal.WebUIAbstractKeyword.findWebElement(WebUIAbstractKeyword.groovy:26)
	at com.kms.katalon.core.webui.keyword.builtin.ClickKeyword$_click_closure1.doCall(ClickKeyword.groovy:67)
	at com.kms.katalon.core.webui.keyword.builtin.ClickKeyword$_click_closure1.call(ClickKeyword.groovy)
	at com.kms.katalon.core.webui.keyword.internal.WebUIKeywordMain.runKeyword(WebUIKeywordMain.groovy:20)
	at com.kms.katalon.core.webui.keyword.builtin.ClickKeyword.click(ClickKeyword.groovy:102)
	at com.kms.katalon.core.webui.keyword.builtin.ClickKeyword.execute(ClickKeyword.groovy:43)
	at com.kms.katalon.core.keyword.internal.KeywordExecutor.executeKeywordForPlatform(KeywordExecutor.groovy:72)
	at com.kms.katalon.core.webui.keyword.WebUiBuiltInKeywords.click(WebUiBuiltInKeywords.groovy:616)
	at com.kms.katalon.core.webui.keyword.WebUiBuiltInKeywords$click$2.call(Unknown Source)
	at Script1581303676130.run(Script1581303676130.groovy:98)
	... 13 more
)

2020-03-19 10:35:11 - [TEST_STEP][PASSED] - waitForElementVisible(findTestObject("TD2/Registration and Onboarding/Page_Registration/InputCompanyEmail"), 10): Object 'Object Repository/TD2/Registration and Onboarding/Page_Registration/InputCompanyEmail' is visible

2020-03-19 10:35:12 - [MESSAGE][PASSED] - Object 'Object Repository/TD2/Registration and Onboarding/Page_Registration/InputCompanyEmail' is visible

2020-03-19 10:35:12 - [TEST_STEP][PASSED] - setText(findTestObject("TD2/Registration and Onboarding/Page_Registration/InputCompanyEmail"), emailAddress): Text 'payal+200319103511@timedoctor.com' is set on object 'Object Repository/TD2/Registration and Onboarding/Page_Registration/InputCompanyEmail'

2020-03-19 10:35:13 - [MESSAGE][PASSED] - Text 'payal+200319103511@timedoctor.com' is set on object 'Object Repository/TD2/Registration and Onboarding/Page_Registration/InputCompanyEmail'

2020-03-19 10:35:13 - [TEST_STEP][PASSED] - setEncryptedText(findTestObject("TD2/Registration and Onboarding/Page_Registration/InputPassword"), "Px/nOzMEHWxU8lgHigNsmA=="): Text ****** has been set on object 'Object Repository/TD2/Registration and Onboarding/Page_Registration/InputPassword'

2020-03-19 10:35:14 - [MESSAGE][PASSED] - Text ****** has been set on object 'Object Repository/TD2/Registration and Onboarding/Page_Registration/InputPassword'

2020-03-19 10:35:14 - [TEST_STEP][PASSED] - click(findTestObject("TD2/Registration and Onboarding/Page_Registration/ButtonTestItOut")): Object: 'Object Repository/TD2/Registration and Onboarding/Page_Registration/ButtonTestItOut' is clicked on

2020-03-19 10:35:14 - [MESSAGE][PASSED] - Object: 'Object Repository/TD2/Registration and Onboarding/Page_Registration/ButtonTestItOut' is clicked on

2020-03-19 10:35:14 - [TEST_STEP][PASSED] - delay(15): Delayed 15 second(s)

2020-03-19 10:35:29 - [MESSAGE][PASSED] - Delayed 15 second(s)

2020-03-19 10:35:29 - [TEST_STEP][PASSED] - click(findTestObject("TD2/Registration and Onboarding/Page_Onboarding/span_No I like paying")): Object: 'Object Repository/TD2/Registration and Onboarding/Page_Onboarding/span_No I like paying' is clicked on

2020-03-19 10:35:30 - [MESSAGE][PASSED] - Object: 'Object Repository/TD2/Registration and Onboarding/Page_Onboarding/span_No I like paying' is clicked on

2020-03-19 10:35:30 - [TEST_STEP][NOT_RUN] - if (verifyElementPresent(findTestObject("TD2/Registration and Onboarding/Page_Onboarding/Company Name"), 10, OPTIONAL)): NOT_RUN: if (verifyElementPresent(findTestObject("TD2/Registration and Onboarding/Page_Onboarding/Company Name"), 10, OPTIONAL))

2020-03-19 10:35:30 - [MESSAGE][NOT_RUN] - NOT_RUN: if (verifyElementPresent(findTestObject("TD2/Registration and Onboarding/Page_Onboarding/Company Name"), 10, OPTIONAL))

2020-03-19 10:35:30 - [TEST_STEP][NOT_RUN] - click(findTestObject("TD2/Registration and Onboarding/Page_Onboarding/Next2")): NOT_RUN: click(findTestObject("TD2/Registration and Onboarding/Page_Onboarding/Next2"))

2020-03-19 10:35:30 - [MESSAGE][NOT_RUN] - NOT_RUN: click(findTestObject("TD2/Registration and Onboarding/Page_Onboarding/Next2"))

2020-03-19 10:35:30 - [TEST_STEP][NOT_RUN] - click(findTestObject("TD2/Registration and Onboarding/Page_Onboarding/Next2")): NOT_RUN: click(findTestObject("TD2/Registration and Onboarding/Page_Onboarding/Next2"))

2020-03-19 10:35:30 - [MESSAGE][NOT_RUN] - NOT_RUN: click(findTestObject("TD2/Registration and Onboarding/Page_Onboarding/Next2"))

2020-03-19 10:35:30 - [TEST_STEP][FAILED] - click(findTestObject("TD2/Registration and Onboarding/Page_Onboarding/span_Next")): Unable to click on object 'Object Repository/TD2/Registration and Onboarding/Page_Onboarding/span_Next' (Root cause: com.kms.katalon.core.exception.StepFailedException: Unable to click on object 'Object Repository/TD2/Registration and Onboarding/Page_Onboarding/span_Next'
	at com.kms.katalon.core.webui.keyword.internal.WebUIKeywordMain.stepFailed(WebUIKeywordMain.groovy:64)
	at com.kms.katalon.core.webui.keyword.internal.WebUIKeywordMain.runKeyword(WebUIKeywordMain.groovy:26)
	at com.kms.katalon.core.webui.keyword.builtin.ClickKeyword.click(ClickKeyword.groovy:102)
	at com.kms.katalon.core.webui.keyword.builtin.ClickKeyword.execute(ClickKeyword.groovy:43)
	at com.kms.katalon.core.keyword.internal.KeywordExecutor.executeKeywordForPlatform(KeywordExecutor.groovy:72)
	at com.kms.katalon.core.webui.keyword.WebUiBuiltInKeywords.click(WebUiBuiltInKeywords.groovy:616)
	at com.kms.katalon.core.webui.keyword.WebUiBuiltInKeywords$click$2.call(Unknown Source)
	at Question - No - No - TryItFree.run(Question - No - No - TryItFree:98)
	at com.kms.katalon.core.main.ScriptEngine.run(ScriptEngine.java:194)
	at com.kms.katalon.core.main.ScriptEngine.runScriptAsRawText(ScriptEngine.java:119)
	at com.kms.katalon.core.main.TestCaseExecutor.runScript(TestCaseExecutor.java:337)
	at com.kms.katalon.core.main.TestCaseExecutor.doExecute(TestCaseExecutor.java:328)
	at com.kms.katalon.core.main.TestCaseExecutor.processExecutionPhase(TestCaseExecutor.java:307)
	at com.kms.katalon.core.main.TestCaseExecutor.accessMainPhase(TestCaseExecutor.java:299)
	at com.kms.katalon.core.main.TestCaseExecutor.execute(TestCaseExecutor.java:233)
	at com.kms.katalon.core.main.TestSuiteExecutor.accessTestCaseMainPhase(TestSuiteExecutor.java:169)
	at com.kms.katalon.core.main.TestSuiteExecutor.accessTestSuiteMainPhase(TestSuiteExecutor.java:142)
	at com.kms.katalon.core.main.TestSuiteExecutor.execute(TestSuiteExecutor.java:91)
	at com.kms.katalon.core.main.TestCaseMain.startTestSuite(TestCaseMain.java:157)
	at com.kms.katalon.core.main.TestCaseMain$startTestSuite$0.call(Unknown Source)
	at TempTestSuite1584594162448.run(TempTestSuite1584594162448.groovy:36)
Caused by: com.kms.katalon.core.webui.exception.WebElementNotFoundException: Web element with id: 'Object Repository/TD2/Registration and Onboarding/Page_Onboarding/span_Next' located by 'By.xpath: //*[@id="wizard-root"]/div[6]/md-dialog/md-dialog-actions/button/span[count(. | //span[(text() = '
      Next
    ' or . = '
      Next
    ')]) = count(//span[(text() = '
      Next
    ' or . = '
      Next
    ')])]' not found
	at com.kms.katalon.core.webui.common.WebUiCommonHelper.findWebElement(WebUiCommonHelper.java:1154)
	at com.kms.katalon.core.webui.keyword.internal.WebUIAbstractKeyword.findWebElement(WebUIAbstractKeyword.groovy:27)
	at com.kms.katalon.core.webui.keyword.internal.WebUIAbstractKeyword.findWebElement(WebUIAbstractKeyword.groovy:26)
	at com.kms.katalon.core.webui.keyword.builtin.ClickKeyword$_click_closure1.doCall(ClickKeyword.groovy:67)
	at com.kms.katalon.core.webui.keyword.builtin.ClickKeyword$_click_closure1.call(ClickKeyword.groovy)
	at com.kms.katalon.core.webui.keyword.internal.WebUIKeywordMain.runKeyword(WebUIKeywordMain.groovy:20)
	at com.kms.katalon.core.webui.keyword.builtin.ClickKeyword.click(ClickKeyword.groovy:102)
	at com.kms.katalon.core.webui.keyword.builtin.ClickKeyword.execute(ClickKeyword.groovy:43)
	at com.kms.katalon.core.keyword.internal.KeywordExecutor.executeKeywordForPlatform(KeywordExecutor.groovy:72)
	at com.kms.katalon.core.webui.keyword.WebUiBuiltInKeywords.click(WebUiBuiltInKeywords.groovy:616)
	at com.kms.katalon.core.webui.keyword.WebUiBuiltInKeywords$click$2.call(Unknown Source)
	at Script1581303676130.run(Script1581303676130.groovy:98)
	... 13 more
)

2020-03-19 10:36:15 - [MESSAGE][INFO] - Unable to find the element located by 'By.xpath: //*[@id="wizard-root"]/div[6]/md-dialog/md-dialog-actions/button/span[count(. | //span[(text() = '
      Next
    ' or . = '
      Next
    ')]) = count(//span[(text() = '
      Next
    ' or . = '
      Next
    ')])]'. Please recheck the objects properties to make sure the desired element is located. 

2020-03-19 10:36:16 - [MESSAGE][FAILED] - Unable to click on object 'Object Repository/TD2/Registration and Onboarding/Page_Onboarding/span_Next' (Root cause: com.kms.katalon.core.exception.StepFailedException: Unable to click on object 'Object Repository/TD2/Registration and Onboarding/Page_Onboarding/span_Next'
	at com.kms.katalon.core.webui.keyword.internal.WebUIKeywordMain.stepFailed(WebUIKeywordMain.groovy:64)
	at com.kms.katalon.core.webui.keyword.internal.WebUIKeywordMain.runKeyword(WebUIKeywordMain.groovy:26)
	at com.kms.katalon.core.webui.keyword.builtin.ClickKeyword.click(ClickKeyword.groovy:102)
	at com.kms.katalon.core.webui.keyword.builtin.ClickKeyword.execute(ClickKeyword.groovy:43)
	at com.kms.katalon.core.keyword.internal.KeywordExecutor.executeKeywordForPlatform(KeywordExecutor.groovy:72)
	at com.kms.katalon.core.webui.keyword.WebUiBuiltInKeywords.click(WebUiBuiltInKeywords.groovy:616)
	at com.kms.katalon.core.webui.keyword.WebUiBuiltInKeywords$click$2.call(Unknown Source)
	at Question - No - No - TryItFree.run(Question - No - No - TryItFree:98)
	at com.kms.katalon.core.main.ScriptEngine.run(ScriptEngine.java:194)
	at com.kms.katalon.core.main.ScriptEngine.runScriptAsRawText(ScriptEngine.java:119)
	at com.kms.katalon.core.main.TestCaseExecutor.runScript(TestCaseExecutor.java:337)
	at com.kms.katalon.core.main.TestCaseExecutor.doExecute(TestCaseExecutor.java:328)
	at com.kms.katalon.core.main.TestCaseExecutor.processExecutionPhase(TestCaseExecutor.java:307)
	at com.kms.katalon.core.main.TestCaseExecutor.accessMainPhase(TestCaseExecutor.java:299)
	at com.kms.katalon.core.main.TestCaseExecutor.execute(TestCaseExecutor.java:233)
	at com.kms.katalon.core.main.TestSuiteExecutor.accessTestCaseMainPhase(TestSuiteExecutor.java:169)
	at com.kms.katalon.core.main.TestSuiteExecutor.accessTestSuiteMainPhase(TestSuiteExecutor.java:142)
	at com.kms.katalon.core.main.TestSuiteExecutor.execute(TestSuiteExecutor.java:91)
	at com.kms.katalon.core.main.TestCaseMain.startTestSuite(TestCaseMain.java:157)
	at com.kms.katalon.core.main.TestCaseMain$startTestSuite$0.call(Unknown Source)
	at TempTestSuite1584594162448.run(TempTestSuite1584594162448.groovy:36)
Caused by: com.kms.katalon.core.webui.exception.WebElementNotFoundException: Web element with id: 'Object Repository/TD2/Registration and Onboarding/Page_Onboarding/span_Next' located by 'By.xpath: //*[@id="wizard-root"]/div[6]/md-dialog/md-dialog-actions/button/span[count(. | //span[(text() = '
      Next
    ' or . = '
      Next
    ')]) = count(//span[(text() = '
      Next
    ' or . = '
      Next
    ')])]' not found
	at com.kms.katalon.core.webui.common.WebUiCommonHelper.findWebElement(WebUiCommonHelper.java:1154)
	at com.kms.katalon.core.webui.keyword.internal.WebUIAbstractKeyword.findWebElement(WebUIAbstractKeyword.groovy:27)
	at com.kms.katalon.core.webui.keyword.internal.WebUIAbstractKeyword.findWebElement(WebUIAbstractKeyword.groovy:26)
	at com.kms.katalon.core.webui.keyword.builtin.ClickKeyword$_click_closure1.doCall(ClickKeyword.groovy:67)
	at com.kms.katalon.core.webui.keyword.builtin.ClickKeyword$_click_closure1.call(ClickKeyword.groovy)
	at com.kms.katalon.core.webui.keyword.internal.WebUIKeywordMain.runKeyword(WebUIKeywordMain.groovy:20)
	at com.kms.katalon.core.webui.keyword.builtin.ClickKeyword.click(ClickKeyword.groovy:102)
	at com.kms.katalon.core.webui.keyword.builtin.ClickKeyword.execute(ClickKeyword.groovy:43)
	at com.kms.katalon.core.keyword.internal.KeywordExecutor.executeKeywordForPlatform(KeywordExecutor.groovy:72)
	at com.kms.katalon.core.webui.keyword.WebUiBuiltInKeywords.click(WebUiBuiltInKeywords.groovy:616)
	at com.kms.katalon.core.webui.keyword.WebUiBuiltInKeywords$click$2.call(Unknown Source)
	at Script1581303676130.run(Script1581303676130.groovy:98)
	... 13 more
)
[[ATTACHMENT|/Users/payalchoksey/Desktop/TD2 - Till CC/Reports/20200319_103242/TD2/Registration and Onboarding/Selecting How to Start the Free Account - Visible and Silent/20200319_103242/1584594375548.png]]]]></system-out>
         <system-err><![CDATA[2020-03-19 10:35:00 - [TEST_CASE][FAILED] - Test Cases/TD2/Signup and OnBoarding/Registration With Different Options for Questions Asked/Question - No - No - TryItFree: Test Cases/TD2/Signup and OnBoarding/Registration With Different Options for Questions Asked/Question - No - No - TryItFree FAILED.
Reason:
com.kms.katalon.core.exception.StepFailedException: Unable to click on object 'Object Repository/TD2/Registration and Onboarding/Page_Onboarding/span_Next'
	at com.kms.katalon.core.webui.keyword.internal.WebUIKeywordMain.stepFailed(WebUIKeywordMain.groovy:64)
	at com.kms.katalon.core.webui.keyword.internal.WebUIKeywordMain.runKeyword(WebUIKeywordMain.groovy:26)
	at com.kms.katalon.core.webui.keyword.builtin.ClickKeyword.click(ClickKeyword.groovy:102)
	at com.kms.katalon.core.webui.keyword.builtin.ClickKeyword.execute(ClickKeyword.groovy:43)
	at com.kms.katalon.core.keyword.internal.KeywordExecutor.executeKeywordForPlatform(KeywordExecutor.groovy:72)
	at com.kms.katalon.core.webui.keyword.WebUiBuiltInKeywords.click(WebUiBuiltInKeywords.groovy:616)
	at com.kms.katalon.core.webui.keyword.WebUiBuiltInKeywords$click$2.call(Unknown Source)
	at Question - No - No - TryItFree.run(Question - No - No - TryItFree:98)
	at com.kms.katalon.core.main.ScriptEngine.run(ScriptEngine.java:194)
	at com.kms.katalon.core.main.ScriptEngine.runScriptAsRawText(ScriptEngine.java:119)
	at com.kms.katalon.core.main.TestCaseExecutor.runScript(TestCaseExecutor.java:337)
	at com.kms.katalon.core.main.TestCaseExecutor.doExecute(TestCaseExecutor.java:328)
	at com.kms.katalon.core.main.TestCaseExecutor.processExecutionPhase(TestCaseExecutor.java:307)
	at com.kms.katalon.core.main.TestCaseExecutor.accessMainPhase(TestCaseExecutor.java:299)
	at com.kms.katalon.core.main.TestCaseExecutor.execute(TestCaseExecutor.java:233)
	at com.kms.katalon.core.main.TestSuiteExecutor.accessTestCaseMainPhase(TestSuiteExecutor.java:169)
	at com.kms.katalon.core.main.TestSuiteExecutor.accessTestSuiteMainPhase(TestSuiteExecutor.java:142)
	at com.kms.katalon.core.main.TestSuiteExecutor.execute(TestSuiteExecutor.java:91)
	at com.kms.katalon.core.main.TestCaseMain.startTestSuite(TestCaseMain.java:157)
	at com.kms.katalon.core.main.TestCaseMain$startTestSuite$0.call(Unknown Source)
	at TempTestSuite1584594162448.run(TempTestSuite1584594162448.groovy:36)
Caused by: com.kms.katalon.core.webui.exception.WebElementNotFoundException: Web element with id: 'Object Repository/TD2/Registration and Onboarding/Page_Onboarding/span_Next' located by 'By.xpath: //*[@id="wizard-root"]/div[6]/md-dialog/md-dialog-actions/button/span[count(. | //span[(text() = '
      Next
    ' or . = '
      Next
    ')]) = count(//span[(text() = '
      Next
    ' or . = '
      Next
    ')])]' not found
	at com.kms.katalon.core.webui.common.WebUiCommonHelper.findWebElement(WebUiCommonHelper.java:1154)
	at com.kms.katalon.core.webui.keyword.internal.WebUIAbstractKeyword.findWebElement(WebUIAbstractKeyword.groovy:27)
	at com.kms.katalon.core.webui.keyword.internal.WebUIAbstractKeyword.findWebElement(WebUIAbstractKeyword.groovy:26)
	at com.kms.katalon.core.webui.keyword.builtin.ClickKeyword$_click_closure1.doCall(ClickKeyword.groovy:67)
	at com.kms.katalon.core.webui.keyword.builtin.ClickKeyword$_click_closure1.call(ClickKeyword.groovy)
	at com.kms.katalon.core.webui.keyword.internal.WebUIKeywordMain.runKeyword(WebUIKeywordMain.groovy:20)
	... 19 more]]></system-err>
      </testcase>
      <testcase name="Test Cases/TD2/General/Opening Browser" time="10.374" classname="Test Cases/TD2/General/Opening Browser" status="PASSED">
         <system-out><![CDATA[2020-03-19 10:36:16 - [TEST_CASE][PASSED] - Test Cases/TD2/General/Opening Browser: Test Cases/TD2/General/Opening Browser

2020-03-19 10:36:16 - [TEST_STEP][PASSED] - openBrowser(""): Browser is opened with url: ''

2020-03-19 10:36:16 - [MESSAGE][WARNING] - A browser is already opened. Closing browser and opening a new one

2020-03-19 10:36:16 - [MESSAGE][INFO] - Starting 'Chrome' driver

2020-03-19 10:36:18 - [MESSAGE][PASSED] - Browser is opened with url: ''

2020-03-19 10:36:18 - [TEST_STEP][PASSED] - navigateToUrl("https://2a.timedoctor.com"): Navigate to 'https://2a.timedoctor.com' successfully

2020-03-19 10:36:26 - [MESSAGE][PASSED] - Navigate to 'https://2a.timedoctor.com' successfully

2020-03-19 10:36:26 - [TEST_STEP][PASSED] - maximizeWindow(): Current window maximized

2020-03-19 10:36:26 - [MESSAGE][PASSED] - Current window maximized]]></system-out>
         <system-err><![CDATA[]]></system-err>
      </testcase>
      <testcase name="Test Cases/TD2/Signup and OnBoarding/Registration With Different Options for Questions Asked/CC - Negative Testing" time="68.397" classname="Test Cases/TD2/Signup and OnBoarding/Registration With Different Options for Questions Asked/CC - Negative Testing" status="PASSED">
         <system-out><![CDATA[2020-03-19 10:36:26 - [TEST_CASE][PASSED] - Test Cases/TD2/Signup and OnBoarding/Registration With Different Options for Questions Asked/CC - Negative Testing: Test Cases/TD2/Signup and OnBoarding/Registration With Different Options for Questions Asked/CC - Negative Testing

2020-03-19 10:36:27 - [TEST_STEP][NOT_RUN] - openBrowser(""): NOT_RUN: openBrowser("")

2020-03-19 10:36:27 - [MESSAGE][NOT_RUN] - NOT_RUN: openBrowser("")

2020-03-19 10:36:27 - [TEST_STEP][NOT_RUN] - maximizeWindow(): NOT_RUN: maximizeWindow()

2020-03-19 10:36:27 - [MESSAGE][NOT_RUN] - NOT_RUN: maximizeWindow()

2020-03-19 10:36:27 - [TEST_STEP][NOT_RUN] - navigateToUrl("www.timedoctor.com"): NOT_RUN: navigateToUrl("www.timedoctor.com")

2020-03-19 10:36:27 - [MESSAGE][NOT_RUN] - NOT_RUN: navigateToUrl("www.timedoctor.com")

2020-03-19 10:36:27 - [TEST_STEP][PASSED] - click(findTestObject("TD2/Registration and Onboarding/Page_Registration/Register Button")): Object: 'Object Repository/TD2/Registration and Onboarding/Page_Registration/Register Button' is clicked on

2020-03-19 10:36:31 - [MESSAGE][PASSED] - Object: 'Object Repository/TD2/Registration and Onboarding/Page_Registration/Register Button' is clicked on

2020-03-19 10:36:31 - [TEST_STEP][PASSED] - if (verifyElementPresent(findTestObject("TD2/Registration and Onboarding/Page_Registration/WebsiteVersion"), 10, OPTIONAL)): null

2020-03-19 10:36:33 - [MESSAGE][PASSED] - Object 'Object Repository/TD2/Registration and Onboarding/Page_Registration/WebsiteVersion' is present

2020-03-19 10:36:33 - [TEST_STEP][PASSED] - click(findTestObject("TD2/Registration and Onboarding/Page_Registration/SwitchVersion")): Object: 'Object Repository/TD2/Registration and Onboarding/Page_Registration/SwitchVersion' is clicked on

2020-03-19 10:36:33 - [MESSAGE][ERROR] - javascript error: Failed to execute 'elementsFromPoint' on 'Document': The provided double value is non-finite.
  (Session info: chrome=80.0.3987.149)
Build info: version: '3.141.59', revision: 'e82be7d358', time: '2018-11-14T08:25:53'
System info: host: 'payals-air', ip: 'fe80:0:0:0:1c54:7313:354:3ba5%en0', os.name: 'Mac OS X', os.arch: 'x86_64', os.version: '10.15.3', java.version: '1.8.0_181'
Driver info: com.kms.katalon.selenium.driver.CChromeDriver
Capabilities {acceptInsecureCerts: false, browserName: chrome, browserVersion: 80.0.3987.149, chrome: {chromedriverVersion: 79.0.3945.36 (3582db32b3389..., userDataDir: /var/folders/y0/2h8rty_s349...}, goog:chromeOptions: {debuggerAddress: localhost:53300}, javascriptEnabled: true, networkConnectionEnabled: false, pageLoadStrategy: normal, platform: MAC, platformName: MAC, proxy: Proxy(), setWindowRect: true, strictFileInteractability: false, timeouts: {implicit: 0, pageLoad: 300000, script: 30000}, unhandledPromptBehavior: dismiss and notify}
Session ID: fbc70b32464805a6df167383194381fb

2020-03-19 10:37:04 - [MESSAGE][ERROR] - javascript error: Failed to execute 'elementsFromPoint' on 'Document': The provided double value is non-finite.
  (Session info: chrome=80.0.3987.149)
Build info: version: '3.141.59', revision: 'e82be7d358', time: '2018-11-14T08:25:53'
System info: host: 'payals-air', ip: 'fe80:0:0:0:1c54:7313:354:3ba5%en0', os.name: 'Mac OS X', os.arch: 'x86_64', os.version: '10.15.3', java.version: '1.8.0_181'
Driver info: com.kms.katalon.selenium.driver.CChromeDriver
Capabilities {acceptInsecureCerts: false, browserName: chrome, browserVersion: 80.0.3987.149, chrome: {chromedriverVersion: 79.0.3945.36 (3582db32b3389..., userDataDir: /var/folders/y0/2h8rty_s349...}, goog:chromeOptions: {debuggerAddress: localhost:53300}, javascriptEnabled: true, networkConnectionEnabled: false, pageLoadStrategy: normal, platform: MAC, platformName: MAC, proxy: Proxy(), setWindowRect: true, strictFileInteractability: false, timeouts: {implicit: 0, pageLoad: 300000, script: 30000}, unhandledPromptBehavior: dismiss and notify}
Session ID: fbc70b32464805a6df167383194381fb

2020-03-19 10:37:04 - [MESSAGE][PASSED] - Object: 'Object Repository/TD2/Registration and Onboarding/Page_Registration/SwitchVersion' is clicked on

2020-03-19 10:37:04 - [TEST_STEP][PASSED] - if (verifyElementPresent(findTestObject("TD2/Registration and Onboarding/Page_Registration/ButtonYes"), 10, OPTIONAL)): null

2020-03-19 10:37:04 - [MESSAGE][PASSED] - Object 'Object Repository/TD2/Registration and Onboarding/Page_Registration/ButtonYes' is present

2020-03-19 10:37:04 - [TEST_STEP][PASSED] - click(findTestObject("TD2/Registration and Onboarding/Page_Onboarding/ButtonNo")): Object: 'Object Repository/TD2/Registration and Onboarding/Page_Onboarding/ButtonNo' is clicked on

2020-03-19 10:37:05 - [MESSAGE][PASSED] - Object: 'Object Repository/TD2/Registration and Onboarding/Page_Onboarding/ButtonNo' is clicked on

2020-03-19 10:37:05 - [TEST_STEP][PASSED] - click(findTestObject("TD2/Registration and Onboarding/Page_Onboarding/ButtonNo1")): Object: 'Object Repository/TD2/Registration and Onboarding/Page_Onboarding/ButtonNo1' is clicked on

2020-03-19 10:37:05 - [MESSAGE][PASSED] - Object: 'Object Repository/TD2/Registration and Onboarding/Page_Onboarding/ButtonNo1' is clicked on

2020-03-19 10:37:05 - [TEST_STEP][PASSED] - click(findTestObject("TD2/Registration and Onboarding/Page_Onboarding/ButtonTryItFree")): Object: 'Object Repository/TD2/Registration and Onboarding/Page_Onboarding/ButtonTryItFree' is clicked on

2020-03-19 10:37:07 - [MESSAGE][PASSED] - Object: 'Object Repository/TD2/Registration and Onboarding/Page_Onboarding/ButtonTryItFree' is clicked on

2020-03-19 10:37:07 - [TEST_STEP][PASSED] - click(findTestObject("TD2/Registration and Onboarding/Page_Registration/RadioAccountOption")): Object: 'Object Repository/TD2/Registration and Onboarding/Page_Registration/RadioAccountOption' is clicked on

2020-03-19 10:37:08 - [MESSAGE][PASSED] - Object: 'Object Repository/TD2/Registration and Onboarding/Page_Registration/RadioAccountOption' is clicked on

2020-03-19 10:37:08 - [TEST_STEP][NOT_RUN] - click(findTestObject("TD2/Registration and Onboarding/Page_Onboarding/RadioButtonVisible")): NOT_RUN: click(findTestObject("TD2/Registration and Onboarding/Page_Onboarding/RadioButtonVisible"))

2020-03-19 10:37:08 - [MESSAGE][NOT_RUN] - NOT_RUN: click(findTestObject("TD2/Registration and Onboarding/Page_Onboarding/RadioButtonVisible"))

2020-03-19 10:37:08 - [TEST_STEP][PASSED] - click(findTestObject("TD2/Registration and Onboarding/Page_Registration/ButtonContinue")): Object: 'Object Repository/TD2/Registration and Onboarding/Page_Registration/ButtonContinue' is clicked on

2020-03-19 10:37:08 - [MESSAGE][PASSED] - Object: 'Object Repository/TD2/Registration and Onboarding/Page_Registration/ButtonContinue' is clicked on

2020-03-19 10:37:08 - [TEST_STEP][PASSED] - setText(findTestObject("TD2/Registration and Onboarding/Page_Registration/InputName"), "Payal"): Text 'Payal' is set on object 'Object Repository/TD2/Registration and Onboarding/Page_Registration/InputName'

2020-03-19 10:37:09 - [MESSAGE][PASSED] - Text 'Payal' is set on object 'Object Repository/TD2/Registration and Onboarding/Page_Registration/InputName'

2020-03-19 10:37:09 - [TEST_STEP][NOT_RUN] - setText(findTestObject("TD2/Registration and Onboarding/Page_Registration/InputCompanyEmail"), "payal+qw4@timedoctor.com"): NOT_RUN: setText(findTestObject("TD2/Registration and Onboarding/Page_Registration/InputCompanyEmail"), "payal+qw4@timedoctor.com")

2020-03-19 10:37:09 - [MESSAGE][NOT_RUN] - NOT_RUN: setText(findTestObject("TD2/Registration and Onboarding/Page_Registration/InputCompanyEmail"), "payal+qw4@timedoctor.com")

2020-03-19 10:37:09 - [TEST_STEP][PASSED] - driver = getWebDriver(): null

2020-03-19 10:37:09 - [TEST_STEP][PASSED] - emailAddress = "payal+" + getDateTime() + "@timedoctor.com": null

2020-03-19 10:37:09 - [TEST_STEP][PASSED] - nowDateTime = new java.text.SimpleDateFormat(yyMMddHHmmss): null

2020-03-19 10:37:09 - [TEST_STEP][PASSED] - now = new java.util.Date(): null

2020-03-19 10:37:09 - [TEST_STEP][PASSED] - strDate = nowDateTime.format(now): null

2020-03-19 10:37:09 - [TEST_STEP][PASSED] - return strDate: NOT_RUN: click(findTestObject("TD2/Registration and Onboarding/Page_Onboarding/ButtonLogout"))

2020-03-19 10:37:09 - [TEST_STEP][PASSED] - waitForElementVisible(findTestObject("TD2/Registration and Onboarding/Page_Registration/InputCompanyEmail"), 10): Object 'Object Repository/TD2/Registration and Onboarding/Page_Registration/InputCompanyEmail' is visible

2020-03-19 10:37:10 - [MESSAGE][PASSED] - Object 'Object Repository/TD2/Registration and Onboarding/Page_Registration/InputCompanyEmail' is visible

2020-03-19 10:37:10 - [TEST_STEP][PASSED] - setText(findTestObject("TD2/Registration and Onboarding/Page_Registration/InputCompanyEmail"), emailAddress): Text 'payal+200319103709@timedoctor.com' is set on object 'Object Repository/TD2/Registration and Onboarding/Page_Registration/InputCompanyEmail'

2020-03-19 10:37:10 - [MESSAGE][PASSED] - Text 'payal+200319103709@timedoctor.com' is set on object 'Object Repository/TD2/Registration and Onboarding/Page_Registration/InputCompanyEmail'

2020-03-19 10:37:10 - [TEST_STEP][PASSED] - setEncryptedText(findTestObject("TD2/Registration and Onboarding/Page_Registration/InputPassword"), "Px/nOzMEHWxU8lgHigNsmA=="): Text ****** has been set on object 'Object Repository/TD2/Registration and Onboarding/Page_Registration/InputPassword'

2020-03-19 10:37:11 - [MESSAGE][PASSED] - Text ****** has been set on object 'Object Repository/TD2/Registration and Onboarding/Page_Registration/InputPassword'

2020-03-19 10:37:11 - [TEST_STEP][PASSED] - click(findTestObject("TD2/Registration and Onboarding/Page_Registration/ButtonTestItOut")): Object: 'Object Repository/TD2/Registration and Onboarding/Page_Registration/ButtonTestItOut' is clicked on

2020-03-19 10:37:12 - [MESSAGE][PASSED] - Object: 'Object Repository/TD2/Registration and Onboarding/Page_Registration/ButtonTestItOut' is clicked on

2020-03-19 10:37:12 - [TEST_STEP][PASSED] - delay(5): Delayed 5 second(s)

2020-03-19 10:37:17 - [MESSAGE][PASSED] - Delayed 5 second(s)

2020-03-19 10:37:17 - [TEST_STEP][PASSED] - click(findTestObject("TD2/Registration and Onboarding/Registration/Registration - Negative/Page_12 - Team Dashboard/ButtonGet 100 account credit")): Object: 'Object Repository/TD2/Registration and Onboarding/Registration/Registration - Negative/Page_12 - Team Dashboard/ButtonGet 100 account credit' is clicked on

2020-03-19 10:37:25 - [MESSAGE][PASSED] - Object: 'Object Repository/TD2/Registration and Onboarding/Registration/Registration - Negative/Page_12 - Team Dashboard/ButtonGet 100 account credit' is clicked on

2020-03-19 10:37:25 - [TEST_STEP][NOT_RUN] - verifyElementText(findTestObject("TD2/Registration and Onboarding/Registration/Registration - Negative/Page_12 - Team Dashboard/TextPlease enter your card details"), "Please enter your card details."): NOT_RUN: verifyElementText(findTestObject("TD2/Registration and Onboarding/Registration/Registration - Negative/Page_12 - Team Dashboard/TextPlease enter your card details"), "Please enter your card details.")

2020-03-19 10:37:25 - [MESSAGE][NOT_RUN] - NOT_RUN: verifyElementText(findTestObject("TD2/Registration and Onboarding/Registration/Registration - Negative/Page_12 - Team Dashboard/TextPlease enter your card details"), "Please enter your card details.")

2020-03-19 10:37:25 - [TEST_STEP][PASSED] - setText(findTestObject("TD2/Registration and Onboarding/Registration/Registration - Negative/Page_12 - Team Dashboard/input_Name on Card_name"), "Payal Choksey"): Text 'Payal Choksey' is set on object 'Object Repository/TD2/Registration and Onboarding/Registration/Registration - Negative/Page_12 - Team Dashboard/input_Name on Card_name'

2020-03-19 10:37:26 - [MESSAGE][PASSED] - Text 'Payal Choksey' is set on object 'Object Repository/TD2/Registration and Onboarding/Registration/Registration - Negative/Page_12 - Team Dashboard/input_Name on Card_name'

2020-03-19 10:37:26 - [TEST_STEP][PASSED] - setText(findTestObject("TD2/Registration and Onboarding/Registration/Registration - Negative/Page_12 - Team Dashboard/input_Card Number_number"), "4242 4242 2424 4242 424"): Text '4242 4242 2424 4242 424' is set on object 'Object Repository/TD2/Registration and Onboarding/Registration/Registration - Negative/Page_12 - Team Dashboard/input_Card Number_number'

2020-03-19 10:37:27 - [MESSAGE][PASSED] - Text '4242 4242 2424 4242 424' is set on object 'Object Repository/TD2/Registration and Onboarding/Registration/Registration - Negative/Page_12 - Team Dashboard/input_Card Number_number'

2020-03-19 10:37:27 - [TEST_STEP][PASSED] - setText(findTestObject("TD2/Registration and Onboarding/Registration/Registration - Negative/Page_12 - Team Dashboard/input_Expiration_expiry"), "04/2022"): Text '04/2022' is set on object 'Object Repository/TD2/Registration and Onboarding/Registration/Registration - Negative/Page_12 - Team Dashboard/input_Expiration_expiry'

2020-03-19 10:37:28 - [MESSAGE][PASSED] - Text '04/2022' is set on object 'Object Repository/TD2/Registration and Onboarding/Registration/Registration - Negative/Page_12 - Team Dashboard/input_Expiration_expiry'

2020-03-19 10:37:28 - [TEST_STEP][PASSED] - setText(findTestObject("TD2/Registration and Onboarding/Registration/Registration - Negative/Page_12 - Team Dashboard/input_CVC_cvc"), "123"): Text '123' is set on object 'Object Repository/TD2/Registration and Onboarding/Registration/Registration - Negative/Page_12 - Team Dashboard/input_CVC_cvc'

2020-03-19 10:37:28 - [MESSAGE][PASSED] - Text '123' is set on object 'Object Repository/TD2/Registration and Onboarding/Registration/Registration - Negative/Page_12 - Team Dashboard/input_CVC_cvc'

2020-03-19 10:37:28 - [TEST_STEP][PASSED] - click(findTestObject("TD2/Registration and Onboarding/Registration/Registration - Negative/Page_12 - Team Dashboard/ButtonGet 100 account credit")): Object: 'Object Repository/TD2/Registration and Onboarding/Registration/Registration - Negative/Page_12 - Team Dashboard/ButtonGet 100 account credit' is clicked on

2020-03-19 10:37:29 - [MESSAGE][PASSED] - Object: 'Object Repository/TD2/Registration and Onboarding/Registration/Registration - Negative/Page_12 - Team Dashboard/ButtonGet 100 account credit' is clicked on

2020-03-19 10:37:29 - [TEST_STEP][PASSED] - delay(5): Delayed 5 second(s)

2020-03-19 10:37:34 - [MESSAGE][PASSED] - Delayed 5 second(s)

2020-03-19 10:37:34 - [TEST_STEP][NOT_RUN] - verifyElementText(findTestObject("TD2/Registration and Onboarding/Registration/Registration - Negative/Page_12 - Team Dashboard/TextSome error occurred Please check your c_f15526"), "Please enter a valid card number"): NOT_RUN: verifyElementText(findTestObject("TD2/Registration and Onboarding/Registration/Registration - Negative/Page_12 - Team Dashboard/TextSome error occurred Please check your c_f15526"), "Please enter a valid card number")

2020-03-19 10:37:34 - [MESSAGE][NOT_RUN] - NOT_RUN: verifyElementText(findTestObject("TD2/Registration and Onboarding/Registration/Registration - Negative/Page_12 - Team Dashboard/TextSome error occurred Please check your c_f15526"), "Please enter a valid card number")

2020-03-19 10:37:34 - [TEST_STEP][PASSED] - click(findTestObject("TD2/Registration and Onboarding/Registration/Registration - Negative/Page_12 - Team Dashboard/ButtonNo I like paying full price")): Object: 'Object Repository/TD2/Registration and Onboarding/Registration/Registration - Negative/Page_12 - Team Dashboard/ButtonNo I like paying full price' is clicked on

2020-03-19 10:37:34 - [MESSAGE][PASSED] - Object: 'Object Repository/TD2/Registration and Onboarding/Registration/Registration - Negative/Page_12 - Team Dashboard/ButtonNo I like paying full price' is clicked on

2020-03-19 10:37:34 - [TEST_STEP][NOT_RUN] - click(findTestObject("TD2/Registration and Onboarding/Page_Onboarding/span_No I like paying")): NOT_RUN: click(findTestObject("TD2/Registration and Onboarding/Page_Onboarding/span_No I like paying"))

2020-03-19 10:37:34 - [MESSAGE][NOT_RUN] - NOT_RUN: click(findTestObject("TD2/Registration and Onboarding/Page_Onboarding/span_No I like paying"))

2020-03-19 10:37:34 - [TEST_STEP][NOT_RUN] - if (verifyElementPresent(findTestObject("TD2/Registration and Onboarding/Page_Onboarding/Company Name"), 10, OPTIONAL)): NOT_RUN: if (verifyElementPresent(findTestObject("TD2/Registration and Onboarding/Page_Onboarding/Company Name"), 10, OPTIONAL))

2020-03-19 10:37:34 - [MESSAGE][NOT_RUN] - NOT_RUN: if (verifyElementPresent(findTestObject("TD2/Registration and Onboarding/Page_Onboarding/Company Name"), 10, OPTIONAL))

2020-03-19 10:37:34 - [TEST_STEP][NOT_RUN] - click(findTestObject("TD2/Registration and Onboarding/Page_Onboarding/Next2")): NOT_RUN: click(findTestObject("TD2/Registration and Onboarding/Page_Onboarding/Next2"))

2020-03-19 10:37:34 - [MESSAGE][NOT_RUN] - NOT_RUN: click(findTestObject("TD2/Registration and Onboarding/Page_Onboarding/Next2"))

2020-03-19 10:37:34 - [TEST_STEP][NOT_RUN] - click(findTestObject("TD2/Registration and Onboarding/Page_Onboarding/Next2")): NOT_RUN: click(findTestObject("TD2/Registration and Onboarding/Page_Onboarding/Next2"))

2020-03-19 10:37:34 - [MESSAGE][NOT_RUN] - NOT_RUN: click(findTestObject("TD2/Registration and Onboarding/Page_Onboarding/Next2"))

2020-03-19 10:37:34 - [TEST_STEP][NOT_RUN] - click(findTestObject("TD2/Registration and Onboarding/Page_Onboarding/span_Next")): NOT_RUN: click(findTestObject("TD2/Registration and Onboarding/Page_Onboarding/span_Next"))

2020-03-19 10:37:34 - [MESSAGE][NOT_RUN] - NOT_RUN: click(findTestObject("TD2/Registration and Onboarding/Page_Onboarding/span_Next"))

2020-03-19 10:37:34 - [TEST_STEP][NOT_RUN] - click(findTestObject("TD2/Registration and Onboarding/Page_Onboarding/Next - Set up your Account")): NOT_RUN: click(findTestObject("TD2/Registration and Onboarding/Page_Onboarding/Next - Set up your Account"))

2020-03-19 10:37:34 - [MESSAGE][NOT_RUN] - NOT_RUN: click(findTestObject("TD2/Registration and Onboarding/Page_Onboarding/Next - Set up your Account"))

2020-03-19 10:37:34 - [TEST_STEP][NOT_RUN] - click(findTestObject("TD2/Registration and Onboarding/Page_Onboarding/I dont have team")): NOT_RUN: click(findTestObject("TD2/Registration and Onboarding/Page_Onboarding/I dont have team"))

2020-03-19 10:37:34 - [MESSAGE][NOT_RUN] - NOT_RUN: click(findTestObject("TD2/Registration and Onboarding/Page_Onboarding/I dont have team"))

2020-03-19 10:37:34 - [TEST_STEP][NOT_RUN] - click(findTestObject("TD2/Registration and Onboarding/Page_Onboarding/Submit - Invite")): NOT_RUN: click(findTestObject("TD2/Registration and Onboarding/Page_Onboarding/Submit - Invite"))

2020-03-19 10:37:34 - [MESSAGE][NOT_RUN] - NOT_RUN: click(findTestObject("TD2/Registration and Onboarding/Page_Onboarding/Submit - Invite"))

2020-03-19 10:37:34 - [TEST_STEP][NOT_RUN] - click(findTestObject("TD2/Registration and Onboarding/Page_Onboarding/ButtonSkip")): NOT_RUN: click(findTestObject("TD2/Registration and Onboarding/Page_Onboarding/ButtonSkip"))

2020-03-19 10:37:34 - [MESSAGE][NOT_RUN] - NOT_RUN: click(findTestObject("TD2/Registration and Onboarding/Page_Onboarding/ButtonSkip"))

2020-03-19 10:37:34 - [TEST_STEP][NOT_RUN] - selectOptionByValue(findTestObject("TD2/Registration and Onboarding/Page_Onboarding/DropdownInvite"), "0", true): NOT_RUN: selectOptionByValue(findTestObject("TD2/Registration and Onboarding/Page_Onboarding/DropdownInvite"), "0", true)

2020-03-19 10:37:34 - [MESSAGE][NOT_RUN] - NOT_RUN: selectOptionByValue(findTestObject("TD2/Registration and Onboarding/Page_Onboarding/DropdownInvite"), "0", true)

2020-03-19 10:37:34 - [TEST_STEP][NOT_RUN] - click(findTestObject("TD2/Registration and Onboarding/Page_Onboarding/span_Submit")): NOT_RUN: click(findTestObject("TD2/Registration and Onboarding/Page_Onboarding/span_Submit"))

2020-03-19 10:37:34 - [MESSAGE][NOT_RUN] - NOT_RUN: click(findTestObject("TD2/Registration and Onboarding/Page_Onboarding/span_Submit"))

2020-03-19 10:37:34 - [TEST_STEP][NOT_RUN] - click(findTestObject("TD2/Registration and Onboarding/Page_Onboarding/ButtonUserMenu")): NOT_RUN: click(findTestObject("TD2/Registration and Onboarding/Page_Onboarding/ButtonUserMenu"))

2020-03-19 10:37:34 - [MESSAGE][NOT_RUN] - NOT_RUN: click(findTestObject("TD2/Registration and Onboarding/Page_Onboarding/ButtonUserMenu"))

2020-03-19 10:37:34 - [TEST_STEP][NOT_RUN] - click(findTestObject("TD2/Registration and Onboarding/Page_Onboarding/ButtonLogout")): NOT_RUN: click(findTestObject("TD2/Registration and Onboarding/Page_Onboarding/ButtonLogout"))

2020-03-19 10:37:34 - [MESSAGE][NOT_RUN] - NOT_RUN: click(findTestObject("TD2/Registration and Onboarding/Page_Onboarding/ButtonLogout"))

2020-03-19 10:37:34 - [TEST_STEP][PASSED] - closeBrowser(): Browser is closed

2020-03-19 10:37:35 - [MESSAGE][PASSED] - Browser is closed]]></system-out>
         <system-err><![CDATA[]]></system-err>
      </testcase>
      <system-out><![CDATA[2020-03-19 10:32:46 - [TEST_SUITE][FAILED] - Selecting How to Start the Free Account - Visible and Silent: Test Cases/TD2/Signup and OnBoarding/Registration With Different Options for Questions Asked/Question - No - No - TryItFree FAILED.
Reason:
com.kms.katalon.core.exception.StepFailedException: Unable to click on object 'Object Repository/TD2/Registration and Onboarding/Page_Onboarding/span_Next'
	at com.kms.katalon.core.webui.keyword.internal.WebUIKeywordMain.stepFailed(WebUIKeywordMain.groovy:64)
	at com.kms.katalon.core.webui.keyword.internal.WebUIKeywordMain.runKeyword(WebUIKeywordMain.groovy:26)
	at com.kms.katalon.core.webui.keyword.builtin.ClickKeyword.click(ClickKeyword.groovy:102)
	at com.kms.katalon.core.webui.keyword.builtin.ClickKeyword.execute(ClickKeyword.groovy:43)
	at com.kms.katalon.core.keyword.internal.KeywordExecutor.executeKeywordForPlatform(KeywordExecutor.groovy:72)
	at com.kms.katalon.core.webui.keyword.WebUiBuiltInKeywords.click(WebUiBuiltInKeywords.groovy:616)
	at com.kms.katalon.core.webui.keyword.WebUiBuiltInKeywords$click$2.call(Unknown Source)
	at Question - No - No - TryItFree.run(Question - No - No - TryItFree:98)
	at com.kms.katalon.core.main.ScriptEngine.run(ScriptEngine.java:194)
	at com.kms.katalon.core.main.ScriptEngine.runScriptAsRawText(ScriptEngine.java:119)
	at com.kms.katalon.core.main.TestCaseExecutor.runScript(TestCaseExecutor.java:337)
	at com.kms.katalon.core.main.TestCaseExecutor.doExecute(TestCaseExecutor.java:328)
	at com.kms.katalon.core.main.TestCaseExecutor.processExecutionPhase(TestCaseExecutor.java:307)
	at com.kms.katalon.core.main.TestCaseExecutor.accessMainPhase(TestCaseExecutor.java:299)
	at com.kms.katalon.core.main.TestCaseExecutor.execute(TestCaseExecutor.java:233)
	at com.kms.katalon.core.main.TestSuiteExecutor.accessTestCaseMainPhase(TestSuiteExecutor.java:169)
	at com.kms.katalon.core.main.TestSuiteExecutor.accessTestSuiteMainPhase(TestSuiteExecutor.java:142)
	at com.kms.katalon.core.main.TestSuiteExecutor.execute(TestSuiteExecutor.java:91)
	at com.kms.katalon.core.main.TestCaseMain.startTestSuite(TestCaseMain.java:157)
	at com.kms.katalon.core.main.TestCaseMain$startTestSuite$0.call(Unknown Source)
	at TempTestSuite1584594162448.run(TempTestSuite1584594162448.groovy:36)
Caused by: com.kms.katalon.core.webui.exception.WebElementNotFoundException: Web element with id: 'Object Repository/TD2/Registration and Onboarding/Page_Onboarding/span_Next' located by 'By.xpath: //*[@id="wizard-root"]/div[6]/md-dialog/md-dialog-actions/button/span[count(. | //span[(text() = '
      Next
    ' or . = '
      Next
    ')]) = count(//span[(text() = '
      Next
    ' or . = '
      Next
    ')])]' not found
	at com.kms.katalon.core.webui.common.WebUiCommonHelper.findWebElement(WebUiCommonHelper.java:1154)
	at com.kms.katalon.core.webui.keyword.internal.WebUIAbstractKeyword.findWebElement(WebUIAbstractKeyword.groovy:27)
	at com.kms.katalon.core.webui.keyword.internal.WebUIAbstractKeyword.findWebElement(WebUIAbstractKeyword.groovy:26)
	at com.kms.katalon.core.webui.keyword.builtin.ClickKeyword$_click_closure1.doCall(ClickKeyword.groovy:67)
	at com.kms.katalon.core.webui.keyword.builtin.ClickKeyword$_click_closure1.call(ClickKeyword.groovy)
	at com.kms.katalon.core.webui.keyword.internal.WebUIKeywordMain.runKeyword(WebUIKeywordMain.groovy:20)
	... 19 more]]></system-out>
      <system-err><![CDATA[2020-03-19 10:32:46 - [TEST_SUITE][FAILED] - Selecting How to Start the Free Account - Visible and Silent: Test Cases/TD2/Signup and OnBoarding/Registration With Different Options for Questions Asked/Question - No - No - TryItFree FAILED.
Reason:
com.kms.katalon.core.exception.StepFailedException: Unable to click on object 'Object Repository/TD2/Registration and Onboarding/Page_Onboarding/span_Next'
	at com.kms.katalon.core.webui.keyword.internal.WebUIKeywordMain.stepFailed(WebUIKeywordMain.groovy:64)
	at com.kms.katalon.core.webui.keyword.internal.WebUIKeywordMain.runKeyword(WebUIKeywordMain.groovy:26)
	at com.kms.katalon.core.webui.keyword.builtin.ClickKeyword.click(ClickKeyword.groovy:102)
	at com.kms.katalon.core.webui.keyword.builtin.ClickKeyword.execute(ClickKeyword.groovy:43)
	at com.kms.katalon.core.keyword.internal.KeywordExecutor.executeKeywordForPlatform(KeywordExecutor.groovy:72)
	at com.kms.katalon.core.webui.keyword.WebUiBuiltInKeywords.click(WebUiBuiltInKeywords.groovy:616)
	at com.kms.katalon.core.webui.keyword.WebUiBuiltInKeywords$click$2.call(Unknown Source)
	at Question - No - No - TryItFree.run(Question - No - No - TryItFree:98)
	at com.kms.katalon.core.main.ScriptEngine.run(ScriptEngine.java:194)
	at com.kms.katalon.core.main.ScriptEngine.runScriptAsRawText(ScriptEngine.java:119)
	at com.kms.katalon.core.main.TestCaseExecutor.runScript(TestCaseExecutor.java:337)
	at com.kms.katalon.core.main.TestCaseExecutor.doExecute(TestCaseExecutor.java:328)
	at com.kms.katalon.core.main.TestCaseExecutor.processExecutionPhase(TestCaseExecutor.java:307)
	at com.kms.katalon.core.main.TestCaseExecutor.accessMainPhase(TestCaseExecutor.java:299)
	at com.kms.katalon.core.main.TestCaseExecutor.execute(TestCaseExecutor.java:233)
	at com.kms.katalon.core.main.TestSuiteExecutor.accessTestCaseMainPhase(TestSuiteExecutor.java:169)
	at com.kms.katalon.core.main.TestSuiteExecutor.accessTestSuiteMainPhase(TestSuiteExecutor.java:142)
	at com.kms.katalon.core.main.TestSuiteExecutor.execute(TestSuiteExecutor.java:91)
	at com.kms.katalon.core.main.TestCaseMain.startTestSuite(TestCaseMain.java:157)
	at com.kms.katalon.core.main.TestCaseMain$startTestSuite$0.call(Unknown Source)
	at TempTestSuite1584594162448.run(TempTestSuite1584594162448.groovy:36)
Caused by: com.kms.katalon.core.webui.exception.WebElementNotFoundException: Web element with id: 'Object Repository/TD2/Registration and Onboarding/Page_Onboarding/span_Next' located by 'By.xpath: //*[@id="wizard-root"]/div[6]/md-dialog/md-dialog-actions/button/span[count(. | //span[(text() = '
      Next
    ' or . = '
      Next
    ')]) = count(//span[(text() = '
      Next
    ' or . = '
      Next
    ')])]' not found
	at com.kms.katalon.core.webui.common.WebUiCommonHelper.findWebElement(WebUiCommonHelper.java:1154)
	at com.kms.katalon.core.webui.keyword.internal.WebUIAbstractKeyword.findWebElement(WebUIAbstractKeyword.groovy:27)
	at com.kms.katalon.core.webui.keyword.internal.WebUIAbstractKeyword.findWebElement(WebUIAbstractKeyword.groovy:26)
	at com.kms.katalon.core.webui.keyword.builtin.ClickKeyword$_click_closure1.doCall(ClickKeyword.groovy:67)
	at com.kms.katalon.core.webui.keyword.builtin.ClickKeyword$_click_closure1.call(ClickKeyword.groovy)
	at com.kms.katalon.core.webui.keyword.internal.WebUIKeywordMain.runKeyword(WebUIKeywordMain.groovy:20)
	... 19 more]]></system-err>
   </testsuite>
</testsuites>
