<?xml version="1.0" encoding="UTF-8"?>
<testsuites name="Selecting How to Start the Free Account - Visible and Silent" time="349.098" tests="11" failures="1" errors="0">
   <testsuite name="Selecting How to Start the Free Account - Visible and Silent" tests="11" failures="1" errors="0" time="349.098" timestamp="2020-03-23 12:05:18" hostname="sandhyajayesh - 192.168.0.6" id="Test Suites/TD2/Registration and Onboarding/Selecting How to Start the Free Account - Visible and Silent">
      <properties>
         <property name="deviceName" value=""/>
         <property name="devicePlatform" value=""/>
         <property name="logFolder" value="/Users/sandhyajayesh/Downloads/TD2 - Till CC/Reports/20200323_120503/TD2/Registration and Onboarding/Selecting How to Start the Free Account - Visible and Silent/20200323_120503"/>
         <property name="logFiles" value="/Users/sandhyajayesh/Downloads/TD2 - Till CC/Reports/20200323_120503/TD2/Registration and Onboarding/Selecting How to Start the Free Account - Visible and Silent/20200323_120503/execution0.log"/>
         <property name="attachments" value="/Users/sandhyajayesh/Downloads/TD2 - Till CC/Reports/20200323_120503/TD2/Registration and Onboarding/Selecting How to Start the Free Account - Visible and Silent/20200323_120503/1584945623410.png, /Users/sandhyajayesh/Downloads/TD2 - Till CC/Reports/20200323_120503/TD2/Registration and Onboarding/Selecting How to Start the Free Account - Visible and Silent/20200323_120503/1584945625690.png"/>
         <property name="hostName" value="sandhyajayesh - 192.168.0.6"/>
         <property name="os" value="Mac OS X 64bit"/>
         <property name="katalonVersion" value="7.2.6.1"/>
         <property name="browser" value="Chrome 80.0.3987.149"/>
         <property name="hostAddress" value="192.168.0.6"/>
         <property name="sessionId" value="25f33f2927ae9df116604ae60f4d1225"/>
         <property name="seleniumVersion" value="3.141.59"/>
         <property name="proxyInformation" value="ProxyInformation{proxyOption=NO_PROXY, proxyServerType=HTTP, password=, proxyServerAddress=, proxyServerPort=0, executionList=}"/>
         <property name="platform" value="Mac OS X"/>
      </properties>
      <testcase name="Test Cases/TD2/General/Opening Browser" time="15.114" classname="Test Cases/TD2/General/Opening Browser" status="PASSED">
         <system-out><![CDATA[2020-03-23 12:05:19 - [TEST_CASE][PASSED] - Test Cases/TD2/General/Opening Browser: Test Cases/TD2/General/Opening Browser

2020-03-23 12:05:20 - [TEST_STEP][PASSED] - openBrowser(""): Browser is opened with url: ''

2020-03-23 12:05:21 - [MESSAGE][INFO] - Starting 'Chrome' driver

2020-03-23 12:05:21 - [MESSAGE][INFO] - Action delay is set to 0 seconds

2020-03-23 12:05:25 - [MESSAGE][PASSED] - Browser is opened with url: ''

2020-03-23 12:05:25 - [TEST_STEP][PASSED] - navigateToUrl("https://2a.timedoctor.com"): Navigate to 'https://2a.timedoctor.com' successfully

2020-03-23 12:05:33 - [MESSAGE][PASSED] - Navigate to 'https://2a.timedoctor.com' successfully

2020-03-23 12:05:33 - [TEST_STEP][PASSED] - maximizeWindow(): Current window maximized

2020-03-23 12:05:34 - [MESSAGE][PASSED] - Current window maximized]]></system-out>
         <system-err><![CDATA[]]></system-err>
      </testcase>
      <testcase name="Test Cases/TD2/Signup and OnBoarding/Registration With Different Options for Questions Asked/Questions - Yes - Yes - Yes" time="34.855" classname="Test Cases/TD2/Signup and OnBoarding/Registration With Different Options for Questions Asked/Questions - Yes - Yes - Yes" status="PASSED">
         <system-out><![CDATA[2020-03-23 12:05:34 - [TEST_CASE][PASSED] - Test Cases/TD2/Signup and OnBoarding/Registration With Different Options for Questions Asked/Questions - Yes - Yes - Yes: Test Cases/TD2/Signup and OnBoarding/Registration With Different Options for Questions Asked/Questions - Yes - Yes - Yes

2020-03-23 12:05:36 - [TEST_STEP][NOT_RUN] - openBrowser(""): NOT_RUN: openBrowser("")

2020-03-23 12:05:36 - [MESSAGE][NOT_RUN] - NOT_RUN: openBrowser("")

2020-03-23 12:05:36 - [TEST_STEP][NOT_RUN] - maximizeWindow(): NOT_RUN: maximizeWindow()

2020-03-23 12:05:36 - [MESSAGE][NOT_RUN] - NOT_RUN: maximizeWindow()

2020-03-23 12:05:36 - [TEST_STEP][NOT_RUN] - navigateToUrl("www.timedoctor.com"): NOT_RUN: navigateToUrl("www.timedoctor.com")

2020-03-23 12:05:36 - [MESSAGE][NOT_RUN] - NOT_RUN: navigateToUrl("www.timedoctor.com")

2020-03-23 12:05:36 - [TEST_STEP][PASSED] - click(findTestObject("TD2/Registration and Onboarding/Page_Registration/Register Button")): Object: 'Object Repository/TD2/Registration and Onboarding/Page_Registration/Register Button' is clicked on

2020-03-23 12:05:44 - [MESSAGE][PASSED] - Object: 'Object Repository/TD2/Registration and Onboarding/Page_Registration/Register Button' is clicked on

2020-03-23 12:05:44 - [TEST_STEP][NOT_RUN] - if (verifyElementPresent(findTestObject("TD2/Registration and Onboarding/Page_Registration/WebsiteVersion"), 10, OPTIONAL)): NOT_RUN: if (verifyElementPresent(findTestObject("TD2/Registration and Onboarding/Page_Registration/WebsiteVersion"), 10, OPTIONAL))

2020-03-23 12:05:44 - [MESSAGE][NOT_RUN] - NOT_RUN: if (verifyElementPresent(findTestObject("TD2/Registration and Onboarding/Page_Registration/WebsiteVersion"), 10, OPTIONAL))

2020-03-23 12:05:44 - [TEST_STEP][PASSED] - if (verifyElementPresent(findTestObject("TD2/Registration and Onboarding/Page_Registration/ButtonYes"), 10, OPTIONAL)): null

2020-03-23 12:05:45 - [MESSAGE][PASSED] - Object 'Object Repository/TD2/Registration and Onboarding/Page_Registration/ButtonYes' is present

2020-03-23 12:05:45 - [TEST_STEP][PASSED] - click(findTestObject("TD2/Registration and Onboarding/Page_Registration/ButtonYes")): Object: 'Object Repository/TD2/Registration and Onboarding/Page_Registration/ButtonYes' is clicked on

2020-03-23 12:05:46 - [MESSAGE][PASSED] - Object: 'Object Repository/TD2/Registration and Onboarding/Page_Registration/ButtonYes' is clicked on

2020-03-23 12:05:46 - [TEST_STEP][PASSED] - click(findTestObject("TD2/Registration and Onboarding/Page_Registration/ButtonYes2")): Object: 'Object Repository/TD2/Registration and Onboarding/Page_Registration/ButtonYes2' is clicked on

2020-03-23 12:05:47 - [MESSAGE][PASSED] - Object: 'Object Repository/TD2/Registration and Onboarding/Page_Registration/ButtonYes2' is clicked on

2020-03-23 12:05:47 - [TEST_STEP][PASSED] - click(findTestObject("TD2/Registration and Onboarding/Page_Registration/ButtonYes3")): Object: 'Object Repository/TD2/Registration and Onboarding/Page_Registration/ButtonYes3' is clicked on

2020-03-23 12:05:47 - [MESSAGE][PASSED] - Object: 'Object Repository/TD2/Registration and Onboarding/Page_Registration/ButtonYes3' is clicked on

2020-03-23 12:05:47 - [TEST_STEP][PASSED] - click(findTestObject("TD2/Registration and Onboarding/Page_Registration/RadioAccountOption")): Object: 'Object Repository/TD2/Registration and Onboarding/Page_Registration/RadioAccountOption' is clicked on

2020-03-23 12:05:48 - [MESSAGE][PASSED] - Object: 'Object Repository/TD2/Registration and Onboarding/Page_Registration/RadioAccountOption' is clicked on

2020-03-23 12:05:48 - [TEST_STEP][NOT_RUN] - click(findTestObject("TD2/Registration and Onboarding/Page_Onboarding/RadioButtonVisible")): NOT_RUN: click(findTestObject("TD2/Registration and Onboarding/Page_Onboarding/RadioButtonVisible"))

2020-03-23 12:05:48 - [MESSAGE][NOT_RUN] - NOT_RUN: click(findTestObject("TD2/Registration and Onboarding/Page_Onboarding/RadioButtonVisible"))

2020-03-23 12:05:48 - [TEST_STEP][PASSED] - click(findTestObject("TD2/Registration and Onboarding/Page_Registration/ButtonContinue")): Object: 'Object Repository/TD2/Registration and Onboarding/Page_Registration/ButtonContinue' is clicked on

2020-03-23 12:05:48 - [MESSAGE][PASSED] - Object: 'Object Repository/TD2/Registration and Onboarding/Page_Registration/ButtonContinue' is clicked on

2020-03-23 12:05:48 - [TEST_STEP][PASSED] - setText(findTestObject("TD2/Registration and Onboarding/Page_Registration/InputName"), "Payal"): Text 'Payal' is set on object 'Object Repository/TD2/Registration and Onboarding/Page_Registration/InputName'

2020-03-23 12:05:49 - [MESSAGE][PASSED] - Text 'Payal' is set on object 'Object Repository/TD2/Registration and Onboarding/Page_Registration/InputName'

2020-03-23 12:05:49 - [TEST_STEP][PASSED] - driver = getWebDriver(): null

2020-03-23 12:05:49 - [TEST_STEP][PASSED] - emailAddress = "payal+" + getDateTime() + "@timedoctor.com": null

2020-03-23 12:05:49 - [TEST_STEP][PASSED] - nowDateTime = new java.text.SimpleDateFormat(yyMMddHHmmss): null

2020-03-23 12:05:49 - [TEST_STEP][PASSED] - now = new java.util.Date(): null

2020-03-23 12:05:49 - [TEST_STEP][PASSED] - strDate = nowDateTime.format(now): null

2020-03-23 12:05:49 - [TEST_STEP][PASSED] - return strDate: NOT_RUN: click(findTestObject("TD2/Registration and Onboarding/Page_Onboarding/ButtonLogout"))

2020-03-23 12:05:49 - [TEST_STEP][PASSED] - waitForElementVisible(findTestObject("TD2/Registration and Onboarding/Page_Registration/InputCompanyEmail"), 10): Object 'Object Repository/TD2/Registration and Onboarding/Page_Registration/InputCompanyEmail' is visible

2020-03-23 12:05:50 - [MESSAGE][PASSED] - Object 'Object Repository/TD2/Registration and Onboarding/Page_Registration/InputCompanyEmail' is visible

2020-03-23 12:05:50 - [TEST_STEP][PASSED] - setText(findTestObject("TD2/Registration and Onboarding/Page_Registration/InputCompanyEmail"), emailAddress): Text 'payal+200323120549@timedoctor.com' is set on object 'Object Repository/TD2/Registration and Onboarding/Page_Registration/InputCompanyEmail'

2020-03-23 12:05:51 - [MESSAGE][PASSED] - Text 'payal+200323120549@timedoctor.com' is set on object 'Object Repository/TD2/Registration and Onboarding/Page_Registration/InputCompanyEmail'

2020-03-23 12:05:51 - [TEST_STEP][PASSED] - setEncryptedText(findTestObject("TD2/Registration and Onboarding/Page_Registration/InputPassword"), "Px/nOzMEHWxU8lgHigNsmA=="): Text ****** has been set on object 'Object Repository/TD2/Registration and Onboarding/Page_Registration/InputPassword'

2020-03-23 12:05:52 - [MESSAGE][PASSED] - Text ****** has been set on object 'Object Repository/TD2/Registration and Onboarding/Page_Registration/InputPassword'

2020-03-23 12:05:52 - [TEST_STEP][PASSED] - click(findTestObject("TD2/Registration and Onboarding/Page_Registration/ButtonTestItOut")): Object: 'Object Repository/TD2/Registration and Onboarding/Page_Registration/ButtonTestItOut' is clicked on

2020-03-23 12:05:53 - [MESSAGE][PASSED] - Object: 'Object Repository/TD2/Registration and Onboarding/Page_Registration/ButtonTestItOut' is clicked on

2020-03-23 12:05:53 - [TEST_STEP][PASSED] - delay(15): Delayed 15 second(s)

2020-03-23 12:06:08 - [MESSAGE][PASSED] - Delayed 15 second(s)

2020-03-23 12:06:08 - [TEST_STEP][PASSED] - click(findTestObject("TD2/Registration and Onboarding/Registration/Page_QA - Team Dashboard/button_No I like paying full price")): Object: 'Object Repository/TD2/Registration and Onboarding/Registration/Page_QA - Team Dashboard/button_No I like paying full price' is clicked on

2020-03-23 12:06:08 - [MESSAGE][PASSED] - Object: 'Object Repository/TD2/Registration and Onboarding/Registration/Page_QA - Team Dashboard/button_No I like paying full price' is clicked on

2020-03-23 12:06:08 - [TEST_STEP][NOT_RUN] - if (verifyElementPresent(findTestObject("TD2/Registration and Onboarding/Page_Onboarding/Company Name"), 10, OPTIONAL)): NOT_RUN: if (verifyElementPresent(findTestObject("TD2/Registration and Onboarding/Page_Onboarding/Company Name"), 10, OPTIONAL))

2020-03-23 12:06:08 - [MESSAGE][NOT_RUN] - NOT_RUN: if (verifyElementPresent(findTestObject("TD2/Registration and Onboarding/Page_Onboarding/Company Name"), 10, OPTIONAL))

2020-03-23 12:06:09 - [TEST_STEP][NOT_RUN] - click(findTestObject("TD2/Registration and Onboarding/Page_Onboarding/span_Next")): NOT_RUN: click(findTestObject("TD2/Registration and Onboarding/Page_Onboarding/span_Next"))

2020-03-23 12:06:09 - [MESSAGE][NOT_RUN] - NOT_RUN: click(findTestObject("TD2/Registration and Onboarding/Page_Onboarding/span_Next"))

2020-03-23 12:06:09 - [TEST_STEP][NOT_RUN] - click(findTestObject("TD2/Registration and Onboarding/Page_Onboarding/I dont have team")): NOT_RUN: click(findTestObject("TD2/Registration and Onboarding/Page_Onboarding/I dont have team"))

2020-03-23 12:06:09 - [MESSAGE][NOT_RUN] - NOT_RUN: click(findTestObject("TD2/Registration and Onboarding/Page_Onboarding/I dont have team"))

2020-03-23 12:06:09 - [TEST_STEP][NOT_RUN] - click(findTestObject("TD2/Registration and Onboarding/Page_Onboarding/Submit - Invite")): NOT_RUN: click(findTestObject("TD2/Registration and Onboarding/Page_Onboarding/Submit - Invite"))

2020-03-23 12:06:09 - [MESSAGE][NOT_RUN] - NOT_RUN: click(findTestObject("TD2/Registration and Onboarding/Page_Onboarding/Submit - Invite"))

2020-03-23 12:06:09 - [TEST_STEP][NOT_RUN] - delay(10): NOT_RUN: delay(10)

2020-03-23 12:06:09 - [MESSAGE][NOT_RUN] - NOT_RUN: delay(10)

2020-03-23 12:06:09 - [TEST_STEP][NOT_RUN] - click(findTestObject("TD2/Registration and Onboarding/Page_Onboarding/ButtonUserMenu")): NOT_RUN: click(findTestObject("TD2/Registration and Onboarding/Page_Onboarding/ButtonUserMenu"))

2020-03-23 12:06:09 - [MESSAGE][NOT_RUN] - NOT_RUN: click(findTestObject("TD2/Registration and Onboarding/Page_Onboarding/ButtonUserMenu"))

2020-03-23 12:06:09 - [TEST_STEP][NOT_RUN] - click(findTestObject("TD2/Registration and Onboarding/Page_Onboarding/ButtonLogout")): NOT_RUN: click(findTestObject("TD2/Registration and Onboarding/Page_Onboarding/ButtonLogout"))

2020-03-23 12:06:09 - [MESSAGE][NOT_RUN] - NOT_RUN: click(findTestObject("TD2/Registration and Onboarding/Page_Onboarding/ButtonLogout"))

2020-03-23 12:06:09 - [TEST_STEP][PASSED] - closeBrowser(): Browser is closed

2020-03-23 12:06:09 - [MESSAGE][PASSED] - Browser is closed]]></system-out>
         <system-err><![CDATA[]]></system-err>
      </testcase>
      <testcase name="Test Cases/TD2/General/Opening Browser" time="11.532" classname="Test Cases/TD2/General/Opening Browser" status="PASSED">
         <system-out><![CDATA[2020-03-23 12:06:09 - [TEST_CASE][PASSED] - Test Cases/TD2/General/Opening Browser: Test Cases/TD2/General/Opening Browser

2020-03-23 12:06:09 - [TEST_STEP][PASSED] - openBrowser(""): Browser is opened with url: ''

2020-03-23 12:06:09 - [MESSAGE][INFO] - Starting 'Chrome' driver

2020-03-23 12:06:12 - [MESSAGE][PASSED] - Browser is opened with url: ''

2020-03-23 12:06:12 - [TEST_STEP][PASSED] - navigateToUrl("https://2a.timedoctor.com"): Navigate to 'https://2a.timedoctor.com' successfully

2020-03-23 12:06:20 - [MESSAGE][PASSED] - Navigate to 'https://2a.timedoctor.com' successfully

2020-03-23 12:06:20 - [TEST_STEP][PASSED] - maximizeWindow(): Current window maximized

2020-03-23 12:06:20 - [MESSAGE][PASSED] - Current window maximized]]></system-out>
         <system-err><![CDATA[]]></system-err>
      </testcase>
      <testcase name="Test Cases/TD2/Signup and OnBoarding/Registration With Different Options for Questions Asked/Question - Yes - No - TryItFree" time="33.206" classname="Test Cases/TD2/Signup and OnBoarding/Registration With Different Options for Questions Asked/Question - Yes - No - TryItFree" status="PASSED">
         <system-out><![CDATA[2020-03-23 12:06:20 - [TEST_CASE][PASSED] - Test Cases/TD2/Signup and OnBoarding/Registration With Different Options for Questions Asked/Question - Yes - No - TryItFree: Test Cases/TD2/Signup and OnBoarding/Registration With Different Options for Questions Asked/Question - Yes - No - TryItFree

2020-03-23 12:06:21 - [TEST_STEP][NOT_RUN] - openBrowser(""): NOT_RUN: openBrowser("")

2020-03-23 12:06:21 - [MESSAGE][NOT_RUN] - NOT_RUN: openBrowser("")

2020-03-23 12:06:21 - [TEST_STEP][NOT_RUN] - maximizeWindow(): NOT_RUN: maximizeWindow()

2020-03-23 12:06:21 - [MESSAGE][NOT_RUN] - NOT_RUN: maximizeWindow()

2020-03-23 12:06:21 - [TEST_STEP][NOT_RUN] - navigateToUrl("www.timedoctor.com"): NOT_RUN: navigateToUrl("www.timedoctor.com")

2020-03-23 12:06:21 - [MESSAGE][NOT_RUN] - NOT_RUN: navigateToUrl("www.timedoctor.com")

2020-03-23 12:06:21 - [TEST_STEP][PASSED] - click(findTestObject("TD2/Registration and Onboarding/Page_Registration/Register Button")): Object: 'Object Repository/TD2/Registration and Onboarding/Page_Registration/Register Button' is clicked on

2020-03-23 12:06:31 - [MESSAGE][PASSED] - Object: 'Object Repository/TD2/Registration and Onboarding/Page_Registration/Register Button' is clicked on

2020-03-23 12:06:31 - [TEST_STEP][NOT_RUN] - if (verifyElementPresent(findTestObject("TD2/Registration and Onboarding/Page_Registration/WebsiteVersion"), 10, OPTIONAL)): NOT_RUN: if (verifyElementPresent(findTestObject("TD2/Registration and Onboarding/Page_Registration/WebsiteVersion"), 10, OPTIONAL))

2020-03-23 12:06:31 - [MESSAGE][NOT_RUN] - NOT_RUN: if (verifyElementPresent(findTestObject("TD2/Registration and Onboarding/Page_Registration/WebsiteVersion"), 10, OPTIONAL))

2020-03-23 12:06:31 - [TEST_STEP][PASSED] - if (verifyElementPresent(findTestObject("TD2/Registration and Onboarding/Page_Registration/ButtonYes"), 10, OPTIONAL)): null

2020-03-23 12:06:34 - [MESSAGE][PASSED] - Object 'Object Repository/TD2/Registration and Onboarding/Page_Registration/ButtonYes' is present

2020-03-23 12:06:34 - [TEST_STEP][PASSED] - click(findTestObject("TD2/Registration and Onboarding/Page_Registration/ButtonYes")): Object: 'Object Repository/TD2/Registration and Onboarding/Page_Registration/ButtonYes' is clicked on

2020-03-23 12:06:36 - [MESSAGE][PASSED] - Object: 'Object Repository/TD2/Registration and Onboarding/Page_Registration/ButtonYes' is clicked on

2020-03-23 12:06:36 - [TEST_STEP][PASSED] - click(findTestObject("TD2/Registration and Onboarding/Page_Onboarding/ButtonNo1")): Object: 'Object Repository/TD2/Registration and Onboarding/Page_Onboarding/ButtonNo1' is clicked on

2020-03-23 12:06:37 - [MESSAGE][PASSED] - Object: 'Object Repository/TD2/Registration and Onboarding/Page_Onboarding/ButtonNo1' is clicked on

2020-03-23 12:06:37 - [TEST_STEP][PASSED] - click(findTestObject("TD2/Registration and Onboarding/Page_Onboarding/ButtonTryItFree")): Object: 'Object Repository/TD2/Registration and Onboarding/Page_Onboarding/ButtonTryItFree' is clicked on

2020-03-23 12:06:37 - [MESSAGE][PASSED] - Object: 'Object Repository/TD2/Registration and Onboarding/Page_Onboarding/ButtonTryItFree' is clicked on

2020-03-23 12:06:37 - [TEST_STEP][PASSED] - click(findTestObject("TD2/Registration and Onboarding/Page_Registration/RadioAccountOption")): Object: 'Object Repository/TD2/Registration and Onboarding/Page_Registration/RadioAccountOption' is clicked on

2020-03-23 12:06:38 - [MESSAGE][PASSED] - Object: 'Object Repository/TD2/Registration and Onboarding/Page_Registration/RadioAccountOption' is clicked on

2020-03-23 12:06:38 - [TEST_STEP][NOT_RUN] - click(findTestObject("TD2/Registration and Onboarding/Page_Onboarding/RadioButtonVisible")): NOT_RUN: click(findTestObject("TD2/Registration and Onboarding/Page_Onboarding/RadioButtonVisible"))

2020-03-23 12:06:38 - [MESSAGE][NOT_RUN] - NOT_RUN: click(findTestObject("TD2/Registration and Onboarding/Page_Onboarding/RadioButtonVisible"))

2020-03-23 12:06:38 - [TEST_STEP][PASSED] - click(findTestObject("TD2/Registration and Onboarding/Page_Registration/ButtonContinue")): Object: 'Object Repository/TD2/Registration and Onboarding/Page_Registration/ButtonContinue' is clicked on

2020-03-23 12:06:39 - [MESSAGE][PASSED] - Object: 'Object Repository/TD2/Registration and Onboarding/Page_Registration/ButtonContinue' is clicked on

2020-03-23 12:06:39 - [TEST_STEP][PASSED] - setText(findTestObject("TD2/Registration and Onboarding/Page_Registration/InputName"), "Payal"): Text 'Payal' is set on object 'Object Repository/TD2/Registration and Onboarding/Page_Registration/InputName'

2020-03-23 12:06:39 - [MESSAGE][PASSED] - Text 'Payal' is set on object 'Object Repository/TD2/Registration and Onboarding/Page_Registration/InputName'

2020-03-23 12:06:39 - [TEST_STEP][PASSED] - driver = getWebDriver(): null

2020-03-23 12:06:39 - [TEST_STEP][PASSED] - emailAddress = "payal+" + getDateTime() + "@timedoctor.com": null

2020-03-23 12:06:39 - [TEST_STEP][PASSED] - nowDateTime = new java.text.SimpleDateFormat(yyMMddHHmmss): null

2020-03-23 12:06:39 - [TEST_STEP][PASSED] - now = new java.util.Date(): null

2020-03-23 12:06:39 - [TEST_STEP][PASSED] - strDate = nowDateTime.format(now): null

2020-03-23 12:06:39 - [TEST_STEP][PASSED] - return strDate: NOT_RUN: click(findTestObject("TD2/Registration and Onboarding/Page_Onboarding/ButtonLogout"))

2020-03-23 12:06:39 - [TEST_STEP][PASSED] - waitForElementVisible(findTestObject("TD2/Registration and Onboarding/Page_Registration/InputCompanyEmail"), 10): Object 'Object Repository/TD2/Registration and Onboarding/Page_Registration/InputCompanyEmail' is visible

2020-03-23 12:06:40 - [MESSAGE][PASSED] - Object 'Object Repository/TD2/Registration and Onboarding/Page_Registration/InputCompanyEmail' is visible

2020-03-23 12:06:40 - [TEST_STEP][PASSED] - setText(findTestObject("TD2/Registration and Onboarding/Page_Registration/InputCompanyEmail"), emailAddress): Text 'payal+200323120639@timedoctor.com' is set on object 'Object Repository/TD2/Registration and Onboarding/Page_Registration/InputCompanyEmail'

2020-03-23 12:06:41 - [MESSAGE][PASSED] - Text 'payal+200323120639@timedoctor.com' is set on object 'Object Repository/TD2/Registration and Onboarding/Page_Registration/InputCompanyEmail'

2020-03-23 12:06:41 - [TEST_STEP][PASSED] - setEncryptedText(findTestObject("TD2/Registration and Onboarding/Page_Registration/InputPassword"), "Px/nOzMEHWxU8lgHigNsmA=="): Text ****** has been set on object 'Object Repository/TD2/Registration and Onboarding/Page_Registration/InputPassword'

2020-03-23 12:06:42 - [MESSAGE][PASSED] - Text ****** has been set on object 'Object Repository/TD2/Registration and Onboarding/Page_Registration/InputPassword'

2020-03-23 12:06:42 - [TEST_STEP][PASSED] - click(findTestObject("TD2/Registration and Onboarding/Page_Registration/ButtonTestItOut")): Object: 'Object Repository/TD2/Registration and Onboarding/Page_Registration/ButtonTestItOut' is clicked on

2020-03-23 12:06:42 - [MESSAGE][PASSED] - Object: 'Object Repository/TD2/Registration and Onboarding/Page_Registration/ButtonTestItOut' is clicked on

2020-03-23 12:06:42 - [TEST_STEP][PASSED] - delay(10): Delayed 10 second(s)

2020-03-23 12:06:52 - [MESSAGE][PASSED] - Delayed 10 second(s)

2020-03-23 12:06:52 - [TEST_STEP][PASSED] - click(findTestObject("TD2/Registration and Onboarding/Page_Onboarding/span_No I like paying")): Object: 'Object Repository/TD2/Registration and Onboarding/Page_Onboarding/span_No I like paying' is clicked on

2020-03-23 12:06:53 - [MESSAGE][PASSED] - Object: 'Object Repository/TD2/Registration and Onboarding/Page_Onboarding/span_No I like paying' is clicked on

2020-03-23 12:06:53 - [TEST_STEP][NOT_RUN] - if (verifyElementPresent(findTestObject("TD2/Registration and Onboarding/Page_Onboarding/Company Name"), 10, OPTIONAL)): NOT_RUN: if (verifyElementPresent(findTestObject("TD2/Registration and Onboarding/Page_Onboarding/Company Name"), 10, OPTIONAL))

2020-03-23 12:06:53 - [MESSAGE][NOT_RUN] - NOT_RUN: if (verifyElementPresent(findTestObject("TD2/Registration and Onboarding/Page_Onboarding/Company Name"), 10, OPTIONAL))

2020-03-23 12:06:53 - [TEST_STEP][NOT_RUN] - click(findTestObject("TD2/Registration and Onboarding/Page_Onboarding/span_Next")): NOT_RUN: click(findTestObject("TD2/Registration and Onboarding/Page_Onboarding/span_Next"))

2020-03-23 12:06:53 - [MESSAGE][NOT_RUN] - NOT_RUN: click(findTestObject("TD2/Registration and Onboarding/Page_Onboarding/span_Next"))

2020-03-23 12:06:53 - [TEST_STEP][NOT_RUN] - click(findTestObject("TD2/Registration and Onboarding/Page_Onboarding/I dont have team")): NOT_RUN: click(findTestObject("TD2/Registration and Onboarding/Page_Onboarding/I dont have team"))

2020-03-23 12:06:53 - [MESSAGE][NOT_RUN] - NOT_RUN: click(findTestObject("TD2/Registration and Onboarding/Page_Onboarding/I dont have team"))

2020-03-23 12:06:53 - [TEST_STEP][NOT_RUN] - click(findTestObject("TD2/Registration and Onboarding/Page_Onboarding/Submit - Invite")): NOT_RUN: click(findTestObject("TD2/Registration and Onboarding/Page_Onboarding/Submit - Invite"))

2020-03-23 12:06:53 - [MESSAGE][NOT_RUN] - NOT_RUN: click(findTestObject("TD2/Registration and Onboarding/Page_Onboarding/Submit - Invite"))

2020-03-23 12:06:53 - [TEST_STEP][NOT_RUN] - delay(10): NOT_RUN: delay(10)

2020-03-23 12:06:53 - [MESSAGE][NOT_RUN] - NOT_RUN: delay(10)

2020-03-23 12:06:53 - [TEST_STEP][NOT_RUN] - click(findTestObject("TD2/Registration and Onboarding/Page_Onboarding/ButtonUserMenu")): NOT_RUN: click(findTestObject("TD2/Registration and Onboarding/Page_Onboarding/ButtonUserMenu"))

2020-03-23 12:06:53 - [MESSAGE][NOT_RUN] - NOT_RUN: click(findTestObject("TD2/Registration and Onboarding/Page_Onboarding/ButtonUserMenu"))

2020-03-23 12:06:53 - [TEST_STEP][NOT_RUN] - click(findTestObject("TD2/Registration and Onboarding/Page_Onboarding/ButtonLogout")): NOT_RUN: click(findTestObject("TD2/Registration and Onboarding/Page_Onboarding/ButtonLogout"))

2020-03-23 12:06:53 - [MESSAGE][NOT_RUN] - NOT_RUN: click(findTestObject("TD2/Registration and Onboarding/Page_Onboarding/ButtonLogout"))

2020-03-23 12:06:53 - [TEST_STEP][PASSED] - closeBrowser(): Browser is closed

2020-03-23 12:06:54 - [MESSAGE][PASSED] - Browser is closed]]></system-out>
         <system-err><![CDATA[]]></system-err>
      </testcase>
      <testcase name="Test Cases/TD2/General/Opening Browser" time="10.436" classname="Test Cases/TD2/General/Opening Browser" status="PASSED">
         <system-out><![CDATA[2020-03-23 12:06:54 - [TEST_CASE][PASSED] - Test Cases/TD2/General/Opening Browser: Test Cases/TD2/General/Opening Browser

2020-03-23 12:06:54 - [TEST_STEP][PASSED] - openBrowser(""): Browser is opened with url: ''

2020-03-23 12:06:54 - [MESSAGE][INFO] - Starting 'Chrome' driver

2020-03-23 12:06:56 - [MESSAGE][PASSED] - Browser is opened with url: ''

2020-03-23 12:06:56 - [TEST_STEP][PASSED] - navigateToUrl("https://2a.timedoctor.com"): Navigate to 'https://2a.timedoctor.com' successfully

2020-03-23 12:07:03 - [MESSAGE][PASSED] - Navigate to 'https://2a.timedoctor.com' successfully

2020-03-23 12:07:03 - [TEST_STEP][PASSED] - maximizeWindow(): Current window maximized

2020-03-23 12:07:04 - [MESSAGE][PASSED] - Current window maximized]]></system-out>
         <system-err><![CDATA[]]></system-err>
      </testcase>
      <testcase name="Test Cases/TD2/Signup and OnBoarding/Registration With Different Options for Questions Asked/Question - No - No - TryItFree" time="36.679" classname="Test Cases/TD2/Signup and OnBoarding/Registration With Different Options for Questions Asked/Question - No - No - TryItFree" status="PASSED">
         <system-out><![CDATA[2020-03-23 12:07:04 - [TEST_CASE][PASSED] - Test Cases/TD2/Signup and OnBoarding/Registration With Different Options for Questions Asked/Question - No - No - TryItFree: Test Cases/TD2/Signup and OnBoarding/Registration With Different Options for Questions Asked/Question - No - No - TryItFree

2020-03-23 12:07:06 - [TEST_STEP][NOT_RUN] - openBrowser(""): NOT_RUN: openBrowser("")

2020-03-23 12:07:06 - [MESSAGE][NOT_RUN] - NOT_RUN: openBrowser("")

2020-03-23 12:07:06 - [TEST_STEP][NOT_RUN] - maximizeWindow(): NOT_RUN: maximizeWindow()

2020-03-23 12:07:06 - [MESSAGE][NOT_RUN] - NOT_RUN: maximizeWindow()

2020-03-23 12:07:06 - [TEST_STEP][NOT_RUN] - navigateToUrl("www.timedoctor.com"): NOT_RUN: navigateToUrl("www.timedoctor.com")

2020-03-23 12:07:06 - [MESSAGE][NOT_RUN] - NOT_RUN: navigateToUrl("www.timedoctor.com")

2020-03-23 12:07:06 - [TEST_STEP][PASSED] - click(findTestObject("TD2/Registration and Onboarding/Page_Registration/Register Button")): Object: 'Object Repository/TD2/Registration and Onboarding/Page_Registration/Register Button' is clicked on

2020-03-23 12:07:15 - [MESSAGE][PASSED] - Object: 'Object Repository/TD2/Registration and Onboarding/Page_Registration/Register Button' is clicked on

2020-03-23 12:07:15 - [TEST_STEP][NOT_RUN] - if (verifyElementPresent(findTestObject("TD2/Registration and Onboarding/Page_Registration/WebsiteVersion"), 10, OPTIONAL)): NOT_RUN: if (verifyElementPresent(findTestObject("TD2/Registration and Onboarding/Page_Registration/WebsiteVersion"), 10, OPTIONAL))

2020-03-23 12:07:15 - [MESSAGE][NOT_RUN] - NOT_RUN: if (verifyElementPresent(findTestObject("TD2/Registration and Onboarding/Page_Registration/WebsiteVersion"), 10, OPTIONAL))

2020-03-23 12:07:15 - [TEST_STEP][PASSED] - if (verifyElementPresent(findTestObject("TD2/Registration and Onboarding/Page_Registration/ButtonYes"), 10, OPTIONAL)): null

2020-03-23 12:07:17 - [MESSAGE][PASSED] - Object 'Object Repository/TD2/Registration and Onboarding/Page_Registration/ButtonYes' is present

2020-03-23 12:07:17 - [TEST_STEP][PASSED] - click(findTestObject("TD2/Registration and Onboarding/Page_Onboarding/ButtonNo")): Object: 'Object Repository/TD2/Registration and Onboarding/Page_Onboarding/ButtonNo' is clicked on

2020-03-23 12:07:18 - [MESSAGE][PASSED] - Object: 'Object Repository/TD2/Registration and Onboarding/Page_Onboarding/ButtonNo' is clicked on

2020-03-23 12:07:18 - [TEST_STEP][PASSED] - click(findTestObject("TD2/Registration and Onboarding/Page_Onboarding/ButtonNo1")): Object: 'Object Repository/TD2/Registration and Onboarding/Page_Onboarding/ButtonNo1' is clicked on

2020-03-23 12:07:19 - [MESSAGE][PASSED] - Object: 'Object Repository/TD2/Registration and Onboarding/Page_Onboarding/ButtonNo1' is clicked on

2020-03-23 12:07:19 - [TEST_STEP][PASSED] - click(findTestObject("TD2/Registration and Onboarding/Page_Onboarding/ButtonTryItFree")): Object: 'Object Repository/TD2/Registration and Onboarding/Page_Onboarding/ButtonTryItFree' is clicked on

2020-03-23 12:07:20 - [MESSAGE][PASSED] - Object: 'Object Repository/TD2/Registration and Onboarding/Page_Onboarding/ButtonTryItFree' is clicked on

2020-03-23 12:07:20 - [TEST_STEP][PASSED] - click(findTestObject("TD2/Registration and Onboarding/Page_Registration/RadioAccountOption")): Object: 'Object Repository/TD2/Registration and Onboarding/Page_Registration/RadioAccountOption' is clicked on

2020-03-23 12:07:20 - [MESSAGE][PASSED] - Object: 'Object Repository/TD2/Registration and Onboarding/Page_Registration/RadioAccountOption' is clicked on

2020-03-23 12:07:20 - [TEST_STEP][NOT_RUN] - click(findTestObject("TD2/Registration and Onboarding/Page_Onboarding/RadioButtonVisible")): NOT_RUN: click(findTestObject("TD2/Registration and Onboarding/Page_Onboarding/RadioButtonVisible"))

2020-03-23 12:07:20 - [MESSAGE][NOT_RUN] - NOT_RUN: click(findTestObject("TD2/Registration and Onboarding/Page_Onboarding/RadioButtonVisible"))

2020-03-23 12:07:20 - [TEST_STEP][PASSED] - click(findTestObject("TD2/Registration and Onboarding/Page_Registration/ButtonContinue")): Object: 'Object Repository/TD2/Registration and Onboarding/Page_Registration/ButtonContinue' is clicked on

2020-03-23 12:07:21 - [MESSAGE][PASSED] - Object: 'Object Repository/TD2/Registration and Onboarding/Page_Registration/ButtonContinue' is clicked on

2020-03-23 12:07:21 - [TEST_STEP][PASSED] - setText(findTestObject("TD2/Registration and Onboarding/Page_Registration/InputName"), "Payal"): Text 'Payal' is set on object 'Object Repository/TD2/Registration and Onboarding/Page_Registration/InputName'

2020-03-23 12:07:22 - [MESSAGE][PASSED] - Text 'Payal' is set on object 'Object Repository/TD2/Registration and Onboarding/Page_Registration/InputName'

2020-03-23 12:07:22 - [TEST_STEP][PASSED] - driver = getWebDriver(): null

2020-03-23 12:07:22 - [TEST_STEP][PASSED] - emailAddress = "payal+" + getDateTime() + "@timedoctor.com": null

2020-03-23 12:07:22 - [TEST_STEP][PASSED] - nowDateTime = new java.text.SimpleDateFormat(yyMMddHHmmss): null

2020-03-23 12:07:22 - [TEST_STEP][PASSED] - now = new java.util.Date(): null

2020-03-23 12:07:22 - [TEST_STEP][PASSED] - strDate = nowDateTime.format(now): null

2020-03-23 12:07:22 - [TEST_STEP][PASSED] - return strDate: NOT_RUN: click(findTestObject("TD2/Registration and Onboarding/Page_Onboarding/ButtonLogout"))

2020-03-23 12:07:22 - [TEST_STEP][PASSED] - waitForElementVisible(findTestObject("TD2/Registration and Onboarding/Page_Registration/InputCompanyEmail"), 10): Object 'Object Repository/TD2/Registration and Onboarding/Page_Registration/InputCompanyEmail' is visible

2020-03-23 12:07:22 - [MESSAGE][PASSED] - Object 'Object Repository/TD2/Registration and Onboarding/Page_Registration/InputCompanyEmail' is visible

2020-03-23 12:07:22 - [TEST_STEP][PASSED] - setText(findTestObject("TD2/Registration and Onboarding/Page_Registration/InputCompanyEmail"), emailAddress): Text 'payal+200323120722@timedoctor.com' is set on object 'Object Repository/TD2/Registration and Onboarding/Page_Registration/InputCompanyEmail'

2020-03-23 12:07:23 - [MESSAGE][PASSED] - Text 'payal+200323120722@timedoctor.com' is set on object 'Object Repository/TD2/Registration and Onboarding/Page_Registration/InputCompanyEmail'

2020-03-23 12:07:23 - [TEST_STEP][PASSED] - setEncryptedText(findTestObject("TD2/Registration and Onboarding/Page_Registration/InputPassword"), "Px/nOzMEHWxU8lgHigNsmA=="): Text ****** has been set on object 'Object Repository/TD2/Registration and Onboarding/Page_Registration/InputPassword'

2020-03-23 12:07:24 - [MESSAGE][PASSED] - Text ****** has been set on object 'Object Repository/TD2/Registration and Onboarding/Page_Registration/InputPassword'

2020-03-23 12:07:24 - [TEST_STEP][PASSED] - click(findTestObject("TD2/Registration and Onboarding/Page_Registration/ButtonTestItOut")): Object: 'Object Repository/TD2/Registration and Onboarding/Page_Registration/ButtonTestItOut' is clicked on

2020-03-23 12:07:25 - [MESSAGE][PASSED] - Object: 'Object Repository/TD2/Registration and Onboarding/Page_Registration/ButtonTestItOut' is clicked on

2020-03-23 12:07:25 - [TEST_STEP][PASSED] - delay(15): Delayed 15 second(s)

2020-03-23 12:07:40 - [MESSAGE][PASSED] - Delayed 15 second(s)

2020-03-23 12:07:40 - [TEST_STEP][PASSED] - click(findTestObject("TD2/Registration and Onboarding/Page_Onboarding/span_No I like paying")): Object: 'Object Repository/TD2/Registration and Onboarding/Page_Onboarding/span_No I like paying' is clicked on

2020-03-23 12:07:40 - [MESSAGE][PASSED] - Object: 'Object Repository/TD2/Registration and Onboarding/Page_Onboarding/span_No I like paying' is clicked on

2020-03-23 12:07:40 - [TEST_STEP][NOT_RUN] - if (verifyElementPresent(findTestObject("TD2/Registration and Onboarding/Page_Onboarding/Company Name"), 10, OPTIONAL)): NOT_RUN: if (verifyElementPresent(findTestObject("TD2/Registration and Onboarding/Page_Onboarding/Company Name"), 10, OPTIONAL))

2020-03-23 12:07:40 - [MESSAGE][NOT_RUN] - NOT_RUN: if (verifyElementPresent(findTestObject("TD2/Registration and Onboarding/Page_Onboarding/Company Name"), 10, OPTIONAL))

2020-03-23 12:07:40 - [TEST_STEP][NOT_RUN] - click(findTestObject("TD2/Registration and Onboarding/Page_Onboarding/span_Next")): NOT_RUN: click(findTestObject("TD2/Registration and Onboarding/Page_Onboarding/span_Next"))

2020-03-23 12:07:40 - [MESSAGE][NOT_RUN] - NOT_RUN: click(findTestObject("TD2/Registration and Onboarding/Page_Onboarding/span_Next"))

2020-03-23 12:07:40 - [TEST_STEP][NOT_RUN] - click(findTestObject("TD2/Registration and Onboarding/Page_Onboarding/I dont have team")): NOT_RUN: click(findTestObject("TD2/Registration and Onboarding/Page_Onboarding/I dont have team"))

2020-03-23 12:07:40 - [MESSAGE][NOT_RUN] - NOT_RUN: click(findTestObject("TD2/Registration and Onboarding/Page_Onboarding/I dont have team"))

2020-03-23 12:07:40 - [TEST_STEP][NOT_RUN] - click(findTestObject("TD2/Registration and Onboarding/Page_Onboarding/Submit - Invite")): NOT_RUN: click(findTestObject("TD2/Registration and Onboarding/Page_Onboarding/Submit - Invite"))

2020-03-23 12:07:40 - [MESSAGE][NOT_RUN] - NOT_RUN: click(findTestObject("TD2/Registration and Onboarding/Page_Onboarding/Submit - Invite"))

2020-03-23 12:07:40 - [TEST_STEP][NOT_RUN] - delay(10): NOT_RUN: delay(10)

2020-03-23 12:07:40 - [MESSAGE][NOT_RUN] - NOT_RUN: delay(10)

2020-03-23 12:07:40 - [TEST_STEP][NOT_RUN] - click(findTestObject("TD2/Registration and Onboarding/Page_Onboarding/ButtonUserMenu")): NOT_RUN: click(findTestObject("TD2/Registration and Onboarding/Page_Onboarding/ButtonUserMenu"))

2020-03-23 12:07:40 - [MESSAGE][NOT_RUN] - NOT_RUN: click(findTestObject("TD2/Registration and Onboarding/Page_Onboarding/ButtonUserMenu"))

2020-03-23 12:07:40 - [TEST_STEP][NOT_RUN] - click(findTestObject("TD2/Registration and Onboarding/Page_Onboarding/ButtonLogout")): NOT_RUN: click(findTestObject("TD2/Registration and Onboarding/Page_Onboarding/ButtonLogout"))

2020-03-23 12:07:40 - [MESSAGE][NOT_RUN] - NOT_RUN: click(findTestObject("TD2/Registration and Onboarding/Page_Onboarding/ButtonLogout"))

2020-03-23 12:07:40 - [TEST_STEP][PASSED] - closeBrowser(): Browser is closed

2020-03-23 12:07:41 - [MESSAGE][PASSED] - Browser is closed]]></system-out>
         <system-err><![CDATA[]]></system-err>
      </testcase>
      <testcase name="Test Cases/TD2/General/Opening Signup Browser" time="8.878" classname="Test Cases/TD2/General/Opening Signup Browser" status="PASSED">
         <system-out><![CDATA[2020-03-23 12:07:41 - [TEST_CASE][PASSED] - Test Cases/TD2/General/Opening Signup Browser: Test Cases/TD2/General/Opening Signup Browser

2020-03-23 12:07:41 - [TEST_STEP][PASSED] - openBrowser(""): Browser is opened with url: ''

2020-03-23 12:07:41 - [MESSAGE][INFO] - Starting 'Chrome' driver

2020-03-23 12:07:44 - [MESSAGE][PASSED] - Browser is opened with url: ''

2020-03-23 12:07:44 - [TEST_STEP][PASSED] - navigateToUrl("www.timedoctor.com"): Navigate to 'http://www.timedoctor.com' successfully

2020-03-23 12:07:49 - [MESSAGE][PASSED] - Navigate to 'http://www.timedoctor.com' successfully

2020-03-23 12:07:49 - [TEST_STEP][PASSED] - maximizeWindow(): Current window maximized

2020-03-23 12:07:50 - [MESSAGE][PASSED] - Current window maximized]]></system-out>
         <system-err><![CDATA[]]></system-err>
      </testcase>
      <testcase name="Test Cases/TD2/Signup and OnBoarding/Select how to start the free account/Invite My Team/OnBoarding - Visible" time="42.163" classname="Test Cases/TD2/Signup and OnBoarding/Select how to start the free account/Invite My Team/OnBoarding - Visible" status="PASSED">
         <system-out><![CDATA[2020-03-23 12:07:50 - [TEST_CASE][PASSED] - Test Cases/TD2/Signup and OnBoarding/Select how to start the free account/Invite My Team/OnBoarding - Visible: Test Cases/TD2/Signup and OnBoarding/Select how to start the free account/Invite My Team/OnBoarding - Visible

2020-03-23 12:07:50 - [TEST_STEP][NOT_RUN] - openBrowser(""): NOT_RUN: openBrowser("")

2020-03-23 12:07:50 - [MESSAGE][NOT_RUN] - NOT_RUN: openBrowser("")

2020-03-23 12:07:50 - [TEST_STEP][NOT_RUN] - maximizeWindow(): NOT_RUN: maximizeWindow()

2020-03-23 12:07:50 - [MESSAGE][NOT_RUN] - NOT_RUN: maximizeWindow()

2020-03-23 12:07:50 - [TEST_STEP][NOT_RUN] - navigateToUrl("www.timedoctor.com"): NOT_RUN: navigateToUrl("www.timedoctor.com")

2020-03-23 12:07:50 - [MESSAGE][NOT_RUN] - NOT_RUN: navigateToUrl("www.timedoctor.com")

2020-03-23 12:07:50 - [TEST_STEP][NOT_RUN] - if (verifyElementPresent(findTestObject("TD2/Registration and Onboarding/Page_Registration/WebsiteVersion"), 10, OPTIONAL)): NOT_RUN: if (verifyElementPresent(findTestObject("TD2/Registration and Onboarding/Page_Registration/WebsiteVersion"), 10, OPTIONAL))

2020-03-23 12:07:50 - [MESSAGE][NOT_RUN] - NOT_RUN: if (verifyElementPresent(findTestObject("TD2/Registration and Onboarding/Page_Registration/WebsiteVersion"), 10, OPTIONAL))

2020-03-23 12:07:50 - [TEST_STEP][PASSED] - if (verifyElementPresent(findTestObject("TD2/Registration and Onboarding/Page_Registration/ButtonYes"), 10, OPTIONAL)): null

2020-03-23 12:07:52 - [MESSAGE][PASSED] - Object 'Object Repository/TD2/Registration and Onboarding/Page_Registration/ButtonYes' is present

2020-03-23 12:07:52 - [TEST_STEP][PASSED] - click(findTestObject("TD2/Registration and Onboarding/Page_Registration/ButtonYes")): Object: 'Object Repository/TD2/Registration and Onboarding/Page_Registration/ButtonYes' is clicked on

2020-03-23 12:07:52 - [MESSAGE][PASSED] - Object: 'Object Repository/TD2/Registration and Onboarding/Page_Registration/ButtonYes' is clicked on

2020-03-23 12:07:52 - [TEST_STEP][PASSED] - click(findTestObject("TD2/Registration and Onboarding/Page_Registration/ButtonYes2")): Object: 'Object Repository/TD2/Registration and Onboarding/Page_Registration/ButtonYes2' is clicked on

2020-03-23 12:07:53 - [MESSAGE][PASSED] - Object: 'Object Repository/TD2/Registration and Onboarding/Page_Registration/ButtonYes2' is clicked on

2020-03-23 12:07:53 - [TEST_STEP][PASSED] - click(findTestObject("TD2/Registration and Onboarding/Page_Registration/ButtonYes3")): Object: 'Object Repository/TD2/Registration and Onboarding/Page_Registration/ButtonYes3' is clicked on

2020-03-23 12:07:54 - [MESSAGE][PASSED] - Object: 'Object Repository/TD2/Registration and Onboarding/Page_Registration/ButtonYes3' is clicked on

2020-03-23 12:07:54 - [TEST_STEP][PASSED] - click(findTestObject("TD2/Registration and Onboarding/Page_Onboarding/InvitemyTeam")): Object: 'Object Repository/TD2/Registration and Onboarding/Page_Onboarding/InvitemyTeam' is clicked on

2020-03-23 12:07:54 - [MESSAGE][PASSED] - Object: 'Object Repository/TD2/Registration and Onboarding/Page_Onboarding/InvitemyTeam' is clicked on

2020-03-23 12:07:54 - [TEST_STEP][PASSED] - click(findTestObject("TD2/Registration and Onboarding/Page_Registration/ButtonContinue")): Object: 'Object Repository/TD2/Registration and Onboarding/Page_Registration/ButtonContinue' is clicked on

2020-03-23 12:07:55 - [MESSAGE][PASSED] - Object: 'Object Repository/TD2/Registration and Onboarding/Page_Registration/ButtonContinue' is clicked on

2020-03-23 12:07:55 - [TEST_STEP][PASSED] - setText(findTestObject("TD2/Registration and Onboarding/Page_Registration/InputName"), "Payal"): Text 'Payal' is set on object 'Object Repository/TD2/Registration and Onboarding/Page_Registration/InputName'

2020-03-23 12:07:56 - [MESSAGE][PASSED] - Text 'Payal' is set on object 'Object Repository/TD2/Registration and Onboarding/Page_Registration/InputName'

2020-03-23 12:07:56 - [TEST_STEP][PASSED] - driver = getWebDriver(): null

2020-03-23 12:07:56 - [TEST_STEP][PASSED] - emailAddress = "payal+" + getDateTime() + "@timedoctor.com": null

2020-03-23 12:07:56 - [TEST_STEP][PASSED] - nowDateTime = new java.text.SimpleDateFormat(yyMMddHHmmss): null

2020-03-23 12:07:56 - [TEST_STEP][PASSED] - now = new java.util.Date(): null

2020-03-23 12:07:56 - [TEST_STEP][PASSED] - strDate = nowDateTime.format(now): null

2020-03-23 12:07:56 - [TEST_STEP][PASSED] - return strDate: NOT_RUN: click(findTestObject("TD2/Registration and Onboarding/Page_Onboarding/ButtonLogout"))

2020-03-23 12:07:56 - [TEST_STEP][PASSED] - waitForElementVisible(findTestObject("TD2/Registration and Onboarding/Page_Registration/InputCompanyEmail"), 10): Object 'Object Repository/TD2/Registration and Onboarding/Page_Registration/InputCompanyEmail' is visible

2020-03-23 12:07:56 - [MESSAGE][PASSED] - Object 'Object Repository/TD2/Registration and Onboarding/Page_Registration/InputCompanyEmail' is visible

2020-03-23 12:07:56 - [TEST_STEP][PASSED] - setText(findTestObject("TD2/Registration and Onboarding/Page_Registration/InputCompanyEmail"), emailAddress): Text 'payal+200323120756@timedoctor.com' is set on object 'Object Repository/TD2/Registration and Onboarding/Page_Registration/InputCompanyEmail'

2020-03-23 12:07:57 - [MESSAGE][PASSED] - Text 'payal+200323120756@timedoctor.com' is set on object 'Object Repository/TD2/Registration and Onboarding/Page_Registration/InputCompanyEmail'

2020-03-23 12:07:57 - [TEST_STEP][PASSED] - setEncryptedText(findTestObject("TD2/Registration and Onboarding/Page_Registration/InputPassword"), "Px/nOzMEHWxU8lgHigNsmA=="): Text ****** has been set on object 'Object Repository/TD2/Registration and Onboarding/Page_Registration/InputPassword'

2020-03-23 12:07:58 - [MESSAGE][PASSED] - Text ****** has been set on object 'Object Repository/TD2/Registration and Onboarding/Page_Registration/InputPassword'

2020-03-23 12:07:58 - [TEST_STEP][PASSED] - click(findTestObject("TD2/Registration and Onboarding/Page_Registration/ButtonTestItOut")): Object: 'Object Repository/TD2/Registration and Onboarding/Page_Registration/ButtonTestItOut' is clicked on

2020-03-23 12:07:59 - [MESSAGE][PASSED] - Object: 'Object Repository/TD2/Registration and Onboarding/Page_Registration/ButtonTestItOut' is clicked on

2020-03-23 12:07:59 - [TEST_STEP][PASSED] - click(findTestObject("TD2/Registration and Onboarding/Page_Onboarding/span_No I like paying")): Object: 'Object Repository/TD2/Registration and Onboarding/Page_Onboarding/span_No I like paying' is clicked on

2020-03-23 12:08:31 - [MESSAGE][PASSED] - Object: 'Object Repository/TD2/Registration and Onboarding/Page_Onboarding/span_No I like paying' is clicked on

2020-03-23 12:08:31 - [TEST_STEP][NOT_RUN] - if (verifyElementPresent(findTestObject("TD2/Registration and Onboarding/Page_Onboarding/Company Name"), 10, OPTIONAL)): NOT_RUN: if (verifyElementPresent(findTestObject("TD2/Registration and Onboarding/Page_Onboarding/Company Name"), 10, OPTIONAL))

2020-03-23 12:08:31 - [MESSAGE][NOT_RUN] - NOT_RUN: if (verifyElementPresent(findTestObject("TD2/Registration and Onboarding/Page_Onboarding/Company Name"), 10, OPTIONAL))

2020-03-23 12:08:31 - [TEST_STEP][NOT_RUN] - click(findTestObject("TD2/Registration and Onboarding/Page_Onboarding/span_Next")): NOT_RUN: click(findTestObject("TD2/Registration and Onboarding/Page_Onboarding/span_Next"))

2020-03-23 12:08:31 - [MESSAGE][NOT_RUN] - NOT_RUN: click(findTestObject("TD2/Registration and Onboarding/Page_Onboarding/span_Next"))

2020-03-23 12:08:31 - [TEST_STEP][NOT_RUN] - click(findTestObject("TD2/Registration and Onboarding/Page_Onboarding/Next - Set up your Account")): NOT_RUN: click(findTestObject("TD2/Registration and Onboarding/Page_Onboarding/Next - Set up your Account"))

2020-03-23 12:08:31 - [MESSAGE][NOT_RUN] - NOT_RUN: click(findTestObject("TD2/Registration and Onboarding/Page_Onboarding/Next - Set up your Account"))

2020-03-23 12:08:31 - [TEST_STEP][NOT_RUN] - click(findTestObject("TD2/Registration and Onboarding/Page_Onboarding/I dont have team")): NOT_RUN: click(findTestObject("TD2/Registration and Onboarding/Page_Onboarding/I dont have team"))

2020-03-23 12:08:31 - [MESSAGE][NOT_RUN] - NOT_RUN: click(findTestObject("TD2/Registration and Onboarding/Page_Onboarding/I dont have team"))

2020-03-23 12:08:31 - [TEST_STEP][NOT_RUN] - click(findTestObject("TD2/Registration and Onboarding/Page_Onboarding/Submit - Invite")): NOT_RUN: click(findTestObject("TD2/Registration and Onboarding/Page_Onboarding/Submit - Invite"))

2020-03-23 12:08:31 - [MESSAGE][NOT_RUN] - NOT_RUN: click(findTestObject("TD2/Registration and Onboarding/Page_Onboarding/Submit - Invite"))

2020-03-23 12:08:31 - [TEST_STEP][NOT_RUN] - click(findTestObject("TD2/Registration and Onboarding/Page_Onboarding/ButtonUserMenu")): NOT_RUN: click(findTestObject("TD2/Registration and Onboarding/Page_Onboarding/ButtonUserMenu"))

2020-03-23 12:08:31 - [MESSAGE][NOT_RUN] - NOT_RUN: click(findTestObject("TD2/Registration and Onboarding/Page_Onboarding/ButtonUserMenu"))

2020-03-23 12:08:31 - [TEST_STEP][NOT_RUN] - click(findTestObject("TD2/Registration and Onboarding/Page_Onboarding/ButtonLogout")): NOT_RUN: click(findTestObject("TD2/Registration and Onboarding/Page_Onboarding/ButtonLogout"))

2020-03-23 12:08:31 - [MESSAGE][NOT_RUN] - NOT_RUN: click(findTestObject("TD2/Registration and Onboarding/Page_Onboarding/ButtonLogout"))

2020-03-23 12:08:31 - [TEST_STEP][PASSED] - closeBrowser(): Browser is closed

2020-03-23 12:08:32 - [MESSAGE][PASSED] - Browser is closed]]></system-out>
         <system-err><![CDATA[]]></system-err>
      </testcase>
      <testcase name="Test Cases/TD2/General/Opening Signup Browser" time="10.262" classname="Test Cases/TD2/General/Opening Signup Browser" status="PASSED">
         <system-out><![CDATA[2020-03-23 12:08:32 - [TEST_CASE][PASSED] - Test Cases/TD2/General/Opening Signup Browser: Test Cases/TD2/General/Opening Signup Browser

2020-03-23 12:08:32 - [TEST_STEP][PASSED] - openBrowser(""): Browser is opened with url: ''

2020-03-23 12:08:32 - [MESSAGE][INFO] - Starting 'Chrome' driver

2020-03-23 12:08:35 - [MESSAGE][PASSED] - Browser is opened with url: ''

2020-03-23 12:08:35 - [TEST_STEP][PASSED] - navigateToUrl("www.timedoctor.com"): Navigate to 'http://www.timedoctor.com' successfully

2020-03-23 12:08:42 - [MESSAGE][PASSED] - Navigate to 'http://www.timedoctor.com' successfully

2020-03-23 12:08:42 - [TEST_STEP][PASSED] - maximizeWindow(): Current window maximized

2020-03-23 12:08:42 - [MESSAGE][PASSED] - Current window maximized]]></system-out>
         <system-err><![CDATA[]]></system-err>
      </testcase>
      <testcase name="Test Cases/TD2/Signup and OnBoarding/Registration With Different Options for Questions Asked/SignUP - Negative Testing" time="104.401" classname="Test Cases/TD2/Signup and OnBoarding/Registration With Different Options for Questions Asked/SignUP - Negative Testing" status="FAILED">
         <failure type="FAILED" message="Test Cases/TD2/Signup and OnBoarding/Registration With Different Options for Questions Asked/SignUP - Negative Testing FAILED.
Reason:
com.kms.katalon.core.exception.StepFailedException: Verify element text of test object 'Object Repository/TD2/Registration and Onboarding/Negative Testing/Page_Smart Employee Time Tracking Software _adb7b6/div_Please enter a valid email address' FAILED.
	at com.kms.katalon.core.webui.keyword.internal.WebUIKeywordMain.stepFailed(WebUIKeywordMain.groovy:64)
	at com.kms.katalon.core.webui.keyword.internal.WebUIKeywordMain.runKeyword(WebUIKeywordMain.groovy:26)
	at com.kms.katalon.core.webui.keyword.builtin.VerifyElementTextKeyword.verifyElementText(VerifyElementTextKeyword.groovy:72)
	at com.kms.katalon.core.webui.keyword.builtin.VerifyElementTextKeyword.execute(VerifyElementTextKeyword.groovy:40)
	at com.kms.katalon.core.keyword.internal.KeywordExecutor.executeKeywordForPlatform(KeywordExecutor.groovy:72)
	at com.kms.katalon.core.webui.keyword.WebUiBuiltInKeywords.verifyElementText(WebUiBuiltInKeywords.groovy:3689)
	at com.kms.katalon.core.webui.keyword.WebUiBuiltInKeywords$verifyElementText$8.call(Unknown Source)
	at SignUP - Negative Testing.run(SignUP - Negative Testing:93)
	at com.kms.katalon.core.main.ScriptEngine.run(ScriptEngine.java:194)
	at com.kms.katalon.core.main.ScriptEngine.runScriptAsRawText(ScriptEngine.java:119)
	at com.kms.katalon.core.main.TestCaseExecutor.runScript(TestCaseExecutor.java:337)
	at com.kms.katalon.core.main.TestCaseExecutor.doExecute(TestCaseExecutor.java:328)
	at com.kms.katalon.core.main.TestCaseExecutor.processExecutionPhase(TestCaseExecutor.java:307)
	at com.kms.katalon.core.main.TestCaseExecutor.accessMainPhase(TestCaseExecutor.java:299)
	at com.kms.katalon.core.main.TestCaseExecutor.execute(TestCaseExecutor.java:233)
	at com.kms.katalon.core.main.TestSuiteExecutor.accessTestCaseMainPhase(TestSuiteExecutor.java:169)
	at com.kms.katalon.core.main.TestSuiteExecutor.accessTestSuiteMainPhase(TestSuiteExecutor.java:142)
	at com.kms.katalon.core.main.TestSuiteExecutor.execute(TestSuiteExecutor.java:91)
	at com.kms.katalon.core.main.TestCaseMain.startTestSuite(TestCaseMain.java:157)
	at com.kms.katalon.core.main.TestCaseMain$startTestSuite$0.call(Unknown Source)
	at TempTestSuite1584945313078.run(TempTestSuite1584945313078.groovy:36)
Caused by: com.kms.katalon.core.exception.StepFailedException: com.kms.katalon.core.webui.exception.WebElementNotFoundException: Web element with id: 'Object Repository/TD2/Registration and Onboarding/Negative Testing/Page_Smart Employee Time Tracking Software _adb7b6/div_Please enter a valid email address' located by 'By.xpath: /html/body/div[1]/section[1]/div[2]/div[1]/div[1]/div[3]/div/div/div[1]/form/div[2]/ul/li[3]/div[2]/div[2]' not found
	at com.kms.katalon.core.webui.keyword.internal.WebUIKeywordMain.stepFailed(WebUIKeywordMain.groovy:64)
	at com.kms.katalon.core.webui.keyword.builtin.VerifyElementTextKeyword$_verifyElementText_closure1.doCall(VerifyElementTextKeyword.groovy:64)
	at com.kms.katalon.core.webui.keyword.builtin.VerifyElementTextKeyword$_verifyElementText_closure1.call(VerifyElementTextKeyword.groovy)
	at com.kms.katalon.core.webui.keyword.internal.WebUIKeywordMain.runKeyword(WebUIKeywordMain.groovy:20)
	... 19 more
"/>
         <system-out><![CDATA[2020-03-23 12:08:42 - [TEST_CASE][FAILED] - Test Cases/TD2/Signup and OnBoarding/Registration With Different Options for Questions Asked/SignUP - Negative Testing: Test Cases/TD2/Signup and OnBoarding/Registration With Different Options for Questions Asked/SignUP - Negative Testing FAILED.
Reason:
com.kms.katalon.core.exception.StepFailedException: Verify element text of test object 'Object Repository/TD2/Registration and Onboarding/Negative Testing/Page_Smart Employee Time Tracking Software _adb7b6/div_Please enter a valid email address' FAILED.
	at com.kms.katalon.core.webui.keyword.internal.WebUIKeywordMain.stepFailed(WebUIKeywordMain.groovy:64)
	at com.kms.katalon.core.webui.keyword.internal.WebUIKeywordMain.runKeyword(WebUIKeywordMain.groovy:26)
	at com.kms.katalon.core.webui.keyword.builtin.VerifyElementTextKeyword.verifyElementText(VerifyElementTextKeyword.groovy:72)
	at com.kms.katalon.core.webui.keyword.builtin.VerifyElementTextKeyword.execute(VerifyElementTextKeyword.groovy:40)
	at com.kms.katalon.core.keyword.internal.KeywordExecutor.executeKeywordForPlatform(KeywordExecutor.groovy:72)
	at com.kms.katalon.core.webui.keyword.WebUiBuiltInKeywords.verifyElementText(WebUiBuiltInKeywords.groovy:3689)
	at com.kms.katalon.core.webui.keyword.WebUiBuiltInKeywords$verifyElementText$8.call(Unknown Source)
	at SignUP - Negative Testing.run(SignUP - Negative Testing:93)
	at com.kms.katalon.core.main.ScriptEngine.run(ScriptEngine.java:194)
	at com.kms.katalon.core.main.ScriptEngine.runScriptAsRawText(ScriptEngine.java:119)
	at com.kms.katalon.core.main.TestCaseExecutor.runScript(TestCaseExecutor.java:337)
	at com.kms.katalon.core.main.TestCaseExecutor.doExecute(TestCaseExecutor.java:328)
	at com.kms.katalon.core.main.TestCaseExecutor.processExecutionPhase(TestCaseExecutor.java:307)
	at com.kms.katalon.core.main.TestCaseExecutor.accessMainPhase(TestCaseExecutor.java:299)
	at com.kms.katalon.core.main.TestCaseExecutor.execute(TestCaseExecutor.java:233)
	at com.kms.katalon.core.main.TestSuiteExecutor.accessTestCaseMainPhase(TestSuiteExecutor.java:169)
	at com.kms.katalon.core.main.TestSuiteExecutor.accessTestSuiteMainPhase(TestSuiteExecutor.java:142)
	at com.kms.katalon.core.main.TestSuiteExecutor.execute(TestSuiteExecutor.java:91)
	at com.kms.katalon.core.main.TestCaseMain.startTestSuite(TestCaseMain.java:157)
	at com.kms.katalon.core.main.TestCaseMain$startTestSuite$0.call(Unknown Source)
	at TempTestSuite1584945313078.run(TempTestSuite1584945313078.groovy:36)
Caused by: com.kms.katalon.core.exception.StepFailedException: com.kms.katalon.core.webui.exception.WebElementNotFoundException: Web element with id: 'Object Repository/TD2/Registration and Onboarding/Negative Testing/Page_Smart Employee Time Tracking Software _adb7b6/div_Please enter a valid email address' located by 'By.xpath: /html/body/div[1]/section[1]/div[2]/div[1]/div[1]/div[3]/div/div/div[1]/form/div[2]/ul/li[3]/div[2]/div[2]' not found
	at com.kms.katalon.core.webui.keyword.internal.WebUIKeywordMain.stepFailed(WebUIKeywordMain.groovy:64)
	at com.kms.katalon.core.webui.keyword.builtin.VerifyElementTextKeyword$_verifyElementText_closure1.doCall(VerifyElementTextKeyword.groovy:64)
	at com.kms.katalon.core.webui.keyword.builtin.VerifyElementTextKeyword$_verifyElementText_closure1.call(VerifyElementTextKeyword.groovy)
	at com.kms.katalon.core.webui.keyword.internal.WebUIKeywordMain.runKeyword(WebUIKeywordMain.groovy:20)
	... 19 more


2020-03-23 12:08:43 - [TEST_STEP][NOT_RUN] - openBrowser(""): NOT_RUN: openBrowser("")

2020-03-23 12:08:43 - [MESSAGE][NOT_RUN] - NOT_RUN: openBrowser("")

2020-03-23 12:08:43 - [TEST_STEP][NOT_RUN] - maximizeWindow(): NOT_RUN: maximizeWindow()

2020-03-23 12:08:43 - [MESSAGE][NOT_RUN] - NOT_RUN: maximizeWindow()

2020-03-23 12:08:43 - [TEST_STEP][NOT_RUN] - navigateToUrl("www.timedoctor.com"): NOT_RUN: navigateToUrl("www.timedoctor.com")

2020-03-23 12:08:43 - [MESSAGE][NOT_RUN] - NOT_RUN: navigateToUrl("www.timedoctor.com")

2020-03-23 12:08:43 - [TEST_STEP][NOT_RUN] - click(findTestObject("TD2/Registration and Onboarding/Page_Registration/Register Button")): NOT_RUN: click(findTestObject("TD2/Registration and Onboarding/Page_Registration/Register Button"))

2020-03-23 12:08:43 - [MESSAGE][NOT_RUN] - NOT_RUN: click(findTestObject("TD2/Registration and Onboarding/Page_Registration/Register Button"))

2020-03-23 12:08:43 - [TEST_STEP][NOT_RUN] - if (verifyElementPresent(findTestObject("TD2/Registration and Onboarding/Page_Registration/WebsiteVersion"), 10, OPTIONAL)): NOT_RUN: if (verifyElementPresent(findTestObject("TD2/Registration and Onboarding/Page_Registration/WebsiteVersion"), 10, OPTIONAL))

2020-03-23 12:08:43 - [MESSAGE][NOT_RUN] - NOT_RUN: if (verifyElementPresent(findTestObject("TD2/Registration and Onboarding/Page_Registration/WebsiteVersion"), 10, OPTIONAL))

2020-03-23 12:08:43 - [TEST_STEP][PASSED] - if (verifyElementPresent(findTestObject("TD2/Registration and Onboarding/Page_Registration/ButtonYes"), 10, OPTIONAL)): null

2020-03-23 12:08:44 - [MESSAGE][PASSED] - Object 'Object Repository/TD2/Registration and Onboarding/Page_Registration/ButtonYes' is present

2020-03-23 12:08:44 - [TEST_STEP][PASSED] - click(findTestObject("TD2/Registration and Onboarding/Page_Onboarding/ButtonNo")): Object: 'Object Repository/TD2/Registration and Onboarding/Page_Onboarding/ButtonNo' is clicked on

2020-03-23 12:08:46 - [MESSAGE][PASSED] - Object: 'Object Repository/TD2/Registration and Onboarding/Page_Onboarding/ButtonNo' is clicked on

2020-03-23 12:08:46 - [TEST_STEP][PASSED] - click(findTestObject("TD2/Registration and Onboarding/Page_Onboarding/ButtonNo1")): Object: 'Object Repository/TD2/Registration and Onboarding/Page_Onboarding/ButtonNo1' is clicked on

2020-03-23 12:08:46 - [MESSAGE][PASSED] - Object: 'Object Repository/TD2/Registration and Onboarding/Page_Onboarding/ButtonNo1' is clicked on

2020-03-23 12:08:46 - [TEST_STEP][PASSED] - click(findTestObject("TD2/Registration and Onboarding/Page_Onboarding/ButtonTryItFree")): Object: 'Object Repository/TD2/Registration and Onboarding/Page_Onboarding/ButtonTryItFree' is clicked on

2020-03-23 12:08:47 - [MESSAGE][PASSED] - Object: 'Object Repository/TD2/Registration and Onboarding/Page_Onboarding/ButtonTryItFree' is clicked on

2020-03-23 12:08:47 - [TEST_STEP][PASSED] - click(findTestObject("Object Repository/TD2/Registration and Onboarding/Negative Testing/Page_Smart Employee Time Tracking Software _adb7b6/button_Get Free Account Try It Out")): Object: 'Object Repository/TD2/Registration and Onboarding/Negative Testing/Page_Smart Employee Time Tracking Software _adb7b6/button_Get Free Account Try It Out' is clicked on

2020-03-23 12:08:48 - [MESSAGE][PASSED] - Object: 'Object Repository/TD2/Registration and Onboarding/Negative Testing/Page_Smart Employee Time Tracking Software _adb7b6/button_Get Free Account Try It Out' is clicked on

2020-03-23 12:08:48 - [TEST_STEP][PASSED] - verifyElementText(findTestObject("Object Repository/TD2/Registration and Onboarding/Negative Testing/Page_Smart Employee Time Tracking Software _adb7b6/div_Oops Name field should not be blank"), "Oops! Name field should not be blank."): Actual text and expected text of test object 'Object Repository/TD2/Registration and Onboarding/Negative Testing/Page_Smart Employee Time Tracking Software _adb7b6/div_Oops Name field should not be blank' are matched.

2020-03-23 12:09:05 - [MESSAGE][PASSED] - Actual text and expected text of test object 'Object Repository/TD2/Registration and Onboarding/Negative Testing/Page_Smart Employee Time Tracking Software _adb7b6/div_Oops Name field should not be blank' are matched.

2020-03-23 12:09:05 - [TEST_STEP][PASSED] - setText(findTestObject("Object Repository/TD2/Registration and Onboarding/Negative Testing/Page_Smart Employee Time Tracking Software _adb7b6/input_My name_name"), " "): Text ' ' is set on object 'Object Repository/TD2/Registration and Onboarding/Negative Testing/Page_Smart Employee Time Tracking Software _adb7b6/input_My name_name'

2020-03-23 12:09:07 - [MESSAGE][PASSED] - Text ' ' is set on object 'Object Repository/TD2/Registration and Onboarding/Negative Testing/Page_Smart Employee Time Tracking Software _adb7b6/input_My name_name'

2020-03-23 12:09:07 - [TEST_STEP][PASSED] - verifyElementText(findTestObject("Object Repository/TD2/Registration and Onboarding/Negative Testing/Page_Smart Employee Time Tracking Software _adb7b6/div_Oops Name field should not be blank"), "Oops! Name field should not be blank."): Actual text and expected text of test object 'Object Repository/TD2/Registration and Onboarding/Negative Testing/Page_Smart Employee Time Tracking Software _adb7b6/div_Oops Name field should not be blank' are matched.

2020-03-23 12:09:07 - [MESSAGE][PASSED] - Actual text and expected text of test object 'Object Repository/TD2/Registration and Onboarding/Negative Testing/Page_Smart Employee Time Tracking Software _adb7b6/div_Oops Name field should not be blank' are matched.

2020-03-23 12:09:07 - [TEST_STEP][PASSED] - setText(findTestObject("Object Repository/TD2/Registration and Onboarding/Negative Testing/Page_Smart Employee Time Tracking Software _adb7b6/input_My name_name"), "payal"): Text 'payal' is set on object 'Object Repository/TD2/Registration and Onboarding/Negative Testing/Page_Smart Employee Time Tracking Software _adb7b6/input_My name_name'

2020-03-23 12:09:08 - [MESSAGE][PASSED] - Text 'payal' is set on object 'Object Repository/TD2/Registration and Onboarding/Negative Testing/Page_Smart Employee Time Tracking Software _adb7b6/input_My name_name'

2020-03-23 12:09:08 - [TEST_STEP][PASSED] - setText(findTestObject("Object Repository/TD2/Registration and Onboarding/Negative Testing/Page_Smart Employee Time Tracking Software _adb7b6/input_Company email_email"), "payal"): Text 'payal' is set on object 'Object Repository/TD2/Registration and Onboarding/Negative Testing/Page_Smart Employee Time Tracking Software _adb7b6/input_Company email_email'

2020-03-23 12:09:09 - [MESSAGE][PASSED] - Text 'payal' is set on object 'Object Repository/TD2/Registration and Onboarding/Negative Testing/Page_Smart Employee Time Tracking Software _adb7b6/input_Company email_email'

2020-03-23 12:09:09 - [TEST_STEP][PASSED] - setEncryptedText(findTestObject("Object Repository/TD2/Registration and Onboarding/Negative Testing/Page_Smart Employee Time Tracking Software _adb7b6/input_Password_password"), "6AwaL659tt4="): Text ****** has been set on object 'Object Repository/TD2/Registration and Onboarding/Negative Testing/Page_Smart Employee Time Tracking Software _adb7b6/input_Password_password'

2020-03-23 12:09:09 - [MESSAGE][PASSED] - Text ****** has been set on object 'Object Repository/TD2/Registration and Onboarding/Negative Testing/Page_Smart Employee Time Tracking Software _adb7b6/input_Password_password'

2020-03-23 12:09:09 - [TEST_STEP][PASSED] - verifyElementText(findTestObject("Object Repository/TD2/Registration and Onboarding/Negative Testing/Page_Smart Employee Time Tracking Software _adb7b6/div_Please enter a valid email address"), "Please enter a valid email address!"): Actual text and expected text of test object 'Object Repository/TD2/Registration and Onboarding/Negative Testing/Page_Smart Employee Time Tracking Software _adb7b6/div_Please enter a valid email address' are matched.

2020-03-23 12:09:10 - [MESSAGE][PASSED] - Actual text and expected text of test object 'Object Repository/TD2/Registration and Onboarding/Negative Testing/Page_Smart Employee Time Tracking Software _adb7b6/div_Please enter a valid email address' are matched.

2020-03-23 12:09:10 - [TEST_STEP][PASSED] - click(findTestObject("Object Repository/TD2/Registration and Onboarding/Negative Testing/Page_Smart Employee Time Tracking Software _adb7b6/div_Enter a password of at least 6 characte_6901e9")): Object: 'Object Repository/TD2/Registration and Onboarding/Negative Testing/Page_Smart Employee Time Tracking Software _adb7b6/div_Enter a password of at least 6 characte_6901e9' is clicked on

2020-03-23 12:09:34 - [MESSAGE][PASSED] - Object: 'Object Repository/TD2/Registration and Onboarding/Negative Testing/Page_Smart Employee Time Tracking Software _adb7b6/div_Enter a password of at least 6 characte_6901e9' is clicked on

2020-03-23 12:09:34 - [TEST_STEP][PASSED] - setText(findTestObject("Object Repository/TD2/Registration and Onboarding/Negative Testing/Page_Smart Employee Time Tracking Software _adb7b6/input_Company email_email"), "payal+test"): Text 'payal+test' is set on object 'Object Repository/TD2/Registration and Onboarding/Negative Testing/Page_Smart Employee Time Tracking Software _adb7b6/input_Company email_email'

2020-03-23 12:09:35 - [MESSAGE][PASSED] - Text 'payal+test' is set on object 'Object Repository/TD2/Registration and Onboarding/Negative Testing/Page_Smart Employee Time Tracking Software _adb7b6/input_Company email_email'

2020-03-23 12:09:35 - [TEST_STEP][PASSED] - setEncryptedText(findTestObject("Object Repository/TD2/Registration and Onboarding/Negative Testing/Page_Smart Employee Time Tracking Software _adb7b6/input_Password_password"), "J7R4ejOak4Y="): Text ****** has been set on object 'Object Repository/TD2/Registration and Onboarding/Negative Testing/Page_Smart Employee Time Tracking Software _adb7b6/input_Password_password'

2020-03-23 12:09:36 - [MESSAGE][PASSED] - Text ****** has been set on object 'Object Repository/TD2/Registration and Onboarding/Negative Testing/Page_Smart Employee Time Tracking Software _adb7b6/input_Password_password'

2020-03-23 12:09:36 - [TEST_STEP][PASSED] - verifyElementText(findTestObject("Object Repository/TD2/Registration and Onboarding/Negative Testing/Page_Smart Employee Time Tracking Software _adb7b6/div_Please enter a valid email address"), "Please enter a valid email address!"): Actual text and expected text of test object 'Object Repository/TD2/Registration and Onboarding/Negative Testing/Page_Smart Employee Time Tracking Software _adb7b6/div_Please enter a valid email address' are matched.

2020-03-23 12:09:37 - [MESSAGE][PASSED] - Actual text and expected text of test object 'Object Repository/TD2/Registration and Onboarding/Negative Testing/Page_Smart Employee Time Tracking Software _adb7b6/div_Please enter a valid email address' are matched.

2020-03-23 12:09:37 - [TEST_STEP][PASSED] - verifyElementText(findTestObject("TD2/Registration and Onboarding/Negative Testing/Page_Smart Employee Time Tracking Software _adb7b6/div_Enter a password of at least 6 characte_6901e9"), "Enter a password of at least 6 characters. It may include numbers, letters or special characters such as $ or !. Spaces are not allowed."): Actual text and expected text of test object 'Object Repository/TD2/Registration and Onboarding/Negative Testing/Page_Smart Employee Time Tracking Software _adb7b6/div_Enter a password of at least 6 characte_6901e9' are matched.

2020-03-23 12:09:37 - [MESSAGE][PASSED] - Actual text and expected text of test object 'Object Repository/TD2/Registration and Onboarding/Negative Testing/Page_Smart Employee Time Tracking Software _adb7b6/div_Enter a password of at least 6 characte_6901e9' are matched.

2020-03-23 12:09:37 - [TEST_STEP][PASSED] - click(findTestObject("Object Repository/TD2/Registration and Onboarding/Negative Testing/Page_Smart Employee Time Tracking Software _adb7b6/button_Test It Out")): Object: 'Object Repository/TD2/Registration and Onboarding/Negative Testing/Page_Smart Employee Time Tracking Software _adb7b6/button_Test It Out' is clicked on

2020-03-23 12:09:38 - [MESSAGE][PASSED] - Object: 'Object Repository/TD2/Registration and Onboarding/Negative Testing/Page_Smart Employee Time Tracking Software _adb7b6/button_Test It Out' is clicked on

2020-03-23 12:09:38 - [TEST_STEP][PASSED] - verifyElementText(findTestObject("Object Repository/TD2/Registration and Onboarding/Negative Testing/Page_Smart Employee Time Tracking Software _adb7b6/div_Please enter a valid email address"), "Please enter a valid email address!"): Actual text and expected text of test object 'Object Repository/TD2/Registration and Onboarding/Negative Testing/Page_Smart Employee Time Tracking Software _adb7b6/div_Please enter a valid email address' are matched.

2020-03-23 12:09:39 - [MESSAGE][PASSED] - Actual text and expected text of test object 'Object Repository/TD2/Registration and Onboarding/Negative Testing/Page_Smart Employee Time Tracking Software _adb7b6/div_Please enter a valid email address' are matched.

2020-03-23 12:09:39 - [TEST_STEP][PASSED] - setText(findTestObject("Object Repository/TD2/Registration and Onboarding/Negative Testing/Page_Smart Employee Time Tracking Software _adb7b6/input_Company email_email"), "payal+test@"): Text 'payal+test@' is set on object 'Object Repository/TD2/Registration and Onboarding/Negative Testing/Page_Smart Employee Time Tracking Software _adb7b6/input_Company email_email'

2020-03-23 12:09:40 - [MESSAGE][PASSED] - Text 'payal+test@' is set on object 'Object Repository/TD2/Registration and Onboarding/Negative Testing/Page_Smart Employee Time Tracking Software _adb7b6/input_Company email_email'

2020-03-23 12:09:40 - [TEST_STEP][PASSED] - click(findTestObject("Object Repository/TD2/Registration and Onboarding/Negative Testing/Page_Smart Employee Time Tracking Software _adb7b6/button_Test It Out")): Object: 'Object Repository/TD2/Registration and Onboarding/Negative Testing/Page_Smart Employee Time Tracking Software _adb7b6/button_Test It Out' is clicked on

2020-03-23 12:09:41 - [MESSAGE][PASSED] - Object: 'Object Repository/TD2/Registration and Onboarding/Negative Testing/Page_Smart Employee Time Tracking Software _adb7b6/button_Test It Out' is clicked on

2020-03-23 12:09:41 - [TEST_STEP][FAILED] - verifyElementText(findTestObject("Object Repository/TD2/Registration and Onboarding/Negative Testing/Page_Smart Employee Time Tracking Software _adb7b6/div_Please enter a valid email address"), "Please enter a valid email address!"): Verify element text of test object 'Object Repository/TD2/Registration and Onboarding/Negative Testing/Page_Smart Employee Time Tracking Software _adb7b6/div_Please enter a valid email address' FAILED. (Root cause: com.kms.katalon.core.exception.StepFailedException: Verify element text of test object 'Object Repository/TD2/Registration and Onboarding/Negative Testing/Page_Smart Employee Time Tracking Software _adb7b6/div_Please enter a valid email address' FAILED.
	at com.kms.katalon.core.webui.keyword.internal.WebUIKeywordMain.stepFailed(WebUIKeywordMain.groovy:64)
	at com.kms.katalon.core.webui.keyword.internal.WebUIKeywordMain.runKeyword(WebUIKeywordMain.groovy:26)
	at com.kms.katalon.core.webui.keyword.builtin.VerifyElementTextKeyword.verifyElementText(VerifyElementTextKeyword.groovy:72)
	at com.kms.katalon.core.webui.keyword.builtin.VerifyElementTextKeyword.execute(VerifyElementTextKeyword.groovy:40)
	at com.kms.katalon.core.keyword.internal.KeywordExecutor.executeKeywordForPlatform(KeywordExecutor.groovy:72)
	at com.kms.katalon.core.webui.keyword.WebUiBuiltInKeywords.verifyElementText(WebUiBuiltInKeywords.groovy:3689)
	at com.kms.katalon.core.webui.keyword.WebUiBuiltInKeywords$verifyElementText$8.call(Unknown Source)
	at SignUP - Negative Testing.run(SignUP - Negative Testing:93)
	at com.kms.katalon.core.main.ScriptEngine.run(ScriptEngine.java:194)
	at com.kms.katalon.core.main.ScriptEngine.runScriptAsRawText(ScriptEngine.java:119)
	at com.kms.katalon.core.main.TestCaseExecutor.runScript(TestCaseExecutor.java:337)
	at com.kms.katalon.core.main.TestCaseExecutor.doExecute(TestCaseExecutor.java:328)
	at com.kms.katalon.core.main.TestCaseExecutor.processExecutionPhase(TestCaseExecutor.java:307)
	at com.kms.katalon.core.main.TestCaseExecutor.accessMainPhase(TestCaseExecutor.java:299)
	at com.kms.katalon.core.main.TestCaseExecutor.execute(TestCaseExecutor.java:233)
	at com.kms.katalon.core.main.TestSuiteExecutor.accessTestCaseMainPhase(TestSuiteExecutor.java:169)
	at com.kms.katalon.core.main.TestSuiteExecutor.accessTestSuiteMainPhase(TestSuiteExecutor.java:142)
	at com.kms.katalon.core.main.TestSuiteExecutor.execute(TestSuiteExecutor.java:91)
	at com.kms.katalon.core.main.TestCaseMain.startTestSuite(TestCaseMain.java:157)
	at com.kms.katalon.core.main.TestCaseMain$startTestSuite$0.call(Unknown Source)
	at TempTestSuite1584945313078.run(TempTestSuite1584945313078.groovy:36)
Caused by: com.kms.katalon.core.exception.StepFailedException: com.kms.katalon.core.webui.exception.WebElementNotFoundException: Web element with id: 'Object Repository/TD2/Registration and Onboarding/Negative Testing/Page_Smart Employee Time Tracking Software _adb7b6/div_Please enter a valid email address' located by 'By.xpath: /html/body/div[1]/section[1]/div[2]/div[1]/div[1]/div[3]/div/div/div[1]/form/div[2]/ul/li[3]/div[2]/div[2]' not found
	at com.kms.katalon.core.webui.keyword.internal.WebUIKeywordMain.stepFailed(WebUIKeywordMain.groovy:64)
	at com.kms.katalon.core.webui.keyword.builtin.VerifyElementTextKeyword$_verifyElementText_closure1.doCall(VerifyElementTextKeyword.groovy:64)
	at com.kms.katalon.core.webui.keyword.builtin.VerifyElementTextKeyword$_verifyElementText_closure1.call(VerifyElementTextKeyword.groovy)
	at com.kms.katalon.core.webui.keyword.internal.WebUIKeywordMain.runKeyword(WebUIKeywordMain.groovy:20)
	... 19 more
)

2020-03-23 12:10:23 - [MESSAGE][INFO] - Unable to find the element located by 'By.xpath: /html/body/div[1]/section[1]/div[2]/div[1]/div[1]/div[3]/div/div/div[1]/form/div[2]/ul/li[3]/div[2]/div[2]'. Please recheck the objects properties to make sure the desired element is located. 

2020-03-23 12:10:25 - [MESSAGE][FAILED] - com.kms.katalon.core.webui.exception.WebElementNotFoundException: Web element with id: 'Object Repository/TD2/Registration and Onboarding/Negative Testing/Page_Smart Employee Time Tracking Software _adb7b6/div_Please enter a valid email address' located by 'By.xpath: /html/body/div[1]/section[1]/div[2]/div[1]/div[1]/div[3]/div/div/div[1]/form/div[2]/ul/li[3]/div[2]/div[2]' not found (Root cause: com.kms.katalon.core.exception.StepFailedException: com.kms.katalon.core.webui.exception.WebElementNotFoundException: Web element with id: 'Object Repository/TD2/Registration and Onboarding/Negative Testing/Page_Smart Employee Time Tracking Software _adb7b6/div_Please enter a valid email address' located by 'By.xpath: /html/body/div[1]/section[1]/div[2]/div[1]/div[1]/div[3]/div/div/div[1]/form/div[2]/ul/li[3]/div[2]/div[2]' not found
	at com.kms.katalon.core.webui.keyword.internal.WebUIKeywordMain.stepFailed(WebUIKeywordMain.groovy:64)
	at com.kms.katalon.core.webui.keyword.builtin.VerifyElementTextKeyword$_verifyElementText_closure1.doCall(VerifyElementTextKeyword.groovy:64)
	at com.kms.katalon.core.webui.keyword.builtin.VerifyElementTextKeyword$_verifyElementText_closure1.call(VerifyElementTextKeyword.groovy)
	at com.kms.katalon.core.webui.keyword.internal.WebUIKeywordMain.runKeyword(WebUIKeywordMain.groovy:20)
	at com.kms.katalon.core.webui.keyword.builtin.VerifyElementTextKeyword.verifyElementText(VerifyElementTextKeyword.groovy:72)
	at com.kms.katalon.core.webui.keyword.builtin.VerifyElementTextKeyword.execute(VerifyElementTextKeyword.groovy:40)
	at com.kms.katalon.core.keyword.internal.KeywordExecutor.executeKeywordForPlatform(KeywordExecutor.groovy:72)
	at com.kms.katalon.core.webui.keyword.WebUiBuiltInKeywords.verifyElementText(WebUiBuiltInKeywords.groovy:3689)
	at com.kms.katalon.core.webui.keyword.WebUiBuiltInKeywords$verifyElementText$8.call(Unknown Source)
	at SignUP - Negative Testing.run(SignUP - Negative Testing:93)
	at com.kms.katalon.core.main.ScriptEngine.run(ScriptEngine.java:194)
	at com.kms.katalon.core.main.ScriptEngine.runScriptAsRawText(ScriptEngine.java:119)
	at com.kms.katalon.core.main.TestCaseExecutor.runScript(TestCaseExecutor.java:337)
	at com.kms.katalon.core.main.TestCaseExecutor.doExecute(TestCaseExecutor.java:328)
	at com.kms.katalon.core.main.TestCaseExecutor.processExecutionPhase(TestCaseExecutor.java:307)
	at com.kms.katalon.core.main.TestCaseExecutor.accessMainPhase(TestCaseExecutor.java:299)
	at com.kms.katalon.core.main.TestCaseExecutor.execute(TestCaseExecutor.java:233)
	at com.kms.katalon.core.main.TestSuiteExecutor.accessTestCaseMainPhase(TestSuiteExecutor.java:169)
	at com.kms.katalon.core.main.TestSuiteExecutor.accessTestSuiteMainPhase(TestSuiteExecutor.java:142)
	at com.kms.katalon.core.main.TestSuiteExecutor.execute(TestSuiteExecutor.java:91)
	at com.kms.katalon.core.main.TestCaseMain.startTestSuite(TestCaseMain.java:157)
	at com.kms.katalon.core.main.TestCaseMain$startTestSuite$0.call(Unknown Source)
	at TempTestSuite1584945313078.run(TempTestSuite1584945313078.groovy:36)
)
[[ATTACHMENT|/Users/sandhyajayesh/Downloads/TD2 - Till CC/Reports/20200323_120503/TD2/Registration and Onboarding/Selecting How to Start the Free Account - Visible and Silent/20200323_120503/1584945623410.png]]

2020-03-23 12:10:26 - [MESSAGE][FAILED] - Verify element text of test object 'Object Repository/TD2/Registration and Onboarding/Negative Testing/Page_Smart Employee Time Tracking Software _adb7b6/div_Please enter a valid email address' FAILED. (Root cause: com.kms.katalon.core.exception.StepFailedException: Verify element text of test object 'Object Repository/TD2/Registration and Onboarding/Negative Testing/Page_Smart Employee Time Tracking Software _adb7b6/div_Please enter a valid email address' FAILED.
	at com.kms.katalon.core.webui.keyword.internal.WebUIKeywordMain.stepFailed(WebUIKeywordMain.groovy:64)
	at com.kms.katalon.core.webui.keyword.internal.WebUIKeywordMain.runKeyword(WebUIKeywordMain.groovy:26)
	at com.kms.katalon.core.webui.keyword.builtin.VerifyElementTextKeyword.verifyElementText(VerifyElementTextKeyword.groovy:72)
	at com.kms.katalon.core.webui.keyword.builtin.VerifyElementTextKeyword.execute(VerifyElementTextKeyword.groovy:40)
	at com.kms.katalon.core.keyword.internal.KeywordExecutor.executeKeywordForPlatform(KeywordExecutor.groovy:72)
	at com.kms.katalon.core.webui.keyword.WebUiBuiltInKeywords.verifyElementText(WebUiBuiltInKeywords.groovy:3689)
	at com.kms.katalon.core.webui.keyword.WebUiBuiltInKeywords$verifyElementText$8.call(Unknown Source)
	at SignUP - Negative Testing.run(SignUP - Negative Testing:93)
	at com.kms.katalon.core.main.ScriptEngine.run(ScriptEngine.java:194)
	at com.kms.katalon.core.main.ScriptEngine.runScriptAsRawText(ScriptEngine.java:119)
	at com.kms.katalon.core.main.TestCaseExecutor.runScript(TestCaseExecutor.java:337)
	at com.kms.katalon.core.main.TestCaseExecutor.doExecute(TestCaseExecutor.java:328)
	at com.kms.katalon.core.main.TestCaseExecutor.processExecutionPhase(TestCaseExecutor.java:307)
	at com.kms.katalon.core.main.TestCaseExecutor.accessMainPhase(TestCaseExecutor.java:299)
	at com.kms.katalon.core.main.TestCaseExecutor.execute(TestCaseExecutor.java:233)
	at com.kms.katalon.core.main.TestSuiteExecutor.accessTestCaseMainPhase(TestSuiteExecutor.java:169)
	at com.kms.katalon.core.main.TestSuiteExecutor.accessTestSuiteMainPhase(TestSuiteExecutor.java:142)
	at com.kms.katalon.core.main.TestSuiteExecutor.execute(TestSuiteExecutor.java:91)
	at com.kms.katalon.core.main.TestCaseMain.startTestSuite(TestCaseMain.java:157)
	at com.kms.katalon.core.main.TestCaseMain$startTestSuite$0.call(Unknown Source)
	at TempTestSuite1584945313078.run(TempTestSuite1584945313078.groovy:36)
Caused by: com.kms.katalon.core.exception.StepFailedException: com.kms.katalon.core.webui.exception.WebElementNotFoundException: Web element with id: 'Object Repository/TD2/Registration and Onboarding/Negative Testing/Page_Smart Employee Time Tracking Software _adb7b6/div_Please enter a valid email address' located by 'By.xpath: /html/body/div[1]/section[1]/div[2]/div[1]/div[1]/div[3]/div/div/div[1]/form/div[2]/ul/li[3]/div[2]/div[2]' not found
	at com.kms.katalon.core.webui.keyword.internal.WebUIKeywordMain.stepFailed(WebUIKeywordMain.groovy:64)
	at com.kms.katalon.core.webui.keyword.builtin.VerifyElementTextKeyword$_verifyElementText_closure1.doCall(VerifyElementTextKeyword.groovy:64)
	at com.kms.katalon.core.webui.keyword.builtin.VerifyElementTextKeyword$_verifyElementText_closure1.call(VerifyElementTextKeyword.groovy)
	at com.kms.katalon.core.webui.keyword.internal.WebUIKeywordMain.runKeyword(WebUIKeywordMain.groovy:20)
	... 19 more
)
[[ATTACHMENT|/Users/sandhyajayesh/Downloads/TD2 - Till CC/Reports/20200323_120503/TD2/Registration and Onboarding/Selecting How to Start the Free Account - Visible and Silent/20200323_120503/1584945625690.png]]]]></system-out>
         <system-err><![CDATA[2020-03-23 12:08:42 - [TEST_CASE][FAILED] - Test Cases/TD2/Signup and OnBoarding/Registration With Different Options for Questions Asked/SignUP - Negative Testing: Test Cases/TD2/Signup and OnBoarding/Registration With Different Options for Questions Asked/SignUP - Negative Testing FAILED.
Reason:
com.kms.katalon.core.exception.StepFailedException: Verify element text of test object 'Object Repository/TD2/Registration and Onboarding/Negative Testing/Page_Smart Employee Time Tracking Software _adb7b6/div_Please enter a valid email address' FAILED.
	at com.kms.katalon.core.webui.keyword.internal.WebUIKeywordMain.stepFailed(WebUIKeywordMain.groovy:64)
	at com.kms.katalon.core.webui.keyword.internal.WebUIKeywordMain.runKeyword(WebUIKeywordMain.groovy:26)
	at com.kms.katalon.core.webui.keyword.builtin.VerifyElementTextKeyword.verifyElementText(VerifyElementTextKeyword.groovy:72)
	at com.kms.katalon.core.webui.keyword.builtin.VerifyElementTextKeyword.execute(VerifyElementTextKeyword.groovy:40)
	at com.kms.katalon.core.keyword.internal.KeywordExecutor.executeKeywordForPlatform(KeywordExecutor.groovy:72)
	at com.kms.katalon.core.webui.keyword.WebUiBuiltInKeywords.verifyElementText(WebUiBuiltInKeywords.groovy:3689)
	at com.kms.katalon.core.webui.keyword.WebUiBuiltInKeywords$verifyElementText$8.call(Unknown Source)
	at SignUP - Negative Testing.run(SignUP - Negative Testing:93)
	at com.kms.katalon.core.main.ScriptEngine.run(ScriptEngine.java:194)
	at com.kms.katalon.core.main.ScriptEngine.runScriptAsRawText(ScriptEngine.java:119)
	at com.kms.katalon.core.main.TestCaseExecutor.runScript(TestCaseExecutor.java:337)
	at com.kms.katalon.core.main.TestCaseExecutor.doExecute(TestCaseExecutor.java:328)
	at com.kms.katalon.core.main.TestCaseExecutor.processExecutionPhase(TestCaseExecutor.java:307)
	at com.kms.katalon.core.main.TestCaseExecutor.accessMainPhase(TestCaseExecutor.java:299)
	at com.kms.katalon.core.main.TestCaseExecutor.execute(TestCaseExecutor.java:233)
	at com.kms.katalon.core.main.TestSuiteExecutor.accessTestCaseMainPhase(TestSuiteExecutor.java:169)
	at com.kms.katalon.core.main.TestSuiteExecutor.accessTestSuiteMainPhase(TestSuiteExecutor.java:142)
	at com.kms.katalon.core.main.TestSuiteExecutor.execute(TestSuiteExecutor.java:91)
	at com.kms.katalon.core.main.TestCaseMain.startTestSuite(TestCaseMain.java:157)
	at com.kms.katalon.core.main.TestCaseMain$startTestSuite$0.call(Unknown Source)
	at TempTestSuite1584945313078.run(TempTestSuite1584945313078.groovy:36)
Caused by: com.kms.katalon.core.exception.StepFailedException: com.kms.katalon.core.webui.exception.WebElementNotFoundException: Web element with id: 'Object Repository/TD2/Registration and Onboarding/Negative Testing/Page_Smart Employee Time Tracking Software _adb7b6/div_Please enter a valid email address' located by 'By.xpath: /html/body/div[1]/section[1]/div[2]/div[1]/div[1]/div[3]/div/div/div[1]/form/div[2]/ul/li[3]/div[2]/div[2]' not found
	at com.kms.katalon.core.webui.keyword.internal.WebUIKeywordMain.stepFailed(WebUIKeywordMain.groovy:64)
	at com.kms.katalon.core.webui.keyword.builtin.VerifyElementTextKeyword$_verifyElementText_closure1.doCall(VerifyElementTextKeyword.groovy:64)
	at com.kms.katalon.core.webui.keyword.builtin.VerifyElementTextKeyword$_verifyElementText_closure1.call(VerifyElementTextKeyword.groovy)
	at com.kms.katalon.core.webui.keyword.internal.WebUIKeywordMain.runKeyword(WebUIKeywordMain.groovy:20)
	... 19 more]]></system-err>
      </testcase>
      <testcase name="Test Cases/TD2/Signup and OnBoarding/Direct Signup/Direct Signup Page" time="40.5" classname="Test Cases/TD2/Signup and OnBoarding/Direct Signup/Direct Signup Page" status="PASSED">
         <system-out><![CDATA[2020-03-23 12:10:27 - [TEST_CASE][PASSED] - Test Cases/TD2/Signup and OnBoarding/Direct Signup/Direct Signup Page: Test Cases/TD2/Signup and OnBoarding/Direct Signup/Direct Signup Page

2020-03-23 12:10:27 - [TEST_STEP][PASSED] - openBrowser(""): Browser is opened with url: ''

2020-03-23 12:10:27 - [MESSAGE][WARNING] - A browser is already opened. Closing browser and opening a new one

2020-03-23 12:10:27 - [MESSAGE][INFO] - Starting 'Chrome' driver

2020-03-23 12:10:30 - [MESSAGE][PASSED] - Browser is opened with url: ''

2020-03-23 12:10:30 - [TEST_STEP][PASSED] - maximizeWindow(): Current window maximized

2020-03-23 12:10:30 - [MESSAGE][PASSED] - Current window maximized

2020-03-23 12:10:30 - [TEST_STEP][PASSED] - navigateToUrl("https://2a.timedoctor.com/#/signup"): Navigate to 'https://2a.timedoctor.com/#/signup' successfully

2020-03-23 12:10:35 - [MESSAGE][PASSED] - Navigate to 'https://2a.timedoctor.com/#/signup' successfully

2020-03-23 12:10:35 - [TEST_STEP][NOT_RUN] - click(findTestObject("TD2/Registration and Onboarding/Page_Registration/Register Button"), STOP_ON_FAILURE): NOT_RUN: click(findTestObject("TD2/Registration and Onboarding/Page_Registration/Register Button"), STOP_ON_FAILURE)

2020-03-23 12:10:35 - [MESSAGE][NOT_RUN] - NOT_RUN: click(findTestObject("TD2/Registration and Onboarding/Page_Registration/Register Button"), STOP_ON_FAILURE)

2020-03-23 12:10:35 - [TEST_STEP][PASSED] - setText(findTestObject("TD2/Registration and Onboarding/Registration/Page_Register/InputName"), "Sandy"): Text 'Sandy' is set on object 'Object Repository/TD2/Registration and Onboarding/Registration/Page_Register/InputName'

2020-03-23 12:10:39 - [MESSAGE][PASSED] - Text 'Sandy' is set on object 'Object Repository/TD2/Registration and Onboarding/Registration/Page_Register/InputName'

2020-03-23 12:10:39 - [TEST_STEP][PASSED] - emailAddress = "Sandy+" + getDateTime() + "@timedoctor.com": null

2020-03-23 12:10:39 - [TEST_STEP][PASSED] - nowDateTime = new java.text.SimpleDateFormat(yyMMddHHmmss): null

2020-03-23 12:10:39 - [TEST_STEP][PASSED] - now = new java.util.Date(): null

2020-03-23 12:10:39 - [TEST_STEP][PASSED] - strDate = nowDateTime.format(now): null

2020-03-23 12:10:39 - [TEST_STEP][PASSED] - return strDate: null

2020-03-23 12:10:39 - [TEST_STEP][PASSED] - waitForElementVisible(findTestObject("TD2/Registration and Onboarding/Registration/Page_Register/InputEmailAddress"), 15): Object 'Object Repository/TD2/Registration and Onboarding/Registration/Page_Register/InputEmailAddress' is visible

2020-03-23 12:10:40 - [MESSAGE][PASSED] - Object 'Object Repository/TD2/Registration and Onboarding/Registration/Page_Register/InputEmailAddress' is visible

2020-03-23 12:10:40 - [TEST_STEP][PASSED] - setText(findTestObject("TD2/Registration and Onboarding/Registration/Page_Register/InputEmailAddress"), emailAddress): Text 'Sandy+200323121039@timedoctor.com' is set on object 'Object Repository/TD2/Registration and Onboarding/Registration/Page_Register/InputEmailAddress'

2020-03-23 12:10:41 - [MESSAGE][PASSED] - Text 'Sandy+200323121039@timedoctor.com' is set on object 'Object Repository/TD2/Registration and Onboarding/Registration/Page_Register/InputEmailAddress'

2020-03-23 12:10:41 - [TEST_STEP][PASSED] - setEncryptedText(findTestObject("TD2/Registration and Onboarding/Registration/Page_Register/InputPassword"), "Px/nOzMEHWxU8lgHigNsmA=="): Text ****** has been set on object 'Object Repository/TD2/Registration and Onboarding/Registration/Page_Register/InputPassword'

2020-03-23 12:10:42 - [MESSAGE][PASSED] - Text ****** has been set on object 'Object Repository/TD2/Registration and Onboarding/Registration/Page_Register/InputPassword'

2020-03-23 12:10:42 - [TEST_STEP][PASSED] - click(findTestObject("TD2/Registration and Onboarding/Registration/Page_Register/ButtonSignup")): Object: 'Object Repository/TD2/Registration and Onboarding/Registration/Page_Register/ButtonSignup' is clicked on

2020-03-23 12:10:43 - [MESSAGE][PASSED] - Object: 'Object Repository/TD2/Registration and Onboarding/Registration/Page_Register/ButtonSignup' is clicked on

2020-03-23 12:10:43 - [TEST_STEP][PASSED] - delay(10): Delayed 10 second(s)

2020-03-23 12:10:53 - [MESSAGE][PASSED] - Delayed 10 second(s)

2020-03-23 12:10:53 - [TEST_STEP][PASSED] - setText(findTestObject("TD2/Registration and Onboarding/Registration/Page_Create New Workspace/InputName"), "QA"): Text 'QA' is set on object 'Object Repository/TD2/Registration and Onboarding/Registration/Page_Create New Workspace/InputName'

2020-03-23 12:10:54 - [MESSAGE][PASSED] - Text 'QA' is set on object 'Object Repository/TD2/Registration and Onboarding/Registration/Page_Create New Workspace/InputName'

2020-03-23 12:10:54 - [TEST_STEP][PASSED] - click(findTestObject("TD2/Registration and Onboarding/Registration/Page_Create New Workspace/ToggleBlurScreenshot")): Object: 'Object Repository/TD2/Registration and Onboarding/Registration/Page_Create New Workspace/ToggleBlurScreenshot' is clicked on

2020-03-23 12:10:54 - [MESSAGE][PASSED] - Object: 'Object Repository/TD2/Registration and Onboarding/Registration/Page_Create New Workspace/ToggleBlurScreenshot' is clicked on

2020-03-23 12:10:54 - [TEST_STEP][PASSED] - click(findTestObject("TD2/Registration and Onboarding/Registration/Page_Create New Workspace/RemoveQueryParmeter")): Object: 'Object Repository/TD2/Registration and Onboarding/Registration/Page_Create New Workspace/RemoveQueryParmeter' is clicked on

2020-03-23 12:10:55 - [MESSAGE][PASSED] - Object: 'Object Repository/TD2/Registration and Onboarding/Registration/Page_Create New Workspace/RemoveQueryParmeter' is clicked on

2020-03-23 12:10:55 - [TEST_STEP][PASSED] - verifyElementText(findTestObject("TD2/Registration and Onboarding/Registration/Page_Create New Workspace/TextAreyouSure"), "Are you sure?"): Actual text and expected text of test object 'Object Repository/TD2/Registration and Onboarding/Registration/Page_Create New Workspace/TextAreyouSure' are matched.

2020-03-23 12:10:55 - [MESSAGE][PASSED] - Actual text and expected text of test object 'Object Repository/TD2/Registration and Onboarding/Registration/Page_Create New Workspace/TextAreyouSure' are matched.

2020-03-23 12:10:55 - [TEST_STEP][PASSED] - verifyElementText(findTestObject("TD2/Registration and Onboarding/Registration/Page_Create New Workspace/TextRemovingQueryParameters"), "Removing query parameters will affect past data. This action cannot be undone."): Actual text and expected text of test object 'Object Repository/TD2/Registration and Onboarding/Registration/Page_Create New Workspace/TextRemovingQueryParameters' are matched.

2020-03-23 12:10:56 - [MESSAGE][PASSED] - Actual text and expected text of test object 'Object Repository/TD2/Registration and Onboarding/Registration/Page_Create New Workspace/TextRemovingQueryParameters' are matched.

2020-03-23 12:10:56 - [TEST_STEP][PASSED] - click(findTestObject("TD2/Registration and Onboarding/Registration/Page_Create New Workspace/ButtonContinue")): Object: 'Object Repository/TD2/Registration and Onboarding/Registration/Page_Create New Workspace/ButtonContinue' is clicked on

2020-03-23 12:10:57 - [MESSAGE][PASSED] - Object: 'Object Repository/TD2/Registration and Onboarding/Registration/Page_Create New Workspace/ButtonContinue' is clicked on

2020-03-23 12:10:57 - [TEST_STEP][PASSED] - click(findTestObject("TD2/Registration and Onboarding/Registration/Page_Create New Workspace/RemoveQueryParmeter")): Object: 'Object Repository/TD2/Registration and Onboarding/Registration/Page_Create New Workspace/RemoveQueryParmeter' is clicked on

2020-03-23 12:10:57 - [MESSAGE][PASSED] - Object: 'Object Repository/TD2/Registration and Onboarding/Registration/Page_Create New Workspace/RemoveQueryParmeter' is clicked on

2020-03-23 12:10:57 - [TEST_STEP][PASSED] - click(findTestObject("TD2/Registration and Onboarding/Registration/Page_Create New Workspace/RemoveQueryParmeter")): Object: 'Object Repository/TD2/Registration and Onboarding/Registration/Page_Create New Workspace/RemoveQueryParmeter' is clicked on

2020-03-23 12:10:58 - [MESSAGE][PASSED] - Object: 'Object Repository/TD2/Registration and Onboarding/Registration/Page_Create New Workspace/RemoveQueryParmeter' is clicked on

2020-03-23 12:10:58 - [TEST_STEP][PASSED] - click(findTestObject("TD2/Registration and Onboarding/Registration/Page_Create New Workspace/ButtonCancel")): Object: 'Object Repository/TD2/Registration and Onboarding/Registration/Page_Create New Workspace/ButtonCancel' is clicked on

2020-03-23 12:10:59 - [MESSAGE][PASSED] - Object: 'Object Repository/TD2/Registration and Onboarding/Registration/Page_Create New Workspace/ButtonCancel' is clicked on

2020-03-23 12:10:59 - [TEST_STEP][PASSED] - click(findTestObject("TD2/Registration and Onboarding/Registration/Page_Create New Workspace/button_Create")): Object: 'Object Repository/TD2/Registration and Onboarding/Registration/Page_Create New Workspace/button_Create' is clicked on

2020-03-23 12:11:00 - [MESSAGE][PASSED] - Object: 'Object Repository/TD2/Registration and Onboarding/Registration/Page_Create New Workspace/button_Create' is clicked on

2020-03-23 12:11:00 - [TEST_STEP][PASSED] - delay(5): Delayed 5 second(s)

2020-03-23 12:11:05 - [MESSAGE][PASSED] - Delayed 5 second(s)

2020-03-23 12:11:05 - [TEST_STEP][PASSED] - click(findTestObject("TD2/Registration and Onboarding/Registration/Page_QA - Team Dashboard/button_No I like paying full price")): Object: 'Object Repository/TD2/Registration and Onboarding/Registration/Page_QA - Team Dashboard/button_No I like paying full price' is clicked on

2020-03-23 12:11:06 - [MESSAGE][PASSED] - Object: 'Object Repository/TD2/Registration and Onboarding/Registration/Page_QA - Team Dashboard/button_No I like paying full price' is clicked on

2020-03-23 12:11:07 - [TEST_STEP][NOT_RUN] - click(findTestObject("TD2/Registration and Onboarding/Registration/Page_QA - Team Dashboard/md-radio-button_Visible - Employees can sta_7ab782")): NOT_RUN: click(findTestObject("TD2/Registration and Onboarding/Registration/Page_QA - Team Dashboard/md-radio-button_Visible - Employees can sta_7ab782"))

2020-03-23 12:11:07 - [MESSAGE][NOT_RUN] - NOT_RUN: click(findTestObject("TD2/Registration and Onboarding/Registration/Page_QA - Team Dashboard/md-radio-button_Visible - Employees can sta_7ab782"))

2020-03-23 12:11:07 - [TEST_STEP][NOT_RUN] - click(findTestObject("TD2/Registration and Onboarding/Page_Onboarding/span_Next")): NOT_RUN: click(findTestObject("TD2/Registration and Onboarding/Page_Onboarding/span_Next"))

2020-03-23 12:11:07 - [MESSAGE][NOT_RUN] - NOT_RUN: click(findTestObject("TD2/Registration and Onboarding/Page_Onboarding/span_Next"))

2020-03-23 12:11:07 - [TEST_STEP][NOT_RUN] - click(findTestObject("TD2/Registration and Onboarding/Registration/Page_QA - Team Dashboard/ScreenshotFeature")): NOT_RUN: click(findTestObject("TD2/Registration and Onboarding/Registration/Page_QA - Team Dashboard/ScreenshotFeature"))

2020-03-23 12:11:07 - [MESSAGE][NOT_RUN] - NOT_RUN: click(findTestObject("TD2/Registration and Onboarding/Registration/Page_QA - Team Dashboard/ScreenshotFeature"))

2020-03-23 12:11:07 - [TEST_STEP][NOT_RUN] - click(findTestObject("TD2/Registration and Onboarding/Registration/Page_QA - Team Dashboard/TaskFeature")): NOT_RUN: click(findTestObject("TD2/Registration and Onboarding/Registration/Page_QA - Team Dashboard/TaskFeature"))

2020-03-23 12:11:07 - [MESSAGE][NOT_RUN] - NOT_RUN: click(findTestObject("TD2/Registration and Onboarding/Registration/Page_QA - Team Dashboard/TaskFeature"))

2020-03-23 12:11:07 - [TEST_STEP][NOT_RUN] - click(findTestObject("TD2/Registration and Onboarding/Registration/Page_QA - Team Dashboard/Payroll Feature")): NOT_RUN: click(findTestObject("TD2/Registration and Onboarding/Registration/Page_QA - Team Dashboard/Payroll Feature"))

2020-03-23 12:11:07 - [MESSAGE][NOT_RUN] - NOT_RUN: click(findTestObject("TD2/Registration and Onboarding/Registration/Page_QA - Team Dashboard/Payroll Feature"))

2020-03-23 12:11:07 - [TEST_STEP][NOT_RUN] - setText(findTestObject("TD2/Registration and Onboarding/Registration/Page_QA - Team Dashboard/LargeCompanySetUpPhone"), "h"): NOT_RUN: setText(findTestObject("TD2/Registration and Onboarding/Registration/Page_QA - Team Dashboard/LargeCompanySetUpPhone"), "h")

2020-03-23 12:11:07 - [MESSAGE][NOT_RUN] - NOT_RUN: setText(findTestObject("TD2/Registration and Onboarding/Registration/Page_QA - Team Dashboard/LargeCompanySetUpPhone"), "h")

2020-03-23 12:11:07 - [TEST_STEP][NOT_RUN] - click(findTestObject("TD2/Registration and Onboarding/Registration/Page_QA - Team Dashboard/button_Next")): NOT_RUN: click(findTestObject("TD2/Registration and Onboarding/Registration/Page_QA - Team Dashboard/button_Next"))

2020-03-23 12:11:07 - [MESSAGE][NOT_RUN] - NOT_RUN: click(findTestObject("TD2/Registration and Onboarding/Registration/Page_QA - Team Dashboard/button_Next"))

2020-03-23 12:11:07 - [TEST_STEP][NOT_RUN] - click(findTestObject("TD2/Registration and Onboarding/Registration/Page_QA - Team Dashboard/md-radio-button_Yes - Let employees track t_281fed")): NOT_RUN: click(findTestObject("TD2/Registration and Onboarding/Registration/Page_QA - Team Dashboard/md-radio-button_Yes - Let employees track t_281fed"))

2020-03-23 12:11:07 - [MESSAGE][NOT_RUN] - NOT_RUN: click(findTestObject("TD2/Registration and Onboarding/Registration/Page_QA - Team Dashboard/md-radio-button_Yes - Let employees track t_281fed"))

2020-03-23 12:11:07 - [TEST_STEP][NOT_RUN] - verifyElementText(findTestObject("TD2/Registration and Onboarding/Registration/Page_QA - Team Dashboard/h1_Set up your Account"), "Set up your Account"): NOT_RUN: verifyElementText(findTestObject("TD2/Registration and Onboarding/Registration/Page_QA - Team Dashboard/h1_Set up your Account"), "Set up your Account")

2020-03-23 12:11:07 - [MESSAGE][NOT_RUN] - NOT_RUN: verifyElementText(findTestObject("TD2/Registration and Onboarding/Registration/Page_QA - Team Dashboard/h1_Set up your Account"), "Set up your Account")

2020-03-23 12:11:07 - [TEST_STEP][NOT_RUN] - click(findTestObject("TD2/Registration and Onboarding/Registration/Page_QA - Team Dashboard/button_Next_1")): NOT_RUN: click(findTestObject("TD2/Registration and Onboarding/Registration/Page_QA - Team Dashboard/button_Next_1"))

2020-03-23 12:11:07 - [MESSAGE][NOT_RUN] - NOT_RUN: click(findTestObject("TD2/Registration and Onboarding/Registration/Page_QA - Team Dashboard/button_Next_1"))

2020-03-23 12:11:07 - [TEST_STEP][NOT_RUN] - click(findTestObject("TD2/Registration and Onboarding/Registration/Page_QA - Team Dashboard/2Invites")): NOT_RUN: click(findTestObject("TD2/Registration and Onboarding/Registration/Page_QA - Team Dashboard/2Invites"))

2020-03-23 12:11:07 - [MESSAGE][NOT_RUN] - NOT_RUN: click(findTestObject("TD2/Registration and Onboarding/Registration/Page_QA - Team Dashboard/2Invites"))

2020-03-23 12:11:07 - [TEST_STEP][NOT_RUN] - click(findTestObject("TD2/Registration and Onboarding/Registration/Page_QA - Team Dashboard/button_Submit")): NOT_RUN: click(findTestObject("TD2/Registration and Onboarding/Registration/Page_QA - Team Dashboard/button_Submit"))

2020-03-23 12:11:07 - [MESSAGE][NOT_RUN] - NOT_RUN: click(findTestObject("TD2/Registration and Onboarding/Registration/Page_QA - Team Dashboard/button_Submit"))

2020-03-23 12:11:07 - [TEST_STEP][NOT_RUN] - sendKeys(findTestObject("TD2/Registration and Onboarding/Registration/Page_QA - Team Dashboard/Email1"), "payal+invite1@timedoctor.com"): NOT_RUN: sendKeys(findTestObject("TD2/Registration and Onboarding/Registration/Page_QA - Team Dashboard/Email1"), "payal+invite1@timedoctor.com")

2020-03-23 12:11:07 - [MESSAGE][NOT_RUN] - NOT_RUN: sendKeys(findTestObject("TD2/Registration and Onboarding/Registration/Page_QA - Team Dashboard/Email1"), "payal+invite1@timedoctor.com")

2020-03-23 12:11:07 - [TEST_STEP][NOT_RUN] - sendKeys(findTestObject("TD2/Registration and Onboarding/Registration/Page_QA - Team Dashboard/Email2"), "payal+invite2@timedoctor.com"): NOT_RUN: sendKeys(findTestObject("TD2/Registration and Onboarding/Registration/Page_QA - Team Dashboard/Email2"), "payal+invite2@timedoctor.com")

2020-03-23 12:11:07 - [MESSAGE][NOT_RUN] - NOT_RUN: sendKeys(findTestObject("TD2/Registration and Onboarding/Registration/Page_QA - Team Dashboard/Email2"), "payal+invite2@timedoctor.com")

2020-03-23 12:11:07 - [TEST_STEP][NOT_RUN] - click(findTestObject("TD2/Registration and Onboarding/Registration/Page_QA - Team Dashboard/button_Invite to 14-day Free Trial")): NOT_RUN: click(findTestObject("TD2/Registration and Onboarding/Registration/Page_QA - Team Dashboard/button_Invite to 14-day Free Trial"))

2020-03-23 12:11:07 - [MESSAGE][NOT_RUN] - NOT_RUN: click(findTestObject("TD2/Registration and Onboarding/Registration/Page_QA - Team Dashboard/button_Invite to 14-day Free Trial"))

2020-03-23 12:11:07 - [TEST_STEP][NOT_RUN] - click(findTestObject("TD2/Registration and Onboarding/Page_Onboarding/ButtonUserMenu")): NOT_RUN: click(findTestObject("TD2/Registration and Onboarding/Page_Onboarding/ButtonUserMenu"))

2020-03-23 12:11:07 - [MESSAGE][NOT_RUN] - NOT_RUN: click(findTestObject("TD2/Registration and Onboarding/Page_Onboarding/ButtonUserMenu"))

2020-03-23 12:11:07 - [TEST_STEP][NOT_RUN] - click(findTestObject("TD2/Registration and Onboarding/Page_Onboarding/ButtonLogout")): NOT_RUN: click(findTestObject("TD2/Registration and Onboarding/Page_Onboarding/ButtonLogout"))

2020-03-23 12:11:07 - [MESSAGE][NOT_RUN] - NOT_RUN: click(findTestObject("TD2/Registration and Onboarding/Page_Onboarding/ButtonLogout"))

2020-03-23 12:11:07 - [TEST_STEP][PASSED] - closeBrowser(): Browser is closed

2020-03-23 12:11:07 - [MESSAGE][PASSED] - Browser is closed]]></system-out>
         <system-err><![CDATA[]]></system-err>
      </testcase>
      <system-out><![CDATA[2020-03-23 12:05:18 - [TEST_SUITE][FAILED] - Selecting How to Start the Free Account - Visible and Silent: Test Cases/TD2/Signup and OnBoarding/Registration With Different Options for Questions Asked/SignUP - Negative Testing FAILED.
Reason:
com.kms.katalon.core.exception.StepFailedException: Verify element text of test object 'Object Repository/TD2/Registration and Onboarding/Negative Testing/Page_Smart Employee Time Tracking Software _adb7b6/div_Please enter a valid email address' FAILED.
	at com.kms.katalon.core.webui.keyword.internal.WebUIKeywordMain.stepFailed(WebUIKeywordMain.groovy:64)
	at com.kms.katalon.core.webui.keyword.internal.WebUIKeywordMain.runKeyword(WebUIKeywordMain.groovy:26)
	at com.kms.katalon.core.webui.keyword.builtin.VerifyElementTextKeyword.verifyElementText(VerifyElementTextKeyword.groovy:72)
	at com.kms.katalon.core.webui.keyword.builtin.VerifyElementTextKeyword.execute(VerifyElementTextKeyword.groovy:40)
	at com.kms.katalon.core.keyword.internal.KeywordExecutor.executeKeywordForPlatform(KeywordExecutor.groovy:72)
	at com.kms.katalon.core.webui.keyword.WebUiBuiltInKeywords.verifyElementText(WebUiBuiltInKeywords.groovy:3689)
	at com.kms.katalon.core.webui.keyword.WebUiBuiltInKeywords$verifyElementText$8.call(Unknown Source)
	at SignUP - Negative Testing.run(SignUP - Negative Testing:93)
	at com.kms.katalon.core.main.ScriptEngine.run(ScriptEngine.java:194)
	at com.kms.katalon.core.main.ScriptEngine.runScriptAsRawText(ScriptEngine.java:119)
	at com.kms.katalon.core.main.TestCaseExecutor.runScript(TestCaseExecutor.java:337)
	at com.kms.katalon.core.main.TestCaseExecutor.doExecute(TestCaseExecutor.java:328)
	at com.kms.katalon.core.main.TestCaseExecutor.processExecutionPhase(TestCaseExecutor.java:307)
	at com.kms.katalon.core.main.TestCaseExecutor.accessMainPhase(TestCaseExecutor.java:299)
	at com.kms.katalon.core.main.TestCaseExecutor.execute(TestCaseExecutor.java:233)
	at com.kms.katalon.core.main.TestSuiteExecutor.accessTestCaseMainPhase(TestSuiteExecutor.java:169)
	at com.kms.katalon.core.main.TestSuiteExecutor.accessTestSuiteMainPhase(TestSuiteExecutor.java:142)
	at com.kms.katalon.core.main.TestSuiteExecutor.execute(TestSuiteExecutor.java:91)
	at com.kms.katalon.core.main.TestCaseMain.startTestSuite(TestCaseMain.java:157)
	at com.kms.katalon.core.main.TestCaseMain$startTestSuite$0.call(Unknown Source)
	at TempTestSuite1584945313078.run(TempTestSuite1584945313078.groovy:36)
Caused by: com.kms.katalon.core.exception.StepFailedException: com.kms.katalon.core.webui.exception.WebElementNotFoundException: Web element with id: 'Object Repository/TD2/Registration and Onboarding/Negative Testing/Page_Smart Employee Time Tracking Software _adb7b6/div_Please enter a valid email address' located by 'By.xpath: /html/body/div[1]/section[1]/div[2]/div[1]/div[1]/div[3]/div/div/div[1]/form/div[2]/ul/li[3]/div[2]/div[2]' not found
	at com.kms.katalon.core.webui.keyword.internal.WebUIKeywordMain.stepFailed(WebUIKeywordMain.groovy:64)
	at com.kms.katalon.core.webui.keyword.builtin.VerifyElementTextKeyword$_verifyElementText_closure1.doCall(VerifyElementTextKeyword.groovy:64)
	at com.kms.katalon.core.webui.keyword.builtin.VerifyElementTextKeyword$_verifyElementText_closure1.call(VerifyElementTextKeyword.groovy)
	at com.kms.katalon.core.webui.keyword.internal.WebUIKeywordMain.runKeyword(WebUIKeywordMain.groovy:20)
	... 19 more]]></system-out>
      <system-err><![CDATA[2020-03-23 12:05:18 - [TEST_SUITE][FAILED] - Selecting How to Start the Free Account - Visible and Silent: Test Cases/TD2/Signup and OnBoarding/Registration With Different Options for Questions Asked/SignUP - Negative Testing FAILED.
Reason:
com.kms.katalon.core.exception.StepFailedException: Verify element text of test object 'Object Repository/TD2/Registration and Onboarding/Negative Testing/Page_Smart Employee Time Tracking Software _adb7b6/div_Please enter a valid email address' FAILED.
	at com.kms.katalon.core.webui.keyword.internal.WebUIKeywordMain.stepFailed(WebUIKeywordMain.groovy:64)
	at com.kms.katalon.core.webui.keyword.internal.WebUIKeywordMain.runKeyword(WebUIKeywordMain.groovy:26)
	at com.kms.katalon.core.webui.keyword.builtin.VerifyElementTextKeyword.verifyElementText(VerifyElementTextKeyword.groovy:72)
	at com.kms.katalon.core.webui.keyword.builtin.VerifyElementTextKeyword.execute(VerifyElementTextKeyword.groovy:40)
	at com.kms.katalon.core.keyword.internal.KeywordExecutor.executeKeywordForPlatform(KeywordExecutor.groovy:72)
	at com.kms.katalon.core.webui.keyword.WebUiBuiltInKeywords.verifyElementText(WebUiBuiltInKeywords.groovy:3689)
	at com.kms.katalon.core.webui.keyword.WebUiBuiltInKeywords$verifyElementText$8.call(Unknown Source)
	at SignUP - Negative Testing.run(SignUP - Negative Testing:93)
	at com.kms.katalon.core.main.ScriptEngine.run(ScriptEngine.java:194)
	at com.kms.katalon.core.main.ScriptEngine.runScriptAsRawText(ScriptEngine.java:119)
	at com.kms.katalon.core.main.TestCaseExecutor.runScript(TestCaseExecutor.java:337)
	at com.kms.katalon.core.main.TestCaseExecutor.doExecute(TestCaseExecutor.java:328)
	at com.kms.katalon.core.main.TestCaseExecutor.processExecutionPhase(TestCaseExecutor.java:307)
	at com.kms.katalon.core.main.TestCaseExecutor.accessMainPhase(TestCaseExecutor.java:299)
	at com.kms.katalon.core.main.TestCaseExecutor.execute(TestCaseExecutor.java:233)
	at com.kms.katalon.core.main.TestSuiteExecutor.accessTestCaseMainPhase(TestSuiteExecutor.java:169)
	at com.kms.katalon.core.main.TestSuiteExecutor.accessTestSuiteMainPhase(TestSuiteExecutor.java:142)
	at com.kms.katalon.core.main.TestSuiteExecutor.execute(TestSuiteExecutor.java:91)
	at com.kms.katalon.core.main.TestCaseMain.startTestSuite(TestCaseMain.java:157)
	at com.kms.katalon.core.main.TestCaseMain$startTestSuite$0.call(Unknown Source)
	at TempTestSuite1584945313078.run(TempTestSuite1584945313078.groovy:36)
Caused by: com.kms.katalon.core.exception.StepFailedException: com.kms.katalon.core.webui.exception.WebElementNotFoundException: Web element with id: 'Object Repository/TD2/Registration and Onboarding/Negative Testing/Page_Smart Employee Time Tracking Software _adb7b6/div_Please enter a valid email address' located by 'By.xpath: /html/body/div[1]/section[1]/div[2]/div[1]/div[1]/div[3]/div/div/div[1]/form/div[2]/ul/li[3]/div[2]/div[2]' not found
	at com.kms.katalon.core.webui.keyword.internal.WebUIKeywordMain.stepFailed(WebUIKeywordMain.groovy:64)
	at com.kms.katalon.core.webui.keyword.builtin.VerifyElementTextKeyword$_verifyElementText_closure1.doCall(VerifyElementTextKeyword.groovy:64)
	at com.kms.katalon.core.webui.keyword.builtin.VerifyElementTextKeyword$_verifyElementText_closure1.call(VerifyElementTextKeyword.groovy)
	at com.kms.katalon.core.webui.keyword.internal.WebUIKeywordMain.runKeyword(WebUIKeywordMain.groovy:20)
	... 19 more]]></system-err>
   </testsuite>
</testsuites>
